[Tue Sep 23 13:18:50 2025] [FATAL] 苌俱，走入宫
[Tue Sep 23 13:18:50 2025] [FATAL] 宫人迎苌刺鬼，误中苌阴
[Tue Sep 23 13:18:50 2025] [ERROR] 拔矛，出血石余
[Tue Sep 23 13:18:50 2025] [ERROR] 医刺之，出血如梦
[Tue Sep 23 13:18:50 2025] [FATAL] 苌俱，走入宫
[Tue Sep 23 13:18:50 2025] [FATAL] 宫人迎苌刺鬼，误中苌阴
[Tue Sep 23 13:18:50 2025] [FATAL] 鬼相谓曰：正中死处
[Tue Sep 23 13:18:50 2025] [FATAL] 拔矛，出血石余
[Tue Sep 23 13:18:50 2025] [FATAL] 寐而惊悸，遂患阴肿
[Tue Sep 23 13:18:50 2025] [FATAL] 医刺之，出血如梦
[Tue Sep 23 13:21:14 2025] [FATAL] 苌俱，走入宫
[Tue Sep 23 13:21:14 2025] [FATAL] 宫人迎苌刺鬼，误中苌阴
[Tue Sep 23 13:21:14 2025] [ERROR] 拔矛，出血石余
[Tue Sep 23 13:21:14 2025] [ERROR] 医刺之，出血如梦
[Tue Sep 23 13:21:14 2025] [FATAL] 苌俱，走入宫
[Tue Sep 23 13:21:14 2025] [FATAL] 宫人迎苌刺鬼，误中苌阴
[Tue Sep 23 13:21:14 2025] [FATAL] 鬼相谓曰：正中死处
[Tue Sep 23 13:21:14 2025] [FATAL] 拔矛，出血石余
[Tue Sep 23 13:21:14 2025] [FATAL] 寐而惊悸，遂患阴肿
[Tue Sep 23 13:21:14 2025] [FATAL] 医刺之，出血如梦
[Tue Sep 23 13:23:15 2025] [FATAL] 苌俱，走入宫
[Tue Sep 23 13:23:15 2025] [FATAL] 宫人迎苌刺鬼，误中苌阴
[Tue Sep 23 13:23:15 2025] [ERROR] 拔矛，出血石余
[Tue Sep 23 13:23:15 2025] [ERROR] 医刺之，出血如梦
[Tue Sep 23 13:23:15 2025] [FATAL] 苌俱，走入宫
[Tue Sep 23 13:23:15 2025] [FATAL] 宫人迎苌刺鬼，误中苌阴
[Tue Sep 23 13:23:15 2025] [FATAL] 鬼相谓曰：正中死处
[Tue Sep 23 13:23:15 2025] [FATAL] 拔矛，出血石余
[Tue Sep 23 13:23:15 2025] [FATAL] 寐而惊悸，遂患阴肿[Tue Sep 23 13:23:15 2025] [FATAL] 医刺之，出血如梦
[Tue Sep 23 13:24:08 2025] [FATAL] 苌俱，走入宫[Tue Sep 23 13:24:08 2025] [FATAL] 宫人迎苌刺鬼，误中苌阴
[Tue Sep 23 13:24:08 2025] [ERROR] 拔矛，出血石余
[Tue Sep 23 13:24:08 2025] [ERROR] 医刺之，出血如梦
[Tue Sep 23 13:24:08 2025] [FATAL] 苌俱，走入宫
[Tue Sep 23 13:24:08 2025] [FATAL] 宫人迎苌刺鬼，误中苌阴
[Tue Sep 23 13:24:08 2025] [FATAL] 鬼相谓曰：正中死处
[Tue Sep 23 13:24:08 2025] [FATAL] 拔矛，出血石余
[Tue Sep 23 13:24:08 2025] [FATAL] 寐而惊悸，遂患阴肿
[Tue Sep 23 13:24:08 2025] [FATAL] 医刺之，出血如梦
[Tue Sep 23 13:24:35 2025] [FATAL] 苌俱，走入宫
[Tue Sep 23 13:24:35 2025] [FATAL] 宫人迎苌刺鬼，误中苌阴
[Tue Sep 23 13:24:35 2025] [ERROR] 拔矛，出血石余
[Tue Sep 23 13:24:35 2025] [ERROR] 医刺之，出血如梦
[Tue Sep 23 13:24:35 2025] [FATAL] 苌俱，走入宫
[Tue Sep 23 13:24:35 2025] [FATAL] 鬼相谓曰：正中死处[Tue Sep 23 13:24:35 2025] [FATAL] 寐而惊悸，遂患阴肿
[Tue Sep 23 13:24:35 2025] [FATAL] 医刺之，出血如梦
[Tue Sep 23 13:24:35 2025] [FATAL] 拔矛，出血石余
[Tue Sep 23 13:24:35 2025] [FATAL] 宫人迎苌刺鬼，误中苌阴
[Tue Sep 23 13:27:08 2025] [FATAL] 宫人迎苌刺鬼，误中苌阴
[Tue Sep 23 13:27:08 2025] [FATAL] 苌俱，走入宫
[Tue Sep 23 13:27:08 2025] [ERROR] 拔矛，出血石余
[Tue Sep 23 13:27:08 2025] [ERROR] 医刺之，出血如梦
[Tue Sep 23 13:27:08 2025] [FATAL] 苌俱，走入宫
[Tue Sep 23 13:27:08 2025] [FATAL] 宫人迎苌刺鬼，误中苌阴
[Tue Sep 23 13:27:08 2025] [FATAL] 鬼相谓曰：正中死处
[Tue Sep 23 13:27:08 2025] [FATAL] 拔矛，出血石余
[Tue Sep 23 13:27:08 2025] [FATAL] 寐而惊悸，遂患阴肿
[Tue Sep 23 13:27:08 2025] [FATAL] 医刺之，出血如梦
[Tue Sep 23 13:34:17 2025] [FATAL] 宫人迎苌刺鬼，误中苌阴
[Tue Sep 23 13:34:17 2025] [FATAL] 苌俱，走入宫
[Tue Sep 23 13:34:17 2025] [ERROR] 拔矛，出血石余
[Tue Sep 23 13:34:17 2025] [ERROR] 医刺之，出血如梦
[Tue Sep 23 13:34:17 2025] [FATAL] 苌俱，走入宫
[Tue Sep 23 13:34:17 2025] [FATAL] 宫人迎苌刺鬼，误中苌阴
[Tue Sep 23 13:34:17 2025] [FATAL] 鬼相谓曰：正中死处
[Tue Sep 23 13:34:17 2025] [FATAL] 拔矛，出血石余
[Tue Sep 23 13:34:17 2025] [FATAL] 寐而惊悸，遂患阴肿
[Tue Sep 23 13:34:17 2025] [FATAL] 医刺之，出血如梦
[Tue Sep 23 14:07:19 2025] [FATAL] 苌俱，走入宫
[Tue Sep 23 14:07:19 2025] [FATAL] 宫人迎苌刺鬼，误中苌阴
[Tue Sep 23 14:07:19 2025] [ERROR] 拔矛，出血石余
[Tue Sep 23 14:07:19 2025] [ERROR] 医刺之，出血如梦
[Tue Sep 23 14:07:19 2025] [FATAL] 苌俱，走入宫
[Tue Sep 23 14:07:20 2025] [FATAL] 宫人迎苌刺鬼，误中苌阴
[Tue Sep 23 14:07:20 2025] [FATAL] 鬼相谓曰：正中死处
[Tue Sep 23 14:07:20 2025] [FATAL] 拔矛，出血石余
[Tue Sep 23 14:07:20 2025] [FATAL] 寐而惊悸，遂患阴肿
[Tue Sep 23 14:07:20 2025] [FATAL] 医刺之，出血如梦
[Tue Sep 23 14:11:49 2025] [FATAL] 苌俱，走入宫
[Tue Sep 23 14:11:49 2025] [FATAL] 宫人迎苌刺鬼，误中苌阴
[Tue Sep 23 14:11:49 2025] [ERROR] 拔矛，出血石余
[Tue Sep 23 14:11:49 2025] [ERROR] 医刺之，出血如梦
[Tue Sep 23 14:11:49 2025] [FATAL] 苌俱，走入宫
[Tue Sep 23 14:11:49 2025] [FATAL] 宫人迎苌刺鬼，误中苌阴
[Tue Sep 23 14:11:49 2025] [FATAL] 鬼相谓曰：正中死处
[Tue Sep 23 14:11:49 2025] [FATAL] 拔矛，出血石余
[Tue Sep 23 14:11:49 2025] [FATAL] 寐而惊悸，遂患阴肿
[Tue Sep 23 14:11:49 2025] [FATAL] 医刺之，出血如梦
[Tue Sep 23 14:13:16 2025] [FATAL] 苌俱，走入宫
[Tue Sep 23 14:13:16 2025] [FATAL] 宫人迎苌刺鬼，误中苌阴
[Tue Sep 23 14:13:16 2025] [ERROR] 拔矛，出血石余
[Tue Sep 23 14:13:16 2025] [ERROR] 医刺之，出血如梦
[Tue Sep 23 14:13:16 2025] [FATAL] 苌俱，走入宫
[Tue Sep 23 14:13:16 2025] [FATAL] 宫人迎苌刺鬼，误中苌阴
[Tue Sep 23 14:13:16 2025] [FATAL] 鬼相谓曰：正中死处
[Tue Sep 23 14:13:16 2025] [FATAL] 拔矛，出血石余
[Tue Sep 23 14:13:16 2025] [FATAL] 寐而惊悸，遂患阴肿
[Tue Sep 23 14:13:16 2025] [FATAL] 医刺之，出血如梦
[Tue Sep 23 14:14:47 2025] [FATAL] 苌俱，走入宫
[Tue Sep 23 14:14:47 2025] [FATAL] 宫人迎苌刺鬼，误中苌阴
[Tue Sep 23 14:14:47 2025] [ERROR] 拔矛，出血石余
[Tue Sep 23 14:14:47 2025] [ERROR] 医刺之，出血如梦
[Tue Sep 23 14:14:47 2025] [FATAL] 苌俱，走入宫
[Tue Sep 23 14:14:47 2025] [FATAL] 宫人迎苌刺鬼，误中苌阴
[Tue Sep 23 14:14:47 2025] [FATAL] 鬼相谓曰：正中死处
[Tue Sep 23 14:14:47 2025] [FATAL] 拔矛，出血石余
[Tue Sep 23 14:14:47 2025] [FATAL] 寐而惊悸，遂患阴肿
[Tue Sep 23 14:14:47 2025] [FATAL] 医刺之，出血如梦
[Tue Sep 23 14:15:11 2025] [FATAL] 苌俱，走入宫
[Tue Sep 23 14:15:11 2025] [FATAL] 宫人迎苌刺鬼，误中苌阴
[Tue Sep 23 14:15:11 2025] [ERROR] 拔矛，出血石余
[Tue Sep 23 14:15:11 2025] [ERROR] 医刺之，出血如梦
[Tue Sep 23 14:15:11 2025] [FATAL] 苌俱，走入宫
[Tue Sep 23 14:15:11 2025] [FATAL] 宫人迎苌刺鬼，误中苌阴
[Tue Sep 23 14:15:11 2025] [FATAL] 鬼相谓曰：正中死处
[Tue Sep 23 14:15:11 2025] [FATAL] 拔矛，出血石余
[Tue Sep 23 14:15:11 2025] [FATAL] 寐而惊悸，遂患阴肿
[Tue Sep 23 14:15:11 2025] [FATAL] 医刺之，出血如梦
[Tue Sep 23 14:15:57 2025] [FATAL] 苌俱，走入宫
[Tue Sep 23 14:15:57 2025] [FATAL] 宫人迎苌刺鬼，误中苌阴
[Tue Sep 23 14:15:57 2025] [ERROR] 拔矛，出血石余
[Tue Sep 23 14:15:57 2025] [ERROR] 医刺之，出血如梦
[Tue Sep 23 14:15:57 2025] [FATAL] 苌俱，走入宫
[Tue Sep 23 14:15:57 2025] [FATAL] 宫人迎苌刺鬼，误中苌阴
[Tue Sep 23 14:15:57 2025] [FATAL] 鬼相谓曰：正中死处
[Tue Sep 23 14:15:57 2025] [FATAL] 拔矛，出血石余
[Tue Sep 23 14:15:57 2025] [FATAL] 寐而惊悸，遂患阴肿
[Tue Sep 23 14:15:57 2025] [FATAL] 医刺之，出血如梦
[Tue Sep 23 14:17:11 2025] [FATAL] 苌俱，走入宫
[Tue Sep 23 14:17:11 2025] [FATAL] 宫人迎苌刺鬼，误中苌阴
[Tue Sep 23 14:17:11 2025] [ERROR] 拔矛，出血石余
[Tue Sep 23 14:17:11 2025] [ERROR] 医刺之，出血如梦[Tue Sep 23 14:17:11 2025] [FATAL] 苌俱，走入宫
[Tue Sep 23 14:17:11 2025] [FATAL] 宫人迎苌刺鬼，误中苌阴
[Tue Sep 23 14:17:11 2025] [FATAL] 鬼相谓曰：正中死处
[Tue Sep 23 14:17:11 2025] [FATAL] 拔矛，出血石余[Tue Sep 23 14:17:11 2025] [FATAL] 寐而惊悸，遂患阴肿[Tue Sep 23 14:17:11 2025] [FATAL] 医刺之，出血如梦
[Tue Sep 23 14:17:41 2025] [FATAL] 苌俱，走入宫
[Tue Sep 23 14:17:41 2025] [FATAL] 宫人迎苌刺鬼，误中苌阴
[Tue Sep 23 14:17:41 2025] [ERROR] 拔矛，出血石余
[Tue Sep 23 14:17:41 2025] [ERROR] 医刺之，出血如梦
[Tue Sep 23 14:17:41 2025] [FATAL] 苌俱，走入宫
[Tue Sep 23 14:17:41 2025] [FATAL] 宫人迎苌刺鬼，误中苌阴
[Tue Sep 23 14:17:41 2025] [FATAL] 鬼相谓曰：正中死处
[Tue Sep 23 14:17:41 2025] [FATAL] 拔矛，出血石余
[Tue Sep 23 14:17:41 2025] [FATAL] 寐而惊悸，遂患阴肿
[Tue Sep 23 14:17:41 2025] [FATAL] 医刺之，出血如梦
[Tue Sep 23 14:18:17 2025] [FATAL] 苌俱，走入宫
[Tue Sep 23 14:18:17 2025] [FATAL] 宫人迎苌刺鬼，误中苌阴
[Tue Sep 23 14:18:17 2025] [ERROR] 拔矛，出血石余
[Tue Sep 23 14:18:17 2025] [ERROR] 医刺之，出血如梦
[Tue Sep 23 14:18:17 2025] [FATAL] 苌俱，走入宫
[Tue Sep 23 14:18:17 2025] [FATAL] 宫人迎苌刺鬼，误中苌阴
[Tue Sep 23 14:18:17 2025] [FATAL] 鬼相谓曰：正中死处
[Tue Sep 23 14:18:17 2025] [FATAL] 拔矛，出血石余
[Tue Sep 23 14:18:17 2025] [FATAL] 寐而惊悸，遂患阴肿
[Tue Sep 23 14:18:17 2025] [FATAL] 医刺之，出血如梦
[Tue Sep 23 14:18:36 2025] [FATAL] 苌俱，走入宫
[Tue Sep 23 14:18:36 2025] [FATAL] 宫人迎苌刺鬼，误中苌阴
[Tue Sep 23 14:18:36 2025] [ERROR] 拔矛，出血石余
[Tue Sep 23 14:18:36 2025] [ERROR] 医刺之，出血如梦
[Tue Sep 23 14:18:36 2025] [FATAL] 苌俱，走入宫
[Tue Sep 23 14:18:36 2025] [FATAL] 宫人迎苌刺鬼，误中苌阴
[Tue Sep 23 14:18:36 2025] [FATAL] 鬼相谓曰：正中死处
[Tue Sep 23 14:18:36 2025] [FATAL] 拔矛，出血石余[Tue Sep 23 14:18:36 2025] [FATAL] 寐而惊悸，遂患阴肿
[Tue Sep 23 14:18:36 2025] [FATAL] 医刺之，出血如梦
[Tue Sep 23 14:18:57 2025] [FATAL] 苌俱，走入宫
[Tue Sep 23 14:18:57 2025] [FATAL] 宫人迎苌刺鬼，误中苌阴
[Tue Sep 23 14:18:57 2025] [ERROR] 拔矛，出血石余
[Tue Sep 23 14:18:57 2025] [ERROR] 医刺之，出血如梦
[Tue Sep 23 14:18:57 2025] [FATAL] 苌俱，走入宫
[Tue Sep 23 14:18:57 2025] [FATAL] 宫人迎苌刺鬼，误中苌阴
[Tue Sep 23 14:18:57 2025] [FATAL] 鬼相谓曰：正中死处
[Tue Sep 23 14:18:57 2025] [FATAL] 拔矛，出血石余
[Tue Sep 23 14:18:57 2025] [FATAL] 寐而惊悸，遂患阴肿
[Tue Sep 23 14:18:57 2025] [FATAL] 医刺之，出血如梦
[Tue Sep 23 14:19:16 2025] [FATAL] 苌俱，走入宫
[Tue Sep 23 14:19:16 2025] [FATAL] 宫人迎苌刺鬼，误中苌阴
[Tue Sep 23 14:19:16 2025] [ERROR] 拔矛，出血石余
[Tue Sep 23 14:19:16 2025] [ERROR] 医刺之，出血如梦
[Tue Sep 23 14:19:16 2025] [FATAL] 苌俱，走入宫
[Tue Sep 23 14:19:16 2025] [FATAL] 宫人迎苌刺鬼，误中苌阴
[Tue Sep 23 14:19:16 2025] [FATAL] 鬼相谓曰：正中死处
[Tue Sep 23 14:19:16 2025] [FATAL] 拔矛，出血石余
[Tue Sep 23 14:19:16 2025] [FATAL] 寐而惊悸，遂患阴肿
[Tue Sep 23 14:19:16 2025] [FATAL] 医刺之，出血如梦
[Tue Sep 23 14:19:33 2025] [FATAL] 苌俱，走入宫
[Tue Sep 23 14:19:33 2025] [FATAL] 宫人迎苌刺鬼，误中苌阴
[Tue Sep 23 14:19:33 2025] [ERROR] 拔矛，出血石余
[Tue Sep 23 14:19:33 2025] [ERROR] 医刺之，出血如梦
[Tue Sep 23 14:19:33 2025] [FATAL] 苌俱，走入宫
[Tue Sep 23 14:19:33 2025] [FATAL] 宫人迎苌刺鬼，误中苌阴
[Tue Sep 23 14:19:33 2025] [FATAL] 鬼相谓曰：正中死处
[Tue Sep 23 14:19:33 2025] [FATAL] 拔矛，出血石余
[Tue Sep 23 14:19:33 2025] [FATAL] 寐而惊悸，遂患阴肿
[Tue Sep 23 14:19:33 2025] [FATAL] 医刺之，出血如梦
[Tue Sep 23 14:19:50 2025] [FATAL] 苌俱，走入宫
[Tue Sep 23 14:19:50 2025] [FATAL] 宫人迎苌刺鬼，误中苌阴
[Tue Sep 23 14:19:50 2025] [ERROR] 拔矛，出血石余
[Tue Sep 23 14:19:50 2025] [ERROR] 医刺之，出血如梦
[Tue Sep 23 14:19:50 2025] [FATAL] 苌俱，走入宫
[Tue Sep 23 14:19:50 2025] [FATAL] 宫人迎苌刺鬼，误中苌阴
[Tue Sep 23 14:19:50 2025] [FATAL] 鬼相谓曰：正中死处
[Tue Sep 23 14:19:50 2025] [FATAL] 拔矛，出血石余
[Tue Sep 23 14:19:50 2025] [FATAL] 寐而惊悸，遂患阴肿
[Tue Sep 23 14:19:50 2025] [FATAL] 医刺之，出血如梦
[Tue Sep 23 14:21:01 2025] [FATAL] 苌俱，走入宫
[Tue Sep 23 14:21:01 2025] [FATAL] 宫人迎苌刺鬼，误中苌阴
[Tue Sep 23 14:21:01 2025] [ERROR] 拔矛，出血石余
[Tue Sep 23 14:21:01 2025] [ERROR] 医刺之，出血如梦
[Tue Sep 23 14:21:01 2025] [FATAL] 苌俱，走入宫
[Tue Sep 23 14:21:01 2025] [FATAL] 宫人迎苌刺鬼，误中苌阴
[Tue Sep 23 14:21:01 2025] [FATAL] 鬼相谓曰：正中死处
[Tue Sep 23 14:21:01 2025] [FATAL] 拔矛，出血石余
[Tue Sep 23 14:21:01 2025] [FATAL] 寐而惊悸，遂患阴肿
[Tue Sep 23 14:21:01 2025] [FATAL] 医刺之，出血如梦
[Tue Sep 23 14:21:23 2025] [FATAL] 苌俱，走入宫
[Tue Sep 23 14:21:23 2025] [FATAL] 宫人迎苌刺鬼，误中苌阴
[Tue Sep 23 14:21:23 2025] [ERROR] 拔矛，出血石余
[Tue Sep 23 14:21:23 2025] [ERROR] 医刺之，出血如梦
[Tue Sep 23 14:21:23 2025] [FATAL] 苌俱，走入宫
[Tue Sep 23 14:21:23 2025] [FATAL] 宫人迎苌刺鬼，误中苌阴
[Tue Sep 23 14:21:23 2025] [FATAL] 鬼相谓曰：正中死处
[Tue Sep 23 14:21:23 2025] [FATAL] 拔矛，出血石余
[Tue Sep 23 14:21:23 2025] [FATAL] 寐而惊悸，遂患阴肿
[Tue Sep 23 14:21:23 2025] [FATAL] 医刺之，出血如梦
[Tue Sep 23 14:21:39 2025] [FATAL] 苌俱，走入宫
[Tue Sep 23 14:21:39 2025] [FATAL] 宫人迎苌刺鬼，误中苌阴
[Tue Sep 23 14:21:39 2025] [ERROR] 拔矛，出血石余
[Tue Sep 23 14:21:39 2025] [ERROR] 医刺之，出血如梦
[Tue Sep 23 14:21:39 2025] [FATAL] 宫人迎苌刺鬼，误中苌阴
[Tue Sep 23 14:21:39 2025] [FATAL] 苌俱，走入宫
[Tue Sep 23 14:21:39 2025] [FATAL] 鬼相谓曰：正中死处
[Tue Sep 23 14:21:39 2025] [FATAL] 拔矛，出血石余
[Tue Sep 23 14:21:39 2025] [FATAL] 寐而惊悸，遂患阴肿
[Tue Sep 23 14:21:39 2025] [FATAL] 医刺之，出血如梦
[Tue Sep 23 14:30:49 2025] [FATAL] 苌俱，走入宫
[Tue Sep 23 14:30:49 2025] [FATAL] 宫人迎苌刺鬼，误中苌阴
[Tue Sep 23 14:30:49 2025] [ERROR] 拔矛，出血石余
[Tue Sep 23 14:30:49 2025] [ERROR] 医刺之，出血如梦
[Tue Sep 23 14:30:49 2025] [FATAL] 苌俱，走入宫
[Tue Sep 23 14:30:49 2025] [FATAL] 宫人迎苌刺鬼，误中苌阴
[Tue Sep 23 14:30:49 2025] [FATAL] 鬼相谓曰：正中死处
[Tue Sep 23 14:30:49 2025] [FATAL] 拔矛，出血石余
[Tue Sep 23 14:30:49 2025] [FATAL] 寐而惊悸，遂患阴肿
[Tue Sep 23 14:30:49 2025] [FATAL] 医刺之，出血如梦
[Tue Sep 23 14:31:09 2025] [FATAL] 苌俱，走入宫
[Tue Sep 23 14:31:09 2025] [FATAL] 宫人迎苌刺鬼，误中苌阴
[Tue Sep 23 14:31:09 2025] [ERROR] 拔矛，出血石余
[Tue Sep 23 14:31:09 2025] [ERROR] 医刺之，出血如梦
[Tue Sep 23 14:31:09 2025] [FATAL] 苌俱，走入宫
[Tue Sep 23 14:31:09 2025] [FATAL] 宫人迎苌刺鬼，误中苌阴
[Tue Sep 23 14:31:09 2025] [FATAL] 鬼相谓曰：正中死处
[Tue Sep 23 14:31:09 2025] [FATAL] 拔矛，出血石余
[Tue Sep 23 14:31:09 2025] [FATAL] 寐而惊悸，遂患阴肿
[Tue Sep 23 14:31:09 2025] [FATAL] 医刺之，出血如梦
[Tue Sep 23 14:32:10 2025] [FATAL] 苌俱，走入宫
[Tue Sep 23 14:32:10 2025] [FATAL] 宫人迎苌刺鬼，误中苌阴
[Tue Sep 23 14:32:10 2025] [ERROR] 拔矛，出血石余
[Tue Sep 23 14:32:10 2025] [ERROR] 医刺之，出血如梦
[Tue Sep 23 14:32:10 2025] [FATAL] 苌俱，走入宫
[Tue Sep 23 14:32:10 2025] [FATAL] 宫人迎苌刺鬼，误中苌阴
[Tue Sep 23 14:32:10 2025] [FATAL] 鬼相谓曰：正中死处
[Tue Sep 23 14:32:10 2025] [FATAL] 拔矛，出血石余
[Tue Sep 23 14:32:10 2025] [FATAL] 寐而惊悸，遂患阴肿
[Tue Sep 23 14:32:10 2025] [FATAL] 医刺之，出血如梦
[Tue Sep 23 14:32:59 2025] [FATAL] 苌俱，走入宫
[Tue Sep 23 14:32:59 2025] [FATAL] 宫人迎苌刺鬼，误中苌阴
[Tue Sep 23 14:32:59 2025] [ERROR] 拔矛，出血石余
[Tue Sep 23 14:32:59 2025] [ERROR] 医刺之，出血如梦
[Tue Sep 23 14:32:59 2025] [FATAL] 苌俱，走入宫
[Tue Sep 23 14:32:59 2025] [FATAL] 宫人迎苌刺鬼，误中苌阴
[Tue Sep 23 14:32:59 2025] [FATAL] 鬼相谓曰：正中死处
[Tue Sep 23 14:32:59 2025] [FATAL] 拔矛，出血石余
[Tue Sep 23 14:32:59 2025] [FATAL] 寐而惊悸，遂患阴肿
[Tue Sep 23 14:32:59 2025] [FATAL] 医刺之，出血如梦
[Tue Sep 23 14:34:31 2025] [FATAL] 苌俱，走入宫
[Tue Sep 23 14:34:31 2025] [FATAL] 宫人迎苌刺鬼，误中苌阴
[Tue Sep 23 14:34:31 2025] [ERROR] 拔矛，出血石余
[Tue Sep 23 14:34:31 2025] [ERROR] 医刺之，出血如梦
[Tue Sep 23 14:34:31 2025] [FATAL] 苌俱，走入宫
[Tue Sep 23 14:34:31 2025] [FATAL] 宫人迎苌刺鬼，误中苌阴
[Tue Sep 23 14:34:31 2025] [FATAL] 鬼相谓曰：正中死处
[Tue Sep 23 14:34:31 2025] [FATAL] 拔矛，出血石余
[Tue Sep 23 14:34:31 2025] [FATAL] 寐而惊悸，遂患阴肿
[Tue Sep 23 14:34:31 2025] [FATAL] 医刺之，出血如梦
[Tue Sep 23 14:35:15 2025] [FATAL] 苌俱，走入宫
[Tue Sep 23 14:35:15 2025] [FATAL] 宫人迎苌刺鬼，误中苌阴
[Tue Sep 23 14:35:15 2025] [ERROR] 拔矛，出血石余
[Tue Sep 23 14:35:15 2025] [ERROR] 医刺之，出血如梦
[Tue Sep 23 14:35:15 2025] [FATAL] 苌俱，走入宫
[Tue Sep 23 14:35:15 2025] [FATAL] 宫人迎苌刺鬼，误中苌阴
[Tue Sep 23 14:35:15 2025] [FATAL] 鬼相谓曰：正中死处
[Tue Sep 23 14:35:15 2025] [FATAL] 拔矛，出血石余
[Tue Sep 23 14:35:15 2025] [FATAL] 寐而惊悸，遂患阴肿
[Tue Sep 23 14:35:15 2025] [FATAL] 医刺之，出血如梦
[Tue Sep 23 14:35:57 2025] [FATAL] 苌俱，走入宫
[Tue Sep 23 14:35:57 2025] [ERROR] 医刺之，出血如梦[Tue Sep 23 14:35:57 2025] [FATAL] 苌俱，走入宫
[Tue Sep 23 14:35:57 2025] [FATAL] 宫人迎苌刺鬼，误中苌阴
[Tue Sep 23 14:35:57 2025] [ERROR] 拔矛，出血石余
[Tue Sep 23 14:35:57 2025] [FATAL] 鬼相谓曰：正中死处
[Tue Sep 23 14:35:57 2025] [FATAL] 宫人迎苌刺鬼，误中苌阴
[Tue Sep 23 14:35:57 2025] [FATAL] 拔矛，出血石余[Tue Sep 23 14:35:57 2025] [FATAL] 寐而惊悸，遂患阴肿[Tue Sep 23 14:35:57 2025] [FATAL] 医刺之，出血如梦
[Tue Sep 23 14:36:44 2025] [FATAL] 苌俱，走入宫
[Tue Sep 23 14:36:44 2025] [FATAL] 宫人迎苌刺鬼，误中苌阴
[Tue Sep 23 14:36:44 2025] [ERROR] 拔矛，出血石余
[Tue Sep 23 14:36:44 2025] [ERROR] 医刺之，出血如梦
[Tue Sep 23 14:36:44 2025] [FATAL] 苌俱，走入宫
[Tue Sep 23 14:36:44 2025] [FATAL] 宫人迎苌刺鬼，误中苌阴
[Tue Sep 23 14:36:44 2025] [FATAL] 鬼相谓曰：正中死处
[Tue Sep 23 14:36:44 2025] [FATAL] 拔矛，出血石余
[Tue Sep 23 14:36:44 2025] [FATAL] 医刺之，出血如梦
[Tue Sep 23 14:36:44 2025] [FATAL] 寐而惊悸，遂患阴肿
[Tue Sep 23 14:37:17 2025] [FATAL] 苌俱，走入宫
[Tue Sep 23 14:37:17 2025] [FATAL] 宫人迎苌刺鬼，误中苌阴
[Tue Sep 23 14:37:17 2025] [ERROR] 拔矛，出血石余
[Tue Sep 23 14:37:17 2025] [ERROR] 医刺之，出血如梦
[Tue Sep 23 14:37:17 2025] [FATAL] 苌俱，走入宫[Tue Sep 23 14:37:17 2025] [FATAL] 宫人迎苌刺鬼，误中苌阴
[Tue Sep 23 14:37:17 2025] [FATAL] 鬼相谓曰：正中死处[Tue Sep 23 14:37:17 2025] [FATAL] 拔矛，出血石余[Tue Sep 23 14:37:17 2025] [FATAL] 寐而惊悸，遂患阴肿[Tue Sep 23 14:37:17 2025] [FATAL] 医刺之，出血如梦
[Tue Sep 23 14:38:04 2025] [FATAL] 苌俱，走入宫
[Tue Sep 23 14:38:04 2025] [FATAL] 宫人迎苌刺鬼，误中苌阴
[Tue Sep 23 14:38:04 2025] [ERROR] 拔矛，出血石余
[Tue Sep 23 14:38:04 2025] [ERROR] 医刺之，出血如梦
[Tue Sep 23 14:38:04 2025] [FATAL] 苌俱，走入宫
[Tue Sep 23 14:38:04 2025] [FATAL] 宫人迎苌刺鬼，误中苌阴
[Tue Sep 23 14:38:04 2025] [FATAL] 鬼相谓曰：正中死处
[Tue Sep 23 14:38:04 2025] [FATAL] 拔矛，出血石余
[Tue Sep 23 14:38:04 2025] [FATAL] 寐而惊悸，遂患阴肿
[Tue Sep 23 14:38:04 2025] [FATAL] 医刺之，出血如梦
[Tue Sep 23 14:38:19 2025] [FATAL] 苌俱，走入宫[Tue Sep 23 14:38:19 2025] [FATAL] 宫人迎苌刺鬼，误中苌阴
[Tue Sep 23 14:38:19 2025] [ERROR] 拔矛，出血石余
[Tue Sep 23 14:38:19 2025] [ERROR] 医刺之，出血如梦
[Tue Sep 23 14:38:19 2025] [FATAL] 苌俱，走入宫
[Tue Sep 23 14:38:19 2025] [FATAL] 宫人迎苌刺鬼，误中苌阴
[Tue Sep 23 14:38:19 2025] [FATAL] 鬼相谓曰：正中死处
[Tue Sep 23 14:38:19 2025] [FATAL] 拔矛，出血石余
[Tue Sep 23 14:38:19 2025] [FATAL] 寐而惊悸，遂患阴肿
[Tue Sep 23 14:38:19 2025] [FATAL] 医刺之，出血如梦
[Tue Sep 23 14:38:42 2025] [FATAL] 苌俱，走入宫
[Tue Sep 23 14:38:42 2025] [FATAL] 宫人迎苌刺鬼，误中苌阴
[Tue Sep 23 14:38:42 2025] [ERROR] 拔矛，出血石余
[Tue Sep 23 14:38:42 2025] [ERROR] 医刺之，出血如梦
[Tue Sep 23 14:38:42 2025] [FATAL] 苌俱，走入宫
[Tue Sep 23 14:38:42 2025] [FATAL] 宫人迎苌刺鬼，误中苌阴
[Tue Sep 23 14:38:42 2025] [FATAL] 鬼相谓曰：正中死处
[Tue Sep 23 14:38:42 2025] [FATAL] 拔矛，出血石余
[Tue Sep 23 14:38:42 2025] [FATAL] 寐而惊悸，遂患阴肿
[Tue Sep 23 14:38:42 2025] [FATAL] 医刺之，出血如梦
[Tue Sep 23 14:39:32 2025] [FATAL] 苌俱，走入宫
[Tue Sep 23 14:39:32 2025] [FATAL] 宫人迎苌刺鬼，误中苌阴
[Tue Sep 23 14:39:32 2025] [ERROR] 拔矛，出血石余
[Tue Sep 23 14:39:32 2025] [ERROR] 医刺之，出血如梦
[Tue Sep 23 14:39:32 2025] [FATAL] 苌俱，走入宫
[Tue Sep 23 14:39:32 2025] [FATAL] 宫人迎苌刺鬼，误中苌阴
[Tue Sep 23 14:39:32 2025] [FATAL] 鬼相谓曰：正中死处
[Tue Sep 23 14:39:32 2025] [FATAL] 拔矛，出血石余
[Tue Sep 23 14:39:32 2025] [FATAL] 寐而惊悸，遂患阴肿
[Tue Sep 23 14:39:32 2025] [FATAL] 医刺之，出血如梦
[Tue Sep 23 14:40:16 2025] [FATAL] 苌俱，走入宫
[Tue Sep 23 14:40:16 2025] [FATAL] 宫人迎苌刺鬼，误中苌阴
[Tue Sep 23 14:40:16 2025] [ERROR] 拔矛，出血石余
[Tue Sep 23 14:40:16 2025] [ERROR] 医刺之，出血如梦
[Tue Sep 23 14:40:16 2025] [FATAL] 苌俱，走入宫
[Tue Sep 23 14:40:16 2025] [FATAL] 宫人迎苌刺鬼，误中苌阴
[Tue Sep 23 14:40:16 2025] [FATAL] 鬼相谓曰：正中死处
[Tue Sep 23 14:40:16 2025] [FATAL] 拔矛，出血石余
[Tue Sep 23 14:40:16 2025] [FATAL] 寐而惊悸，遂患阴肿
[Tue Sep 23 14:40:16 2025] [FATAL] 医刺之，出血如梦
[Tue Sep 23 14:40:34 2025] [FATAL] 苌俱，走入宫
[Tue Sep 23 14:40:34 2025] [FATAL] 宫人迎苌刺鬼，误中苌阴
[Tue Sep 23 14:40:34 2025] [ERROR] 拔矛，出血石余
[Tue Sep 23 14:40:34 2025] [ERROR] 医刺之，出血如梦
[Tue Sep 23 14:40:34 2025] [FATAL] 苌俱，走入宫
[Tue Sep 23 14:40:34 2025] [FATAL] 宫人迎苌刺鬼，误中苌阴
[Tue Sep 23 14:40:34 2025] [FATAL] 拔矛，出血石余
[Tue Sep 23 14:40:34 2025] [FATAL] 鬼相谓曰：正中死处
[Tue Sep 23 14:40:34 2025] [FATAL] 寐而惊悸，遂患阴肿
[Tue Sep 23 14:40:34 2025] [FATAL] 医刺之，出血如梦
[Tue Sep 23 14:40:51 2025] [FATAL] 苌俱，走入宫
[Tue Sep 23 14:40:51 2025] [FATAL] 宫人迎苌刺鬼，误中苌阴
[Tue Sep 23 14:40:51 2025] [ERROR] 拔矛，出血石余
[Tue Sep 23 14:40:51 2025] [ERROR] 医刺之，出血如梦
[Tue Sep 23 14:40:51 2025] [FATAL] 苌俱，走入宫
[Tue Sep 23 14:40:51 2025] [FATAL] 宫人迎苌刺鬼，误中苌阴
[Tue Sep 23 14:40:51 2025] [FATAL] 鬼相谓曰：正中死处
[Tue Sep 23 14:40:51 2025] [FATAL] 拔矛，出血石余
[Tue Sep 23 14:40:51 2025] [FATAL] 寐而惊悸，遂患阴肿
[Tue Sep 23 14:40:51 2025] [FATAL] 医刺之，出血如梦
[Tue Sep 23 14:41:37 2025] [FATAL] 苌俱，走入宫
[Tue Sep 23 14:41:37 2025] [FATAL] 宫人迎苌刺鬼，误中苌阴
[Tue Sep 23 14:41:37 2025] [ERROR] 拔矛，出血石余
[Tue Sep 23 14:41:37 2025] [ERROR] 医刺之，出血如梦
[Tue Sep 23 14:41:37 2025] [FATAL] 苌俱，走入宫
[Tue Sep 23 14:41:37 2025] [FATAL] 宫人迎苌刺鬼，误中苌阴
[Tue Sep 23 14:41:37 2025] [FATAL] 拔矛，出血石余
[Tue Sep 23 14:41:37 2025] [FATAL] 鬼相谓曰：正中死处
[Tue Sep 23 14:41:37 2025] [FATAL] 寐而惊悸，遂患阴肿
[Tue Sep 23 14:41:37 2025] [FATAL] 医刺之，出血如梦
[Tue Sep 23 14:41:54 2025] [FATAL] 苌俱，走入宫[Tue Sep 23 14:41:54 2025] [FATAL] 宫人迎苌刺鬼，误中苌阴[Tue Sep 23 14:41:54 2025] [ERROR] 医刺之，出血如梦
[Tue Sep 23 14:41:54 2025] [ERROR] 拔矛，出血石余
[Tue Sep 23 14:41:54 2025] [FATAL] 苌俱，走入宫
[Tue Sep 23 14:41:54 2025] [FATAL] 宫人迎苌刺鬼，误中苌阴
[Tue Sep 23 14:41:54 2025] [FATAL] 鬼相谓曰：正中死处
[Tue Sep 23 14:41:54 2025] [FATAL] 拔矛，出血石余
[Tue Sep 23 14:41:54 2025] [FATAL] 寐而惊悸，遂患阴肿
[Tue Sep 23 14:41:54 2025] [FATAL] 医刺之，出血如梦
[Tue Sep 23 14:42:16 2025] [FATAL] 苌俱，走入宫
[Tue Sep 23 14:42:16 2025] [FATAL] 宫人迎苌刺鬼，误中苌阴
[Tue Sep 23 14:42:16 2025] [ERROR] 拔矛，出血石余
[Tue Sep 23 14:42:16 2025] [ERROR] 医刺之，出血如梦
[Tue Sep 23 14:42:16 2025] [FATAL] 苌俱，走入宫
[Tue Sep 23 14:42:16 2025] [FATAL] 宫人迎苌刺鬼，误中苌阴
[Tue Sep 23 14:42:16 2025] [FATAL] 鬼相谓曰：正中死处
[Tue Sep 23 14:42:16 2025] [FATAL] 拔矛，出血石余
[Tue Sep 23 14:42:16 2025] [FATAL] 寐而惊悸，遂患阴肿
[Tue Sep 23 14:42:16 2025] [FATAL] 医刺之，出血如梦
[Tue Sep 23 14:42:37 2025] [FATAL] 苌俱，走入宫
[Tue Sep 23 14:42:37 2025] [FATAL] 宫人迎苌刺鬼，误中苌阴
[Tue Sep 23 14:42:37 2025] [ERROR] 拔矛，出血石余
[Tue Sep 23 14:42:37 2025] [ERROR] 医刺之，出血如梦
[Tue Sep 23 14:42:37 2025] [FATAL] 苌俱，走入宫
[Tue Sep 23 14:42:37 2025] [FATAL] 宫人迎苌刺鬼，误中苌阴
[Tue Sep 23 14:42:37 2025] [FATAL] 鬼相谓曰：正中死处
[Tue Sep 23 14:42:37 2025] [FATAL] 拔矛，出血石余
[Tue Sep 23 14:42:37 2025] [FATAL] 寐而惊悸，遂患阴肿
[Tue Sep 23 14:42:37 2025] [FATAL] 医刺之，出血如梦
[Tue Sep 23 14:43:41 2025] [FATAL] 苌俱，走入宫
[Tue Sep 23 14:43:41 2025] [FATAL] 宫人迎苌刺鬼，误中苌阴
[Tue Sep 23 14:43:41 2025] [ERROR] 拔矛，出血石余
[Tue Sep 23 14:43:41 2025] [ERROR] 医刺之，出血如梦
[Tue Sep 23 14:43:41 2025] [FATAL] 苌俱，走入宫
[Tue Sep 23 14:43:41 2025] [FATAL] 宫人迎苌刺鬼，误中苌阴
[Tue Sep 23 14:43:41 2025] [FATAL] 鬼相谓曰：正中死处
[Tue Sep 23 14:43:41 2025] [FATAL] 拔矛，出血石余
[Tue Sep 23 14:43:41 2025] [FATAL] 寐而惊悸，遂患阴肿
[Tue Sep 23 14:43:41 2025] [FATAL] 医刺之，出血如梦
[Tue Sep 23 14:44:09 2025] [FATAL] 苌俱，走入宫
[Tue Sep 23 14:44:09 2025] [FATAL] 宫人迎苌刺鬼，误中苌阴[Tue Sep 23 14:44:09 2025] [ERROR] 拔矛，出血石余
[Tue Sep 23 14:44:09 2025] [ERROR] 医刺之，出血如梦
[Tue Sep 23 14:44:09 2025] [FATAL] 苌俱，走入宫
[Tue Sep 23 14:44:09 2025] [FATAL] 宫人迎苌刺鬼，误中苌阴
[Tue Sep 23 14:44:09 2025] [FATAL] 鬼相谓曰：正中死处
[Tue Sep 23 14:44:09 2025] [FATAL] 拔矛，出血石余
[Tue Sep 23 14:44:09 2025] [FATAL] 寐而惊悸，遂患阴肿
[Tue Sep 23 14:44:09 2025] [FATAL] 医刺之，出血如梦
[Tue Sep 23 14:44:27 2025] [FATAL] 苌俱，走入宫
[Tue Sep 23 14:44:27 2025] [FATAL] 宫人迎苌刺鬼，误中苌阴
[Tue Sep 23 14:44:27 2025] [ERROR] 拔矛，出血石余
[Tue Sep 23 14:44:27 2025] [ERROR] 医刺之，出血如梦
[Tue Sep 23 14:44:27 2025] [FATAL] 苌俱，走入宫
[Tue Sep 23 14:44:27 2025] [FATAL] 宫人迎苌刺鬼，误中苌阴
[Tue Sep 23 14:44:27 2025] [FATAL] 鬼相谓曰：正中死处
[Tue Sep 23 14:44:27 2025] [FATAL] 拔矛，出血石余
[Tue Sep 23 14:44:27 2025] [FATAL] 寐而惊悸，遂患阴肿
[Tue Sep 23 14:44:27 2025] [FATAL] 医刺之，出血如梦
[Tue Sep 23 14:50:32 2025] [FATAL] 苌俱，走入宫
[Tue Sep 23 14:50:32 2025] [FATAL] 宫人迎苌刺鬼，误中苌阴
[Tue Sep 23 14:50:32 2025] [ERROR] 拔矛，出血石余
[Tue Sep 23 14:50:32 2025] [ERROR] 医刺之，出血如梦
[Tue Sep 23 14:50:32 2025] [FATAL] 苌俱，走入宫
[Tue Sep 23 14:50:32 2025] [FATAL] 宫人迎苌刺鬼，误中苌阴
[Tue Sep 23 14:50:32 2025] [FATAL] 鬼相谓曰：正中死处
[Tue Sep 23 14:50:32 2025] [FATAL] 拔矛，出血石余
[Tue Sep 23 14:50:32 2025] [FATAL] 寐而惊悸，遂患阴肿
[Tue Sep 23 14:50:32 2025] [FATAL] 医刺之，出血如梦
[Tue Sep 23 14:50:56 2025] [FATAL] 苌俱，走入宫
[Tue Sep 23 14:50:56 2025] [FATAL] 宫人迎苌刺鬼，误中苌阴
[Tue Sep 23 14:50:56 2025] [ERROR] 拔矛，出血石余
[Tue Sep 23 14:50:56 2025] [ERROR] 医刺之，出血如梦
[Tue Sep 23 14:50:56 2025] [FATAL] 苌俱，走入宫
[Tue Sep 23 14:50:56 2025] [FATAL] 宫人迎苌刺鬼，误中苌阴
[Tue Sep 23 14:50:56 2025] [FATAL] 鬼相谓曰：正中死处
[Tue Sep 23 14:50:56 2025] [FATAL] 拔矛，出血石余
[Tue Sep 23 14:50:56 2025] [FATAL] 寐而惊悸，遂患阴肿
[Tue Sep 23 14:50:56 2025] [FATAL] 医刺之，出血如梦
[Tue Sep 23 14:58:05 2025] [FATAL] 苌俱，走入宫
[Tue Sep 23 14:58:05 2025] [FATAL] 宫人迎苌刺鬼，误中苌阴
[Tue Sep 23 14:58:05 2025] [ERROR] 拔矛，出血石余
[Tue Sep 23 14:58:05 2025] [ERROR] 医刺之，出血如梦
[Tue Sep 23 14:58:05 2025] [FATAL] 苌俱，走入宫
[Tue Sep 23 14:58:05 2025] [FATAL] 宫人迎苌刺鬼，误中苌阴
[Tue Sep 23 14:58:05 2025] [FATAL] 鬼相谓曰：正中死处
[Tue Sep 23 14:58:05 2025] [FATAL] 拔矛，出血石余
[Tue Sep 23 14:58:05 2025] [FATAL] 寐而惊悸，遂患阴肿
[Tue Sep 23 14:58:05 2025] [FATAL] 医刺之，出血如梦
[Tue Sep 23 14:59:08 2025] [FATAL] 苌俱，走入宫
[Tue Sep 23 14:59:08 2025] [FATAL] 宫人迎苌刺鬼，误中苌阴
[Tue Sep 23 14:59:08 2025] [ERROR] 拔矛，出血石余
[Tue Sep 23 14:59:08 2025] [ERROR] 医刺之，出血如梦
[Tue Sep 23 14:59:08 2025] [FATAL] 苌俱，走入宫
[Tue Sep 23 14:59:08 2025] [FATAL] 宫人迎苌刺鬼，误中苌阴
[Tue Sep 23 14:59:08 2025] [FATAL] 鬼相谓曰：正中死处
[Tue Sep 23 14:59:08 2025] [FATAL] 拔矛，出血石余
[Tue Sep 23 14:59:08 2025] [FATAL] 寐而惊悸，遂患阴肿
[Tue Sep 23 14:59:08 2025] [FATAL] 医刺之，出血如梦
[Tue Sep 23 14:59:43 2025] [FATAL] 苌俱，走入宫
[Tue Sep 23 14:59:43 2025] [FATAL] 宫人迎苌刺鬼，误中苌阴
[Tue Sep 23 14:59:43 2025] [ERROR] 拔矛，出血石余
[Tue Sep 23 14:59:43 2025] [ERROR] 医刺之，出血如梦
[Tue Sep 23 14:59:43 2025] [FATAL] 苌俱，走入宫
[Tue Sep 23 14:59:43 2025] [FATAL] 宫人迎苌刺鬼，误中苌阴
[Tue Sep 23 14:59:43 2025] [FATAL] 鬼相谓曰：正中死处
[Tue Sep 23 14:59:43 2025] [FATAL] 拔矛，出血石余
[Tue Sep 23 14:59:43 2025] [FATAL] 寐而惊悸，遂患阴肿
[Tue Sep 23 14:59:43 2025] [FATAL] 医刺之，出血如梦
[Tue Sep 23 15:01:32 2025] [FATAL] 苌俱，走入宫
[Tue Sep 23 15:01:32 2025] [FATAL] 宫人迎苌刺鬼，误中苌阴
[Tue Sep 23 15:01:32 2025] [ERROR] 拔矛，出血石余
[Tue Sep 23 15:01:32 2025] [ERROR] 医刺之，出血如梦
[Tue Sep 23 15:01:32 2025] [FATAL] 苌俱，走入宫
[Tue Sep 23 15:01:32 2025] [FATAL] 宫人迎苌刺鬼，误中苌阴
[Tue Sep 23 15:01:32 2025] [FATAL] 拔矛，出血石余
[Tue Sep 23 15:01:32 2025] [FATAL] 鬼相谓曰：正中死处
[Tue Sep 23 15:01:32 2025] [FATAL] 寐而惊悸，遂患阴肿
[Tue Sep 23 15:01:32 2025] [FATAL] 医刺之，出血如梦
[Tue Sep 23 15:03:18 2025] [FATAL] 苌俱，走入宫
[Tue Sep 23 15:03:18 2025] [FATAL] 宫人迎苌刺鬼，误中苌阴
[Tue Sep 23 15:03:18 2025] [ERROR] 拔矛，出血石余
[Tue Sep 23 15:03:18 2025] [ERROR] 医刺之，出血如梦
[Tue Sep 23 15:03:18 2025] [FATAL] 苌俱，走入宫
[Tue Sep 23 15:03:18 2025] [FATAL] 宫人迎苌刺鬼，误中苌阴
[Tue Sep 23 15:03:18 2025] [FATAL] 鬼相谓曰：正中死处[Tue Sep 23 15:03:18 2025] [FATAL] 拔矛，出血石余[Tue Sep 23 15:03:18 2025] [FATAL] 寐而惊悸，遂患阴肿
[Tue Sep 23 15:03:18 2025] [FATAL] 医刺之，出血如梦
[Tue Sep 23 15:03:58 2025] [FATAL] 苌俱，走入宫
[Tue Sep 23 15:03:58 2025] [FATAL] 宫人迎苌刺鬼，误中苌阴
[Tue Sep 23 15:03:58 2025] [ERROR] 拔矛，出血石余
[Tue Sep 23 15:03:58 2025] [ERROR] 医刺之，出血如梦
[Tue Sep 23 15:03:58 2025] [FATAL] 苌俱，走入宫
[Tue Sep 23 15:03:58 2025] [FATAL] 宫人迎苌刺鬼，误中苌阴
[Tue Sep 23 15:03:58 2025] [FATAL] 鬼相谓曰：正中死处
[Tue Sep 23 15:03:58 2025] [FATAL] 拔矛，出血石余[Tue Sep 23 15:03:58 2025] [FATAL] 寐而惊悸，遂患阴肿[Tue Sep 23 15:03:58 2025] [FATAL] 医刺之，出血如梦
[Tue Sep 23 15:04:39 2025] [FATAL] 苌俱，走入宫
[Tue Sep 23 15:04:39 2025] [FATAL] 宫人迎苌刺鬼，误中苌阴
[Tue Sep 23 15:04:39 2025] [ERROR] 拔矛，出血石余
[Tue Sep 23 15:04:39 2025] [ERROR] 医刺之，出血如梦
[Tue Sep 23 15:04:39 2025] [FATAL] 苌俱，走入宫
[Tue Sep 23 15:04:39 2025] [FATAL] 宫人迎苌刺鬼，误中苌阴
[Tue Sep 23 15:04:39 2025] [FATAL] 鬼相谓曰：正中死处
[Tue Sep 23 15:04:39 2025] [FATAL] 寐而惊悸，遂患阴肿
[Tue Sep 23 15:04:39 2025] [FATAL] 拔矛，出血石余
[Tue Sep 23 15:04:39 2025] [FATAL] 医刺之，出血如梦
[Tue Sep 23 15:04:59 2025] [FATAL] 苌俱，走入宫
[Tue Sep 23 15:04:59 2025] [FATAL] 宫人迎苌刺鬼，误中苌阴
[Tue Sep 23 15:04:59 2025] [ERROR] 拔矛，出血石余
[Tue Sep 23 15:04:59 2025] [ERROR] 医刺之，出血如梦
[Tue Sep 23 15:04:59 2025] [FATAL] 苌俱，走入宫
[Tue Sep 23 15:04:59 2025] [FATAL] 宫人迎苌刺鬼，误中苌阴
[Tue Sep 23 15:04:59 2025] [FATAL] 鬼相谓曰：正中死处
[Tue Sep 23 15:04:59 2025] [FATAL] 拔矛，出血石余
[Tue Sep 23 15:04:59 2025] [FATAL] 寐而惊悸，遂患阴肿
[Tue Sep 23 15:04:59 2025] [FATAL] 医刺之，出血如梦
[Tue Sep 23 15:05:23 2025] [FATAL] 苌俱，走入宫
[Tue Sep 23 15:05:23 2025] [FATAL] 宫人迎苌刺鬼，误中苌阴
[Tue Sep 23 15:05:23 2025] [ERROR] 拔矛，出血石余
[Tue Sep 23 15:05:23 2025] [ERROR] 医刺之，出血如梦
[Tue Sep 23 15:05:23 2025] [FATAL] 苌俱，走入宫
[Tue Sep 23 15:05:23 2025] [FATAL] 宫人迎苌刺鬼，误中苌阴
[Tue Sep 23 15:05:23 2025] [FATAL] 鬼相谓曰：正中死处
[Tue Sep 23 15:05:23 2025] [FATAL] 拔矛，出血石余
[Tue Sep 23 15:05:23 2025] [FATAL] 寐而惊悸，遂患阴肿
[Tue Sep 23 15:05:23 2025] [FATAL] 医刺之，出血如梦
[Tue Sep 23 15:05:46 2025] [FATAL] 苌俱，走入宫
[Tue Sep 23 15:05:46 2025] [FATAL] 宫人迎苌刺鬼，误中苌阴
[Tue Sep 23 15:05:46 2025] [ERROR] 拔矛，出血石余
[Tue Sep 23 15:05:46 2025] [ERROR] 医刺之，出血如梦
[Tue Sep 23 15:05:46 2025] [FATAL] 苌俱，走入宫
[Tue Sep 23 15:05:46 2025] [FATAL] 宫人迎苌刺鬼，误中苌阴
[Tue Sep 23 15:05:46 2025] [FATAL] 鬼相谓曰：正中死处
[Tue Sep 23 15:05:46 2025] [FATAL] 拔矛，出血石余
[Tue Sep 23 15:05:46 2025] [FATAL] 寐而惊悸，遂患阴肿
[Tue Sep 23 15:05:46 2025] [FATAL] 医刺之，出血如梦
[Tue Sep 23 15:07:12 2025] [FATAL] 苌俱，走入宫
[Tue Sep 23 15:07:12 2025] [FATAL] 宫人迎苌刺鬼，误中苌阴
[Tue Sep 23 15:07:12 2025] [ERROR] 拔矛，出血石余
[Tue Sep 23 15:07:12 2025] [ERROR] 医刺之，出血如梦
[Tue Sep 23 15:07:12 2025] [FATAL] 苌俱，走入宫[Tue Sep 23 15:07:12 2025] [FATAL] 宫人迎苌刺鬼，误中苌阴[Tue Sep 23 15:07:12 2025] [FATAL] 鬼相谓曰：正中死处
[Tue Sep 23 15:07:12 2025] [FATAL] 拔矛，出血石余
[Tue Sep 23 15:07:12 2025] [FATAL] 寐而惊悸，遂患阴肿
[Tue Sep 23 15:07:12 2025] [FATAL] 医刺之，出血如梦
[Tue Sep 23 15:07:40 2025] [FATAL] 苌俱，走入宫
[Tue Sep 23 15:07:40 2025] [FATAL] 宫人迎苌刺鬼，误中苌阴[Tue Sep 23 15:07:40 2025] [ERROR] 拔矛，出血石余[Tue Sep 23 15:07:40 2025] [ERROR] 医刺之，出血如梦
[Tue Sep 23 15:07:40 2025] [FATAL] 苌俱，走入宫
[Tue Sep 23 15:07:40 2025] [FATAL] 宫人迎苌刺鬼，误中苌阴
[Tue Sep 23 15:07:40 2025] [FATAL] 鬼相谓曰：正中死处
[Tue Sep 23 15:07:40 2025] [FATAL] 拔矛，出血石余
[Tue Sep 23 15:07:40 2025] [FATAL] 寐而惊悸，遂患阴肿
[Tue Sep 23 15:07:40 2025] [FATAL] 医刺之，出血如梦
[Tue Sep 23 15:08:06 2025] [FATAL] 苌俱，走入宫
[Tue Sep 23 15:08:06 2025] [FATAL] 宫人迎苌刺鬼，误中苌阴
[Tue Sep 23 15:08:06 2025] [ERROR] 拔矛，出血石余
[Tue Sep 23 15:08:06 2025] [ERROR] 医刺之，出血如梦
[Tue Sep 23 15:08:06 2025] [FATAL] 苌俱，走入宫
[Tue Sep 23 15:08:06 2025] [FATAL] 宫人迎苌刺鬼，误中苌阴
[Tue Sep 23 15:08:06 2025] [FATAL] 鬼相谓曰：正中死处
[Tue Sep 23 15:08:06 2025] [FATAL] 拔矛，出血石余
[Tue Sep 23 15:08:06 2025] [FATAL] 寐而惊悸，遂患阴肿
[Tue Sep 23 15:08:06 2025] [FATAL] 医刺之，出血如梦
[Tue Sep 23 15:08:24 2025] [FATAL] 苌俱，走入宫
[Tue Sep 23 15:08:24 2025] [FATAL] 宫人迎苌刺鬼，误中苌阴
[Tue Sep 23 15:08:24 2025] [ERROR] 拔矛，出血石余
[Tue Sep 23 15:08:24 2025] [ERROR] 医刺之，出血如梦
[Tue Sep 23 15:08:24 2025] [FATAL] 苌俱，走入宫
[Tue Sep 23 15:08:24 2025] [FATAL] 宫人迎苌刺鬼，误中苌阴
[Tue Sep 23 15:08:24 2025] [FATAL] 鬼相谓曰：正中死处
[Tue Sep 23 15:08:24 2025] [FATAL] 拔矛，出血石余
[Tue Sep 23 15:08:24 2025] [FATAL] 寐而惊悸，遂患阴肿
[Tue Sep 23 15:08:24 2025] [FATAL] 医刺之，出血如梦
[Tue Sep 23 15:08:40 2025] [FATAL] 苌俱，走入宫
[Tue Sep 23 15:08:40 2025] [FATAL] 宫人迎苌刺鬼，误中苌阴
[Tue Sep 23 15:08:40 2025] [ERROR] 拔矛，出血石余
[Tue Sep 23 15:08:40 2025] [ERROR] 医刺之，出血如梦
[Tue Sep 23 15:08:40 2025] [FATAL] 苌俱，走入宫
[Tue Sep 23 15:08:40 2025] [FATAL] 宫人迎苌刺鬼，误中苌阴
[Tue Sep 23 15:08:40 2025] [FATAL] 拔矛，出血石余
[Tue Sep 23 15:08:40 2025] [FATAL] 鬼相谓曰：正中死处
[Tue Sep 23 15:08:40 2025] [FATAL] 寐而惊悸，遂患阴肿
[Tue Sep 23 15:08:40 2025] [FATAL] 医刺之，出血如梦
[Tue Sep 23 15:09:36 2025] [FATAL] 苌俱，走入宫
[Tue Sep 23 15:09:36 2025] [FATAL] 宫人迎苌刺鬼，误中苌阴
[Tue Sep 23 15:09:36 2025] [ERROR] 拔矛，出血石余
[Tue Sep 23 15:09:36 2025] [ERROR] 医刺之，出血如梦
[Tue Sep 23 15:09:36 2025] [FATAL] 苌俱，走入宫
[Tue Sep 23 15:09:36 2025] [FATAL] 宫人迎苌刺鬼，误中苌阴
[Tue Sep 23 15:09:36 2025] [FATAL] 鬼相谓曰：正中死处
[Tue Sep 23 15:09:36 2025] [FATAL] 拔矛，出血石余
[Tue Sep 23 15:09:36 2025] [FATAL] 寐而惊悸，遂患阴肿
[Tue Sep 23 15:09:36 2025] [FATAL] 医刺之，出血如梦
[Tue Sep 23 15:10:12 2025] [FATAL] 苌俱，走入宫
[Tue Sep 23 15:10:12 2025] [FATAL] 宫人迎苌刺鬼，误中苌阴
[Tue Sep 23 15:10:12 2025] [ERROR] 拔矛，出血石余
[Tue Sep 23 15:10:12 2025] [ERROR] 医刺之，出血如梦
[Tue Sep 23 15:10:12 2025] [FATAL] 苌俱，走入宫
[Tue Sep 23 15:10:12 2025] [FATAL] 宫人迎苌刺鬼，误中苌阴
[Tue Sep 23 15:10:12 2025] [FATAL] 鬼相谓曰：正中死处
[Tue Sep 23 15:10:12 2025] [FATAL] 拔矛，出血石余
[Tue Sep 23 15:10:12 2025] [FATAL] 寐而惊悸，遂患阴肿
[Tue Sep 23 15:10:12 2025] [FATAL] 医刺之，出血如梦
[Tue Sep 23 15:10:47 2025] [FATAL] 苌俱，走入宫
[Tue Sep 23 15:10:47 2025] [FATAL] 宫人迎苌刺鬼，误中苌阴
[Tue Sep 23 15:10:47 2025] [ERROR] 拔矛，出血石余
[Tue Sep 23 15:10:47 2025] [ERROR] 医刺之，出血如梦
[Tue Sep 23 15:10:47 2025] [FATAL] 苌俱，走入宫[Tue Sep 23 15:10:47 2025] [FATAL] 拔矛，出血石余
[Tue Sep 23 15:10:47 2025] [FATAL] 宫人迎苌刺鬼，误中苌阴[Tue Sep 23 15:10:47 2025] [FATAL] 鬼相谓曰：正中死处[Tue Sep 23 15:10:47 2025] [FATAL] 寐而惊悸，遂患阴肿
[Tue Sep 23 15:10:47 2025] [FATAL] 医刺之，出血如梦
[Tue Sep 23 15:15:58 2025] [FATAL] 苌俱，走入宫
[Tue Sep 23 15:15:58 2025] [FATAL] 宫人迎苌刺鬼，误中苌阴
[Tue Sep 23 15:15:58 2025] [ERROR] 拔矛，出血石余
[Tue Sep 23 15:15:58 2025] [ERROR] 医刺之，出血如梦
[Tue Sep 23 15:15:58 2025] [FATAL] 苌俱，走入宫[Tue Sep 23 15:15:58 2025] [FATAL] 宫人迎苌刺鬼，误中苌阴[Tue Sep 23 15:15:58 2025] [FATAL] 鬼相谓曰：正中死处[Tue Sep 23 15:15:58 2025] [FATAL] 拔矛，出血石余
[Tue Sep 23 15:15:58 2025] [FATAL] 医刺之，出血如梦
[Tue Sep 23 15:15:58 2025] [FATAL] 寐而惊悸，遂患阴肿
[Tue Sep 23 15:23:41 2025] [FATAL] 苌俱，走入宫
[Tue Sep 23 15:23:41 2025] [FATAL] 宫人迎苌刺鬼，误中苌阴
[Tue Sep 23 15:23:41 2025] [ERROR] 拔矛，出血石余
[Tue Sep 23 15:23:41 2025] [ERROR] 医刺之，出血如梦
[Tue Sep 23 15:23:41 2025] [FATAL] 苌俱，走入宫
[Tue Sep 23 15:23:41 2025] [FATAL] 宫人迎苌刺鬼，误中苌阴
[Tue Sep 23 15:23:41 2025] [FATAL] 鬼相谓曰：正中死处
[Tue Sep 23 15:23:41 2025] [FATAL] 拔矛，出血石余
[Tue Sep 23 15:23:41 2025] [FATAL] 寐而惊悸，遂患阴肿
[Tue Sep 23 15:23:41 2025] [FATAL] 医刺之，出血如梦
[Tue Sep 23 15:24:47 2025] [FATAL] 苌俱，走入宫
[Tue Sep 23 15:24:47 2025] [FATAL] 宫人迎苌刺鬼，误中苌阴
[Tue Sep 23 15:24:47 2025] [ERROR] 拔矛，出血石余
[Tue Sep 23 15:24:47 2025] [ERROR] 医刺之，出血如梦
[Tue Sep 23 15:24:47 2025] [FATAL] 苌俱，走入宫
[Tue Sep 23 15:24:47 2025] [FATAL] 宫人迎苌刺鬼，误中苌阴
[Tue Sep 23 15:24:47 2025] [FATAL] 鬼相谓曰：正中死处
[Tue Sep 23 15:24:47 2025] [FATAL] 拔矛，出血石余
[Tue Sep 23 15:24:47 2025] [FATAL] 寐而惊悸，遂患阴肿
[Tue Sep 23 15:24:47 2025] [FATAL] 医刺之，出血如梦
[Tue Sep 23 15:25:06 2025] [FATAL] 苌俱，走入宫
[Tue Sep 23 15:25:06 2025] [FATAL] 宫人迎苌刺鬼，误中苌阴
[Tue Sep 23 15:25:06 2025] [ERROR] 拔矛，出血石余
[Tue Sep 23 15:25:06 2025] [ERROR] 医刺之，出血如梦
[Tue Sep 23 15:25:06 2025] [FATAL] 苌俱，走入宫
[Tue Sep 23 15:25:06 2025] [FATAL] 宫人迎苌刺鬼，误中苌阴
[Tue Sep 23 15:25:06 2025] [FATAL] 鬼相谓曰：正中死处
[Tue Sep 23 15:25:06 2025] [FATAL] 拔矛，出血石余
[Tue Sep 23 15:25:06 2025] [FATAL] 寐而惊悸，遂患阴肿
[Tue Sep 23 15:25:06 2025] [FATAL] 医刺之，出血如梦
[Tue Sep 23 15:25:25 2025] [FATAL] 苌俱，走入宫
[Tue Sep 23 15:25:25 2025] [FATAL] 宫人迎苌刺鬼，误中苌阴
[Tue Sep 23 15:25:25 2025] [ERROR] 拔矛，出血石余
[Tue Sep 23 15:25:25 2025] [ERROR] 医刺之，出血如梦
[Tue Sep 23 15:25:25 2025] [FATAL] 苌俱，走入宫
[Tue Sep 23 15:25:25 2025] [FATAL] 宫人迎苌刺鬼，误中苌阴
[Tue Sep 23 15:25:25 2025] [FATAL] 鬼相谓曰：正中死处
[Tue Sep 23 15:25:25 2025] [FATAL] 拔矛，出血石余
[Tue Sep 23 15:25:25 2025] [FATAL] 寐而惊悸，遂患阴肿
[Tue Sep 23 15:25:25 2025] [FATAL] 医刺之，出血如梦
[Tue Sep 23 15:25:42 2025] [FATAL] 苌俱，走入宫
[Tue Sep 23 15:25:42 2025] [FATAL] 宫人迎苌刺鬼，误中苌阴
[Tue Sep 23 15:25:42 2025] [ERROR] 拔矛，出血石余
[Tue Sep 23 15:25:42 2025] [ERROR] 医刺之，出血如梦
[Tue Sep 23 15:25:42 2025] [FATAL] 苌俱，走入宫
[Tue Sep 23 15:25:42 2025] [FATAL] 宫人迎苌刺鬼，误中苌阴
[Tue Sep 23 15:25:42 2025] [FATAL] 鬼相谓曰：正中死处
[Tue Sep 23 15:25:42 2025] [FATAL] 拔矛，出血石余
[Tue Sep 23 15:25:42 2025] [FATAL] 寐而惊悸，遂患阴肿
[Tue Sep 23 15:25:42 2025] [FATAL] 医刺之，出血如梦
[Tue Sep 23 15:26:29 2025] [FATAL] 苌俱，走入宫
[Tue Sep 23 15:26:29 2025] [FATAL] 宫人迎苌刺鬼，误中苌阴
[Tue Sep 23 15:26:29 2025] [ERROR] 拔矛，出血石余
[Tue Sep 23 15:26:29 2025] [ERROR] 医刺之，出血如梦
[Tue Sep 23 15:26:29 2025] [FATAL] 苌俱，走入宫
[Tue Sep 23 15:26:29 2025] [FATAL] 宫人迎苌刺鬼，误中苌阴
[Tue Sep 23 15:26:29 2025] [FATAL] 鬼相谓曰：正中死处
[Tue Sep 23 15:26:29 2025] [FATAL] 拔矛，出血石余
[Tue Sep 23 15:26:29 2025] [FATAL] 寐而惊悸，遂患阴肿
[Tue Sep 23 15:26:29 2025] [FATAL] 医刺之，出血如梦
[Tue Sep 23 15:26:45 2025] [FATAL] 苌俱，走入宫
[Tue Sep 23 15:26:45 2025] [FATAL] 宫人迎苌刺鬼，误中苌阴
[Tue Sep 23 15:26:45 2025] [ERROR] 拔矛，出血石余
[Tue Sep 23 15:26:45 2025] [ERROR] 医刺之，出血如梦
[Tue Sep 23 15:26:45 2025] [FATAL] 苌俱，走入宫
[Tue Sep 23 15:26:45 2025] [FATAL] 宫人迎苌刺鬼，误中苌阴
[Tue Sep 23 15:26:45 2025] [FATAL] 鬼相谓曰：正中死处
[Tue Sep 23 15:26:45 2025] [FATAL] 拔矛，出血石余
[Tue Sep 23 15:26:45 2025] [FATAL] 寐而惊悸，遂患阴肿
[Tue Sep 23 15:26:45 2025] [FATAL] 医刺之，出血如梦
[Tue Sep 23 15:32:41 2025] [FATAL] 苌俱，走入宫
[Tue Sep 23 15:32:41 2025] [FATAL] 宫人迎苌刺鬼，误中苌阴
[Tue Sep 23 15:32:41 2025] [ERROR] 拔矛，出血石余
[Tue Sep 23 15:32:41 2025] [ERROR] 医刺之，出血如梦
[Tue Sep 23 15:32:41 2025] [FATAL] 苌俱，走入宫
[Tue Sep 23 15:32:41 2025] [FATAL] 宫人迎苌刺鬼，误中苌阴
[Tue Sep 23 15:32:41 2025] [FATAL] 鬼相谓曰：正中死处
[Tue Sep 23 15:32:41 2025] [FATAL] 拔矛，出血石余
[Tue Sep 23 15:32:41 2025] [FATAL] 寐而惊悸，遂患阴肿
[Tue Sep 23 15:32:41 2025] [FATAL] 医刺之，出血如梦
[Tue Sep 23 15:32:59 2025] [FATAL] 苌俱，走入宫
[Tue Sep 23 15:32:59 2025] [FATAL] 宫人迎苌刺鬼，误中苌阴
[Tue Sep 23 15:32:59 2025] [ERROR] 拔矛，出血石余
[Tue Sep 23 15:32:59 2025] [ERROR] 医刺之，出血如梦
[Tue Sep 23 15:32:59 2025] [FATAL] 苌俱，走入宫
[Tue Sep 23 15:32:59 2025] [FATAL] 宫人迎苌刺鬼，误中苌阴
[Tue Sep 23 15:32:59 2025] [FATAL] 鬼相谓曰：正中死处
[Tue Sep 23 15:32:59 2025] [FATAL] 拔矛，出血石余
[Tue Sep 23 15:32:59 2025] [FATAL] 寐而惊悸，遂患阴肿
[Tue Sep 23 15:32:59 2025] [FATAL] 医刺之，出血如梦
[Tue Sep 23 15:33:15 2025] [FATAL] 苌俱，走入宫
[Tue Sep 23 15:33:15 2025] [FATAL] 宫人迎苌刺鬼，误中苌阴
[Tue Sep 23 15:33:15 2025] [ERROR] 拔矛，出血石余
[Tue Sep 23 15:33:15 2025] [ERROR] 医刺之，出血如梦
[Tue Sep 23 15:33:15 2025] [FATAL] 苌俱，走入宫
[Tue Sep 23 15:33:15 2025] [FATAL] 宫人迎苌刺鬼，误中苌阴
[Tue Sep 23 15:33:15 2025] [FATAL] 鬼相谓曰：正中死处
[Tue Sep 23 15:33:15 2025] [FATAL] 拔矛，出血石余
[Tue Sep 23 15:33:15 2025] [FATAL] 寐而惊悸，遂患阴肿
[Tue Sep 23 15:33:15 2025] [FATAL] 医刺之，出血如梦
[Tue Sep 23 15:35:11 2025] [FATAL] 苌俱，走入宫
[Tue Sep 23 15:35:11 2025] [FATAL] 宫人迎苌刺鬼，误中苌阴
[Tue Sep 23 15:35:11 2025] [ERROR] 拔矛，出血石余
[Tue Sep 23 15:35:11 2025] [ERROR] 医刺之，出血如梦
[Tue Sep 23 15:35:11 2025] [FATAL] 苌俱，走入宫
[Tue Sep 23 15:35:11 2025] [FATAL] 宫人迎苌刺鬼，误中苌阴
[Tue Sep 23 15:35:11 2025] [FATAL] 鬼相谓曰：正中死处
[Tue Sep 23 15:35:11 2025] [FATAL] 拔矛，出血石余
[Tue Sep 23 15:35:11 2025] [FATAL] 寐而惊悸，遂患阴肿
[Tue Sep 23 15:35:11 2025] [FATAL] 医刺之，出血如梦
[Tue Sep 23 15:37:19 2025] [FATAL] 苌俱，走入宫
[Tue Sep 23 15:37:19 2025] [FATAL] 宫人迎苌刺鬼，误中苌阴
[Tue Sep 23 15:37:19 2025] [ERROR] 拔矛，出血石余[Tue Sep 23 15:37:19 2025] [ERROR] 医刺之，出血如梦
[Tue Sep 23 15:37:19 2025] [FATAL] 苌俱，走入宫
[Tue Sep 23 15:37:19 2025] [FATAL] 宫人迎苌刺鬼，误中苌阴
[Tue Sep 23 15:37:19 2025] [FATAL] 鬼相谓曰：正中死处
[Tue Sep 23 15:37:19 2025] [FATAL] 拔矛，出血石余
[Tue Sep 23 15:37:19 2025] [FATAL] 寐而惊悸，遂患阴肿
[Tue Sep 23 15:37:19 2025] [FATAL] 医刺之，出血如梦
[Tue Sep 23 15:40:47 2025] [FATAL] 苌俱，走入宫
[Tue Sep 23 15:40:47 2025] [FATAL] 宫人迎苌刺鬼，误中苌阴
[Tue Sep 23 15:40:47 2025] [ERROR] 拔矛，出血石余
[Tue Sep 23 15:40:47 2025] [ERROR] 医刺之，出血如梦
[Tue Sep 23 15:40:47 2025] [FATAL] 苌俱，走入宫
[Tue Sep 23 15:40:47 2025] [FATAL] 宫人迎苌刺鬼，误中苌阴
[Tue Sep 23 15:40:47 2025] [FATAL] 鬼相谓曰：正中死处
[Tue Sep 23 15:40:47 2025] [FATAL] 寐而惊悸，遂患阴肿
[Tue Sep 23 15:40:47 2025] [FATAL] 医刺之，出血如梦
[Tue Sep 23 15:40:47 2025] [FATAL] 拔矛，出血石余
[Tue Sep 23 15:42:52 2025] [FATAL] 苌俱，走入宫
[Tue Sep 23 15:42:52 2025] [FATAL] 宫人迎苌刺鬼，误中苌阴
[Tue Sep 23 15:42:52 2025] [ERROR] 拔矛，出血石余
[Tue Sep 23 15:42:52 2025] [ERROR] 医刺之，出血如梦
[Tue Sep 23 15:42:52 2025] [FATAL] 苌俱，走入宫
[Tue Sep 23 15:42:52 2025] [FATAL] 宫人迎苌刺鬼，误中苌阴
[Tue Sep 23 15:42:52 2025] [FATAL] 鬼相谓曰：正中死处
[Tue Sep 23 15:42:52 2025] [FATAL] 拔矛，出血石余
[Tue Sep 23 15:42:52 2025] [FATAL] 寐而惊悸，遂患阴肿
[Tue Sep 23 15:42:52 2025] [FATAL] 医刺之，出血如梦
[Tue Sep 23 15:43:46 2025] [FATAL] 苌俱，走入宫
[Tue Sep 23 15:43:46 2025] [FATAL] 宫人迎苌刺鬼，误中苌阴
[Tue Sep 23 15:43:46 2025] [ERROR] 拔矛，出血石余
[Tue Sep 23 15:43:46 2025] [ERROR] 医刺之，出血如梦
[Tue Sep 23 15:43:46 2025] [FATAL] 苌俱，走入宫
[Tue Sep 23 15:43:46 2025] [FATAL] 宫人迎苌刺鬼，误中苌阴
[Tue Sep 23 15:43:46 2025] [FATAL] 鬼相谓曰：正中死处
[Tue Sep 23 15:43:46 2025] [FATAL] 拔矛，出血石余
[Tue Sep 23 15:43:46 2025] [FATAL] 寐而惊悸，遂患阴肿
[Tue Sep 23 15:43:46 2025] [FATAL] 医刺之，出血如梦
[Tue Sep 23 15:45:05 2025] [FATAL] 苌俱，走入宫
[Tue Sep 23 15:45:05 2025] [FATAL] 宫人迎苌刺鬼，误中苌阴
[Tue Sep 23 15:45:05 2025] [ERROR] 拔矛，出血石余
[Tue Sep 23 15:45:05 2025] [ERROR] 医刺之，出血如梦
[Tue Sep 23 15:45:05 2025] [FATAL] 苌俱，走入宫
[Tue Sep 23 15:45:05 2025] [FATAL] 宫人迎苌刺鬼，误中苌阴
[Tue Sep 23 15:45:05 2025] [FATAL] 鬼相谓曰：正中死处
[Tue Sep 23 15:45:05 2025] [FATAL] 拔矛，出血石余
[Tue Sep 23 15:45:05 2025] [FATAL] 寐而惊悸，遂患阴肿
[Tue Sep 23 15:45:05 2025] [FATAL] 医刺之，出血如梦
[Tue Sep 23 15:46:01 2025] [FATAL] 苌俱，走入宫
[Tue Sep 23 15:46:01 2025] [FATAL] 宫人迎苌刺鬼，误中苌阴
[Tue Sep 23 15:46:01 2025] [ERROR] 拔矛，出血石余[Tue Sep 23 15:46:01 2025] [ERROR] 医刺之，出血如梦
[Tue Sep 23 15:46:01 2025] [FATAL] 苌俱，走入宫
[Tue Sep 23 15:46:01 2025] [FATAL] 宫人迎苌刺鬼，误中苌阴
[Tue Sep 23 15:46:01 2025] [FATAL] 鬼相谓曰：正中死处
[Tue Sep 23 15:46:01 2025] [FATAL] 拔矛，出血石余
[Tue Sep 23 15:46:01 2025] [FATAL] 寐而惊悸，遂患阴肿
[Tue Sep 23 15:46:01 2025] [FATAL] 医刺之，出血如梦
[Tue Sep 23 15:46:32 2025] [FATAL] 苌俱，走入宫
[Tue Sep 23 15:46:32 2025] [FATAL] 宫人迎苌刺鬼，误中苌阴
[Tue Sep 23 15:46:32 2025] [ERROR] 拔矛，出血石余
[Tue Sep 23 15:46:32 2025] [ERROR] 医刺之，出血如梦
[Tue Sep 23 15:46:32 2025] [FATAL] 苌俱，走入宫
[Tue Sep 23 15:46:32 2025] [FATAL] 宫人迎苌刺鬼，误中苌阴
[Tue Sep 23 15:46:32 2025] [FATAL] 鬼相谓曰：正中死处
[Tue Sep 23 15:46:32 2025] [FATAL] 拔矛，出血石余
[Tue Sep 23 15:46:32 2025] [FATAL] 寐而惊悸，遂患阴肿
[Tue Sep 23 15:46:32 2025] [FATAL] 医刺之，出血如梦
[Tue Sep 23 15:47:04 2025] [FATAL] 苌俱，走入宫
[Tue Sep 23 15:47:04 2025] [FATAL] 宫人迎苌刺鬼，误中苌阴
[Tue Sep 23 15:47:04 2025] [ERROR] 拔矛，出血石余
[Tue Sep 23 15:47:04 2025] [ERROR] 医刺之，出血如梦
[Tue Sep 23 15:47:04 2025] [FATAL] 苌俱，走入宫
[Tue Sep 23 15:47:04 2025] [FATAL] 鬼相谓曰：正中死处
[Tue Sep 23 15:47:04 2025] [FATAL] 宫人迎苌刺鬼，误中苌阴
[Tue Sep 23 15:47:04 2025] [FATAL] 拔矛，出血石余
[Tue Sep 23 15:47:04 2025] [FATAL] 寐而惊悸，遂患阴肿
[Tue Sep 23 15:47:04 2025] [FATAL] 医刺之，出血如梦
[Tue Sep 23 15:47:59 2025] [FATAL] 苌俱，走入宫
[Tue Sep 23 15:47:59 2025] [FATAL] 宫人迎苌刺鬼，误中苌阴
[Tue Sep 23 15:47:59 2025] [ERROR] 拔矛，出血石余
[Tue Sep 23 15:47:59 2025] [ERROR] 医刺之，出血如梦
[Tue Sep 23 15:47:59 2025] [FATAL] 苌俱，走入宫
[Tue Sep 23 15:47:59 2025] [FATAL] 宫人迎苌刺鬼，误中苌阴[Tue Sep 23 15:47:59 2025] [FATAL] 拔矛，出血石余
[Tue Sep 23 15:47:59 2025] [FATAL] 鬼相谓曰：正中死处
[Tue Sep 23 15:47:59 2025] [FATAL] 寐而惊悸，遂患阴肿
[Tue Sep 23 15:47:59 2025] [FATAL] 医刺之，出血如梦
[Tue Sep 23 15:49:25 2025] [FATAL] 苌俱，走入宫
[Tue Sep 23 15:49:25 2025] [FATAL] 宫人迎苌刺鬼，误中苌阴
[Tue Sep 23 15:49:25 2025] [ERROR] 拔矛，出血石余
[Tue Sep 23 15:49:25 2025] [ERROR] 医刺之，出血如梦
[Tue Sep 23 15:49:25 2025] [FATAL] 苌俱，走入宫
[Tue Sep 23 15:49:25 2025] [FATAL] 宫人迎苌刺鬼，误中苌阴
[Tue Sep 23 15:49:25 2025] [FATAL] 鬼相谓曰：正中死处[Tue Sep 23 15:49:25 2025] [FATAL] 拔矛，出血石余[Tue Sep 23 15:49:25 2025] [FATAL] 寐而惊悸，遂患阴肿
[Tue Sep 23 15:49:25 2025] [FATAL] 医刺之，出血如梦
[Tue Sep 23 15:49:46 2025] [FATAL] 苌俱，走入宫
[Tue Sep 23 15:49:46 2025] [FATAL] 宫人迎苌刺鬼，误中苌阴
[Tue Sep 23 15:49:46 2025] [ERROR] 拔矛，出血石余
[Tue Sep 23 15:49:46 2025] [ERROR] 医刺之，出血如梦
[Tue Sep 23 15:49:46 2025] [FATAL] 苌俱，走入宫
[Tue Sep 23 15:49:46 2025] [FATAL] 宫人迎苌刺鬼，误中苌阴
[Tue Sep 23 15:49:46 2025] [FATAL] 鬼相谓曰：正中死处
[Tue Sep 23 15:49:46 2025] [FATAL] 拔矛，出血石余
[Tue Sep 23 15:49:46 2025] [FATAL] 寐而惊悸，遂患阴肿
[Tue Sep 23 15:49:46 2025] [FATAL] 医刺之，出血如梦
[Tue Sep 23 15:50:43 2025] [FATAL] 苌俱，走入宫
[Tue Sep 23 15:50:43 2025] [FATAL] 宫人迎苌刺鬼，误中苌阴
[Tue Sep 23 15:50:43 2025] [FATAL] 苌俱，走入宫
[Tue Sep 23 15:50:43 2025] [ERROR] 拔矛，出血石余
[Tue Sep 23 15:50:43 2025] [ERROR] 医刺之，出血如梦
[Tue Sep 23 15:50:43 2025] [FATAL] 宫人迎苌刺鬼，误中苌阴
[Tue Sep 23 15:50:43 2025] [FATAL] 鬼相谓曰：正中死处
[Tue Sep 23 15:50:43 2025] [FATAL] 拔矛，出血石余
[Tue Sep 23 15:50:43 2025] [FATAL] 寐而惊悸，遂患阴肿
[Tue Sep 23 15:50:43 2025] [FATAL] 医刺之，出血如梦
[Tue Sep 23 15:52:06 2025] [FATAL] 苌俱，走入宫
[Tue Sep 23 15:52:06 2025] [FATAL] 宫人迎苌刺鬼，误中苌阴
[Tue Sep 23 15:52:06 2025] [ERROR] 拔矛，出血石余
[Tue Sep 23 15:52:06 2025] [ERROR] 医刺之，出血如梦
[Tue Sep 23 15:52:06 2025] [FATAL] 苌俱，走入宫
[Tue Sep 23 15:52:06 2025] [FATAL] 宫人迎苌刺鬼，误中苌阴
[Tue Sep 23 15:52:06 2025] [FATAL] 鬼相谓曰：正中死处
[Tue Sep 23 15:52:06 2025] [FATAL] 拔矛，出血石余
[Tue Sep 23 15:52:06 2025] [FATAL] 寐而惊悸，遂患阴肿
[Tue Sep 23 15:52:06 2025] [FATAL] 医刺之，出血如梦
[Tue Sep 23 15:53:48 2025] [FATAL] 苌俱，走入宫
[Tue Sep 23 15:53:48 2025] [FATAL] 宫人迎苌刺鬼，误中苌阴
[Tue Sep 23 15:53:48 2025] [ERROR] 拔矛，出血石余
[Tue Sep 23 15:53:48 2025] [ERROR] 医刺之，出血如梦
[Tue Sep 23 15:53:48 2025] [FATAL] 苌俱，走入宫
[Tue Sep 23 15:53:48 2025] [FATAL] 宫人迎苌刺鬼，误中苌阴
[Tue Sep 23 15:53:48 2025] [FATAL] 鬼相谓曰：正中死处
[Tue Sep 23 15:53:48 2025] [FATAL] 拔矛，出血石余
[Tue Sep 23 15:53:48 2025] [FATAL] 寐而惊悸，遂患阴肿
[Tue Sep 23 15:53:48 2025] [FATAL] 医刺之，出血如梦
[Tue Sep 23 15:57:34 2025] [FATAL] 苌俱，走入宫
[Tue Sep 23 15:57:34 2025] [FATAL] 宫人迎苌刺鬼，误中苌阴
[Tue Sep 23 15:57:34 2025] [ERROR] 拔矛，出血石余
[Tue Sep 23 15:57:34 2025] [ERROR] 医刺之，出血如梦
[Tue Sep 23 15:57:34 2025] [FATAL] 苌俱，走入宫
[Tue Sep 23 15:57:34 2025] [FATAL] 宫人迎苌刺鬼，误中苌阴
[Tue Sep 23 15:57:34 2025] [FATAL] 鬼相谓曰：正中死处
[Tue Sep 23 15:57:34 2025] [FATAL] 拔矛，出血石余
[Tue Sep 23 15:57:34 2025] [FATAL] 寐而惊悸，遂患阴肿
[Tue Sep 23 15:57:34 2025] [FATAL] 医刺之，出血如梦
[Tue Sep 23 15:59:09 2025] [FATAL] 宫人迎苌刺鬼，误中苌阴
[Tue Sep 23 15:59:09 2025] [FATAL] 苌俱，走入宫
[Tue Sep 23 15:59:09 2025] [FATAL] 苌俱，走入宫
[Tue Sep 23 15:59:09 2025] [ERROR] 医刺之，出血如梦
[Tue Sep 23 15:59:09 2025] [FATAL] 鬼相谓曰：正中死处[Tue Sep 23 15:59:09 2025] [FATAL] 拔矛，出血石余[Tue Sep 23 15:59:09 2025] [FATAL] 医刺之，出血如梦[Tue Sep 23 15:59:09 2025] [ERROR] 拔矛，出血石余[Tue Sep 23 15:59:09 2025] [FATAL] 宫人迎苌刺鬼，误中苌阴[Tue Sep 23 15:59:09 2025] [FATAL] 寐而惊悸，遂患阴肿
[Tue Sep 23 16:07:36 2025] [ERROR] 医刺之，出血如梦
[Tue Sep 23 16:07:36 2025] [FATAL] 苌俱，走入宫
[Tue Sep 23 16:07:36 2025] [FATAL] 宫人迎苌刺鬼，误中苌阴
[Tue Sep 23 16:07:36 2025] [FATAL] 医刺之，出血如梦
[Tue Sep 23 16:07:36 2025] [FATAL] 拔矛，出血石余[Tue Sep 23 16:07:36 2025] [FATAL] 寐而惊悸，遂患阴肿
[Tue Sep 23 16:07:36 2025] [FATAL] 鬼相谓曰：正中死处
[Tue Sep 23 16:07:36 2025] [FATAL] 苌俱，走入宫
[Tue Sep 23 16:07:36 2025] [ERROR] 拔矛，出血石余
[Tue Sep 23 16:07:36 2025] [FATAL] 宫人迎苌刺鬼，误中苌阴
[Thu Sep 25 12:57:01 2025] [ERROR] 拔矛，出血石余
[Thu Sep 25 12:57:01 2025] [FATAL] 鬼相谓曰：正中死处
[Thu Sep 25 12:57:01 2025] [FATAL] 苌俱，走入宫[Thu Sep 25 12:57:01 2025] [FATAL] 医刺之，出血如梦
[Thu Sep 25 12:57:01 2025] [FATAL] 宫人迎苌刺鬼，误中苌阴
[Thu Sep 25 12:57:01 2025] [FATAL] 苌俱，走入宫[Thu Sep 25 12:57:01 2025] [FATAL] 宫人迎苌刺鬼，误中苌阴[Thu Sep 25 12:57:01 2025] [ERROR] 医刺之，出血如梦
[Thu Sep 25 12:57:01 2025] [FATAL] 寐而惊悸，遂患阴肿[Thu Sep 25 12:57:01 2025] [FATAL] 拔矛，出血石余
[Thu Sep 25 12:58:46 2025] [FATAL] 苌俱，走入宫
[Thu Sep 25 12:58:46 2025] [FATAL] 宫人迎苌刺鬼，误中苌阴
[Thu Sep 25 12:58:46 2025] [ERROR] 拔矛，出血石余
[Thu Sep 25 12:58:46 2025] [ERROR] 医刺之，出血如梦
[Thu Sep 25 12:58:46 2025] [FATAL] 苌俱，走入宫
[Thu Sep 25 12:58:46 2025] [FATAL] 宫人迎苌刺鬼，误中苌阴
[Thu Sep 25 12:58:46 2025] [FATAL] 鬼相谓曰：正中死处
[Thu Sep 25 12:58:46 2025] [FATAL] 拔矛，出血石余
[Thu Sep 25 12:58:46 2025] [FATAL] 寐而惊悸，遂患阴肿
[Thu Sep 25 12:58:46 2025] [FATAL] 医刺之，出血如梦
[Thu Sep 25 13:08:50 2025] [FATAL] 苌俱，走入宫
[Thu Sep 25 13:08:50 2025] [FATAL] 宫人迎苌刺鬼，误中苌阴
[Thu Sep 25 13:08:50 2025] [ERROR] 拔矛，出血石余
[Thu Sep 25 13:08:50 2025] [ERROR] 医刺之，出血如梦
[Thu Sep 25 13:08:50 2025] [FATAL] 苌俱，走入宫
[Thu Sep 25 13:08:50 2025] [FATAL] 宫人迎苌刺鬼，误中苌阴
[Thu Sep 25 13:08:50 2025] [FATAL] 鬼相谓曰：正中死处
[Thu Sep 25 13:08:50 2025] [FATAL] 拔矛，出血石余
[Thu Sep 25 13:08:50 2025] [FATAL] 寐而惊悸，遂患阴肿
[Thu Sep 25 13:08:50 2025] [FATAL] 医刺之，出血如梦
[Thu Sep 25 13:10:53 2025] [FATAL] 苌俱，走入宫
[Thu Sep 25 13:10:53 2025] [FATAL] 宫人迎苌刺鬼，误中苌阴
[Thu Sep 25 13:10:53 2025] [ERROR] 拔矛，出血石余
[Thu Sep 25 13:10:53 2025] [ERROR] 医刺之，出血如梦
[Thu Sep 25 13:10:53 2025] [FATAL] 苌俱，走入宫
[Thu Sep 25 13:10:53 2025] [FATAL] 宫人迎苌刺鬼，误中苌阴
[Thu Sep 25 13:10:53 2025] [FATAL] 拔矛，出血石余
[Thu Sep 25 13:10:53 2025] [FATAL] 鬼相谓曰：正中死处
[Thu Sep 25 13:10:53 2025] [FATAL] 寐而惊悸，遂患阴肿
[Thu Sep 25 13:10:53 2025] [FATAL] 医刺之，出血如梦
[Thu Sep 25 13:16:11 2025] [FATAL] 苌俱，走入宫
[Thu Sep 25 13:16:11 2025] [ERROR] 医刺之，出血如梦
[Thu Sep 25 13:16:11 2025] [FATAL] 宫人迎苌刺鬼，误中苌阴
[Thu Sep 25 13:16:11 2025] [ERROR] 拔矛，出血石余
[Thu Sep 25 13:16:11 2025] [FATAL] 苌俱，走入宫
[Thu Sep 25 13:16:11 2025] [FATAL] 宫人迎苌刺鬼，误中苌阴
[Thu Sep 25 13:16:11 2025] [FATAL] 拔矛，出血石余
[Thu Sep 25 13:16:11 2025] [FATAL] 寐而惊悸，遂患阴肿[Thu Sep 25 13:16:11 2025] [FATAL] 鬼相谓曰：正中死处
[Thu Sep 25 13:16:11 2025] [FATAL] 医刺之，出血如梦
[Thu Sep 25 13:22:59 2025] [FATAL] 苌俱，走入宫
[Thu Sep 25 13:22:59 2025] [FATAL] 宫人迎苌刺鬼，误中苌阴
[Thu Sep 25 13:22:59 2025] [ERROR] 拔矛，出血石余
[Thu Sep 25 13:22:59 2025] [ERROR] 医刺之，出血如梦
[Thu Sep 25 13:22:59 2025] [FATAL] 苌俱，走入宫
[Thu Sep 25 13:22:59 2025] [FATAL] 宫人迎苌刺鬼，误中苌阴
[Thu Sep 25 13:22:59 2025] [FATAL] 鬼相谓曰：正中死处
[Thu Sep 25 13:22:59 2025] [FATAL] 拔矛，出血石余
[Thu Sep 25 13:22:59 2025] [FATAL] 寐而惊悸，遂患阴肿
[Thu Sep 25 13:22:59 2025] [FATAL] 医刺之，出血如梦
[Thu Sep 25 13:25:11 2025] [FATAL] 苌俱，走入宫
[Thu Sep 25 13:25:11 2025] [FATAL] 宫人迎苌刺鬼，误中苌阴
[Thu Sep 25 13:25:11 2025] [ERROR] 拔矛，出血石余
[Thu Sep 25 13:25:11 2025] [ERROR] 医刺之，出血如梦
[Thu Sep 25 13:25:11 2025] [FATAL] 苌俱，走入宫
[Thu Sep 25 13:25:11 2025] [FATAL] 宫人迎苌刺鬼，误中苌阴
[Thu Sep 25 13:25:11 2025] [FATAL] 鬼相谓曰：正中死处
[Thu Sep 25 13:25:11 2025] [FATAL] 拔矛，出血石余
[Thu Sep 25 13:25:11 2025] [FATAL] 寐而惊悸，遂患阴肿
[Thu Sep 25 13:25:11 2025] [FATAL] 医刺之，出血如梦
[Thu Sep 25 13:25:36 2025] [FATAL] 苌俱，走入宫
[Thu Sep 25 13:25:36 2025] [FATAL] 宫人迎苌刺鬼，误中苌阴
[Thu Sep 25 13:25:36 2025] [ERROR] 拔矛，出血石余
[Thu Sep 25 13:25:36 2025] [ERROR] 医刺之，出血如梦
[Thu Sep 25 13:25:36 2025] [FATAL] 苌俱，走入宫
[Thu Sep 25 13:25:36 2025] [FATAL] 宫人迎苌刺鬼，误中苌阴
[Thu Sep 25 13:25:36 2025] [FATAL] 鬼相谓曰：正中死处
[Thu Sep 25 13:25:36 2025] [FATAL] 拔矛，出血石余
[Thu Sep 25 13:25:36 2025] [FATAL] 寐而惊悸，遂患阴肿
[Thu Sep 25 13:25:36 2025] [FATAL] 医刺之，出血如梦
[Thu Sep 25 13:34:14 2025] [FATAL] 苌俱，走入宫
[Thu Sep 25 13:34:14 2025] [FATAL] 宫人迎苌刺鬼，误中苌阴
[Thu Sep 25 13:34:14 2025] [ERROR] 拔矛，出血石余
[Thu Sep 25 13:34:14 2025] [ERROR] 医刺之，出血如梦
[Thu Sep 25 13:34:14 2025] [FATAL] 苌俱，走入宫
[Thu Sep 25 13:34:14 2025] [FATAL] 宫人迎苌刺鬼，误中苌阴
[Thu Sep 25 13:34:14 2025] [FATAL] 鬼相谓曰：正中死处
[Thu Sep 25 13:34:14 2025] [FATAL] 拔矛，出血石余
[Thu Sep 25 13:34:14 2025] [FATAL] 寐而惊悸，遂患阴肿
[Thu Sep 25 13:34:14 2025] [FATAL] 医刺之，出血如梦
[Thu Sep 25 13:36:53 2025] [FATAL] 苌俱，走入宫
[Thu Sep 25 13:36:53 2025] [FATAL] 宫人迎苌刺鬼，误中苌阴
[Thu Sep 25 13:36:53 2025] [ERROR] 拔矛，出血石余
[Thu Sep 25 13:36:53 2025] [ERROR] 医刺之，出血如梦
[Thu Sep 25 13:36:53 2025] [FATAL] 苌俱，走入宫
[Thu Sep 25 13:36:53 2025] [FATAL] 宫人迎苌刺鬼，误中苌阴
[Thu Sep 25 13:36:53 2025] [FATAL] 鬼相谓曰：正中死处
[Thu Sep 25 13:36:53 2025] [FATAL] 拔矛，出血石余
[Thu Sep 25 13:36:53 2025] [FATAL] 寐而惊悸，遂患阴肿
[Thu Sep 25 13:36:53 2025] [FATAL] 医刺之，出血如梦
[Thu Sep 25 13:49:51 2025] [FATAL] 苌俱，走入宫
[Thu Sep 25 13:49:51 2025] [FATAL] 宫人迎苌刺鬼，误中苌阴
[Thu Sep 25 13:49:51 2025] [ERROR] 拔矛，出血石余
[Thu Sep 25 13:49:51 2025] [ERROR] 医刺之，出血如梦
[Thu Sep 25 13:49:51 2025] [FATAL] 苌俱，走入宫
[Thu Sep 25 13:49:51 2025] [FATAL] 宫人迎苌刺鬼，误中苌阴
[Thu Sep 25 13:49:51 2025] [FATAL] 鬼相谓曰：正中死处
[Thu Sep 25 13:49:51 2025] [FATAL] 拔矛，出血石余
[Thu Sep 25 13:49:51 2025] [FATAL] 寐而惊悸，遂患阴肿
[Thu Sep 25 13:49:51 2025] [FATAL] 医刺之，出血如梦
[Thu Sep 25 13:50:13 2025] [FATAL] 苌俱，走入宫
[Thu Sep 25 13:50:13 2025] [FATAL] 宫人迎苌刺鬼，误中苌阴
[Thu Sep 25 13:50:13 2025] [ERROR] 拔矛，出血石余
[Thu Sep 25 13:50:13 2025] [ERROR] 医刺之，出血如梦
[Thu Sep 25 13:50:13 2025] [FATAL] 苌俱，走入宫
[Thu Sep 25 13:50:13 2025] [FATAL] 宫人迎苌刺鬼，误中苌阴
[Thu Sep 25 13:50:13 2025] [FATAL] 鬼相谓曰：正中死处
[Thu Sep 25 13:50:13 2025] [FATAL] 拔矛，出血石余
[Thu Sep 25 13:50:13 2025] [FATAL] 寐而惊悸，遂患阴肿
[Thu Sep 25 13:50:13 2025] [FATAL] 医刺之，出血如梦
[Thu Sep 25 13:51:28 2025] [FATAL] 苌俱，走入宫
[Thu Sep 25 13:51:28 2025] [FATAL] 宫人迎苌刺鬼，误中苌阴
[Thu Sep 25 13:51:28 2025] [ERROR] 拔矛，出血石余
[Thu Sep 25 13:51:28 2025] [ERROR] 医刺之，出血如梦
[Thu Sep 25 13:51:28 2025] [FATAL] 苌俱，走入宫
[Thu Sep 25 13:51:28 2025] [FATAL] 宫人迎苌刺鬼，误中苌阴
[Thu Sep 25 13:51:28 2025] [FATAL] 鬼相谓曰：正中死处
[Thu Sep 25 13:51:28 2025] [FATAL] 拔矛，出血石余
[Thu Sep 25 13:51:28 2025] [FATAL] 寐而惊悸，遂患阴肿
[Thu Sep 25 13:51:28 2025] [FATAL] 医刺之，出血如梦
[Thu Sep 25 14:04:30 2025] [FATAL] 苌俱，走入宫
[Thu Sep 25 14:04:30 2025] [FATAL] 宫人迎苌刺鬼，误中苌阴
[Thu Sep 25 14:04:30 2025] [ERROR] 拔矛，出血石余
[Thu Sep 25 14:04:30 2025] [ERROR] 医刺之，出血如梦
[Thu Sep 25 14:04:30 2025] [FATAL] 苌俱，走入宫
[Thu Sep 25 14:04:30 2025] [FATAL] 宫人迎苌刺鬼，误中苌阴
[Thu Sep 25 14:04:30 2025] [FATAL] 鬼相谓曰：正中死处
[Thu Sep 25 14:04:30 2025] [FATAL] 拔矛，出血石余
[Thu Sep 25 14:04:30 2025] [FATAL] 寐而惊悸，遂患阴肿
[Thu Sep 25 14:04:30 2025] [FATAL] 医刺之，出血如梦
[Thu Sep 25 14:05:09 2025] [FATAL] 苌俱，走入宫
[Thu Sep 25 14:05:09 2025] [FATAL] 宫人迎苌刺鬼，误中苌阴
[Thu Sep 25 14:05:09 2025] [ERROR] 拔矛，出血石余
[Thu Sep 25 14:05:09 2025] [ERROR] 医刺之，出血如梦
[Thu Sep 25 14:05:09 2025] [FATAL] 苌俱，走入宫
[Thu Sep 25 14:05:09 2025] [FATAL] 宫人迎苌刺鬼，误中苌阴
[Thu Sep 25 14:05:09 2025] [FATAL] 鬼相谓曰：正中死处
[Thu Sep 25 14:05:09 2025] [FATAL] 拔矛，出血石余
[Thu Sep 25 14:05:09 2025] [FATAL] 寐而惊悸，遂患阴肿
[Thu Sep 25 14:05:09 2025] [FATAL] 医刺之，出血如梦
[Thu Sep 25 14:06:04 2025] [FATAL] 苌俱，走入宫
[Thu Sep 25 14:06:04 2025] [FATAL] 宫人迎苌刺鬼，误中苌阴
[Thu Sep 25 14:06:04 2025] [ERROR] 拔矛，出血石余
[Thu Sep 25 14:06:04 2025] [ERROR] 医刺之，出血如梦
[Thu Sep 25 14:06:04 2025] [FATAL] 苌俱，走入宫
[Thu Sep 25 14:06:04 2025] [FATAL] 宫人迎苌刺鬼，误中苌阴[Thu Sep 25 14:06:04 2025] [FATAL] 鬼相谓曰：正中死处
[Thu Sep 25 14:06:04 2025] [FATAL] 拔矛，出血石余
[Thu Sep 25 14:06:04 2025] [FATAL] 寐而惊悸，遂患阴肿
[Thu Sep 25 14:06:04 2025] [FATAL] 医刺之，出血如梦
[Thu Sep 25 14:06:31 2025] [FATAL] 苌俱，走入宫
[Thu Sep 25 14:06:31 2025] [FATAL] 宫人迎苌刺鬼，误中苌阴
[Thu Sep 25 14:06:31 2025] [ERROR] 拔矛，出血石余
[Thu Sep 25 14:06:31 2025] [ERROR] 医刺之，出血如梦
[Thu Sep 25 14:06:31 2025] [FATAL] 苌俱，走入宫
[Thu Sep 25 14:06:31 2025] [FATAL] 宫人迎苌刺鬼，误中苌阴
[Thu Sep 25 14:06:31 2025] [FATAL] 鬼相谓曰：正中死处
[Thu Sep 25 14:06:31 2025] [FATAL] 拔矛，出血石余
[Thu Sep 25 14:06:31 2025] [FATAL] 寐而惊悸，遂患阴肿
[Thu Sep 25 14:06:31 2025] [FATAL] 医刺之，出血如梦
[Thu Sep 25 14:07:25 2025] [FATAL] 苌俱，走入宫
[Thu Sep 25 14:07:25 2025] [FATAL] 宫人迎苌刺鬼，误中苌阴
[Thu Sep 25 14:07:25 2025] [ERROR] 拔矛，出血石余
[Thu Sep 25 14:07:25 2025] [ERROR] 医刺之，出血如梦
[Thu Sep 25 14:07:25 2025] [FATAL] 苌俱，走入宫
[Thu Sep 25 14:07:25 2025] [FATAL] 宫人迎苌刺鬼，误中苌阴
[Thu Sep 25 14:07:25 2025] [FATAL] 鬼相谓曰：正中死处
[Thu Sep 25 14:07:25 2025] [FATAL] 拔矛，出血石余
[Thu Sep 25 14:07:25 2025] [FATAL] 寐而惊悸，遂患阴肿
[Thu Sep 25 14:07:25 2025] [FATAL] 医刺之，出血如梦
[Thu Sep 25 14:07:47 2025] [FATAL] 苌俱，走入宫
[Thu Sep 25 14:07:47 2025] [FATAL] 宫人迎苌刺鬼，误中苌阴
[Thu Sep 25 14:07:47 2025] [ERROR] 拔矛，出血石余
[Thu Sep 25 14:07:47 2025] [ERROR] 医刺之，出血如梦
[Thu Sep 25 14:07:47 2025] [FATAL] 苌俱，走入宫
[Thu Sep 25 14:07:47 2025] [FATAL] 宫人迎苌刺鬼，误中苌阴
[Thu Sep 25 14:07:47 2025] [FATAL] 鬼相谓曰：正中死处
[Thu Sep 25 14:07:47 2025] [FATAL] 拔矛，出血石余
[Thu Sep 25 14:07:47 2025] [FATAL] 寐而惊悸，遂患阴肿
[Thu Sep 25 14:07:47 2025] [FATAL] 医刺之，出血如梦
[Thu Sep 25 14:08:02 2025] [FATAL] 苌俱，走入宫
[Thu Sep 25 14:08:02 2025] [FATAL] 宫人迎苌刺鬼，误中苌阴
[Thu Sep 25 14:08:02 2025] [ERROR] 拔矛，出血石余
[Thu Sep 25 14:08:02 2025] [ERROR] 医刺之，出血如梦
[Thu Sep 25 14:08:02 2025] [FATAL] 苌俱，走入宫
[Thu Sep 25 14:08:02 2025] [FATAL] 宫人迎苌刺鬼，误中苌阴
[Thu Sep 25 14:08:02 2025] [FATAL] 鬼相谓曰：正中死处
[Thu Sep 25 14:08:02 2025] [FATAL] 拔矛，出血石余
[Thu Sep 25 14:08:02 2025] [FATAL] 寐而惊悸，遂患阴肿
[Thu Sep 25 14:08:02 2025] [FATAL] 医刺之，出血如梦
[Thu Sep 25 14:08:19 2025] [FATAL] 苌俱，走入宫
[Thu Sep 25 14:08:19 2025] [FATAL] 宫人迎苌刺鬼，误中苌阴
[Thu Sep 25 14:08:19 2025] [ERROR] 拔矛，出血石余
[Thu Sep 25 14:08:19 2025] [ERROR] 医刺之，出血如梦
[Thu Sep 25 14:08:19 2025] [FATAL] 苌俱，走入宫
[Thu Sep 25 14:08:19 2025] [FATAL] 宫人迎苌刺鬼，误中苌阴
[Thu Sep 25 14:08:19 2025] [FATAL] 鬼相谓曰：正中死处
[Thu Sep 25 14:08:19 2025] [FATAL] 拔矛，出血石余[Thu Sep 25 14:08:19 2025] [FATAL] 寐而惊悸，遂患阴肿
[Thu Sep 25 14:08:19 2025] [FATAL] 医刺之，出血如梦
[Thu Sep 25 14:08:36 2025] [FATAL] 苌俱，走入宫
[Thu Sep 25 14:08:36 2025] [FATAL] 宫人迎苌刺鬼，误中苌阴
[Thu Sep 25 14:08:36 2025] [ERROR] 拔矛，出血石余
[Thu Sep 25 14:08:36 2025] [ERROR] 医刺之，出血如梦
[Thu Sep 25 14:08:36 2025] [FATAL] 苌俱，走入宫
[Thu Sep 25 14:08:36 2025] [FATAL] 宫人迎苌刺鬼，误中苌阴
[Thu Sep 25 14:08:36 2025] [FATAL] 鬼相谓曰：正中死处
[Thu Sep 25 14:08:36 2025] [FATAL] 拔矛，出血石余
[Thu Sep 25 14:08:36 2025] [FATAL] 寐而惊悸，遂患阴肿
[Thu Sep 25 14:08:36 2025] [FATAL] 医刺之，出血如梦
[Thu Sep 25 14:08:52 2025] [FATAL] 苌俱，走入宫
[Thu Sep 25 14:08:52 2025] [FATAL] 宫人迎苌刺鬼，误中苌阴
[Thu Sep 25 14:08:52 2025] [ERROR] 拔矛，出血石余
[Thu Sep 25 14:08:52 2025] [ERROR] 医刺之，出血如梦
[Thu Sep 25 14:08:52 2025] [FATAL] 苌俱，走入宫
[Thu Sep 25 14:08:52 2025] [FATAL] 宫人迎苌刺鬼，误中苌阴
[Thu Sep 25 14:08:52 2025] [FATAL] 鬼相谓曰：正中死处[Thu Sep 25 14:08:52 2025] [FATAL] 拔矛，出血石余
[Thu Sep 25 14:08:52 2025] [FATAL] 寐而惊悸，遂患阴肿
[Thu Sep 25 14:08:52 2025] [FATAL] 医刺之，出血如梦
[Thu Sep 25 14:09:12 2025] [FATAL] 苌俱，走入宫
[Thu Sep 25 14:09:12 2025] [FATAL] 宫人迎苌刺鬼，误中苌阴
[Thu Sep 25 14:09:12 2025] [ERROR] 拔矛，出血石余
[Thu Sep 25 14:09:12 2025] [ERROR] 医刺之，出血如梦
[Thu Sep 25 14:09:12 2025] [FATAL] 苌俱，走入宫
[Thu Sep 25 14:09:12 2025] [FATAL] 宫人迎苌刺鬼，误中苌阴
[Thu Sep 25 14:09:12 2025] [FATAL] 鬼相谓曰：正中死处
[Thu Sep 25 14:09:12 2025] [FATAL] 拔矛，出血石余
[Thu Sep 25 14:09:12 2025] [FATAL] 寐而惊悸，遂患阴肿
[Thu Sep 25 14:09:12 2025] [FATAL] 医刺之，出血如梦
[Thu Sep 25 14:09:28 2025] [FATAL] 苌俱，走入宫
[Thu Sep 25 14:09:28 2025] [FATAL] 宫人迎苌刺鬼，误中苌阴
[Thu Sep 25 14:09:28 2025] [ERROR] 拔矛，出血石余
[Thu Sep 25 14:09:28 2025] [ERROR] 医刺之，出血如梦
[Thu Sep 25 14:09:28 2025] [FATAL] 苌俱，走入宫
[Thu Sep 25 14:09:28 2025] [FATAL] 宫人迎苌刺鬼，误中苌阴
[Thu Sep 25 14:09:28 2025] [FATAL] 鬼相谓曰：正中死处
[Thu Sep 25 14:09:28 2025] [FATAL] 拔矛，出血石余
[Thu Sep 25 14:09:28 2025] [FATAL] 寐而惊悸，遂患阴肿
[Thu Sep 25 14:09:28 2025] [FATAL] 医刺之，出血如梦
[Thu Sep 25 14:09:46 2025] [FATAL] 苌俱，走入宫
[Thu Sep 25 14:09:46 2025] [FATAL] 宫人迎苌刺鬼，误中苌阴
[Thu Sep 25 14:09:46 2025] [ERROR] 拔矛，出血石余
[Thu Sep 25 14:09:46 2025] [ERROR] 医刺之，出血如梦
[Thu Sep 25 14:09:46 2025] [FATAL] 苌俱，走入宫
[Thu Sep 25 14:09:46 2025] [FATAL] 鬼相谓曰：正中死处[Thu Sep 25 14:09:46 2025] [FATAL] 宫人迎苌刺鬼，误中苌阴
[Thu Sep 25 14:09:46 2025] [FATAL] 拔矛，出血石余
[Thu Sep 25 14:09:46 2025] [FATAL] 寐而惊悸，遂患阴肿
[Thu Sep 25 14:09:46 2025] [FATAL] 医刺之，出血如梦
[Thu Sep 25 14:13:18 2025] [FATAL] 苌俱，走入宫
[Thu Sep 25 14:13:18 2025] [FATAL] 宫人迎苌刺鬼，误中苌阴
[Thu Sep 25 14:13:18 2025] [ERROR] 拔矛，出血石余
[Thu Sep 25 14:13:18 2025] [ERROR] 医刺之，出血如梦
[Thu Sep 25 14:13:18 2025] [FATAL] 苌俱，走入宫
[Thu Sep 25 14:13:18 2025] [FATAL] 宫人迎苌刺鬼，误中苌阴
[Thu Sep 25 14:13:18 2025] [FATAL] 鬼相谓曰：正中死处
[Thu Sep 25 14:13:18 2025] [FATAL] 拔矛，出血石余
[Thu Sep 25 14:13:18 2025] [FATAL] 寐而惊悸，遂患阴肿
[Thu Sep 25 14:13:18 2025] [FATAL] 医刺之，出血如梦
[Thu Sep 25 14:13:44 2025] [FATAL] 苌俱，走入宫
[Thu Sep 25 14:13:44 2025] [FATAL] 宫人迎苌刺鬼，误中苌阴
[Thu Sep 25 14:13:44 2025] [ERROR] 拔矛，出血石余
[Thu Sep 25 14:13:44 2025] [ERROR] 医刺之，出血如梦
[Thu Sep 25 14:13:44 2025] [FATAL] 苌俱，走入宫
[Thu Sep 25 14:13:44 2025] [FATAL] 宫人迎苌刺鬼，误中苌阴
[Thu Sep 25 14:13:44 2025] [FATAL] 鬼相谓曰：正中死处
[Thu Sep 25 14:13:44 2025] [FATAL] 寐而惊悸，遂患阴肿
[Thu Sep 25 14:13:44 2025] [FATAL] 拔矛，出血石余
[Thu Sep 25 14:13:44 2025] [FATAL] 医刺之，出血如梦
[Thu Sep 25 14:14:10 2025] [FATAL] 苌俱，走入宫
[Thu Sep 25 14:14:10 2025] [FATAL] 宫人迎苌刺鬼，误中苌阴
[Thu Sep 25 14:14:10 2025] [ERROR] 拔矛，出血石余
[Thu Sep 25 14:14:10 2025] [ERROR] 医刺之，出血如梦
[Thu Sep 25 14:14:10 2025] [FATAL] 苌俱，走入宫
[Thu Sep 25 14:14:10 2025] [FATAL] 宫人迎苌刺鬼，误中苌阴
[Thu Sep 25 14:14:10 2025] [FATAL] 鬼相谓曰：正中死处
[Thu Sep 25 14:14:10 2025] [FATAL] 拔矛，出血石余
[Thu Sep 25 14:14:10 2025] [FATAL] 寐而惊悸，遂患阴肿
[Thu Sep 25 14:14:10 2025] [FATAL] 医刺之，出血如梦
[Thu Sep 25 14:14:26 2025] [FATAL] 苌俱，走入宫
[Thu Sep 25 14:14:26 2025] [FATAL] 宫人迎苌刺鬼，误中苌阴
[Thu Sep 25 14:14:26 2025] [ERROR] 拔矛，出血石余
[Thu Sep 25 14:14:26 2025] [ERROR] 医刺之，出血如梦
[Thu Sep 25 14:14:26 2025] [FATAL] 宫人迎苌刺鬼，误中苌阴
[Thu Sep 25 14:14:26 2025] [FATAL] 苌俱，走入宫
[Thu Sep 25 14:14:26 2025] [FATAL] 鬼相谓曰：正中死处
[Thu Sep 25 14:14:26 2025] [FATAL] 拔矛，出血石余
[Thu Sep 25 14:14:26 2025] [FATAL] 寐而惊悸，遂患阴肿
[Thu Sep 25 14:14:26 2025] [FATAL] 医刺之，出血如梦
[Thu Sep 25 14:15:46 2025] [FATAL] 苌俱，走入宫
[Thu Sep 25 14:15:46 2025] [FATAL] 宫人迎苌刺鬼，误中苌阴
[Thu Sep 25 14:15:46 2025] [ERROR] 拔矛，出血石余
[Thu Sep 25 14:15:46 2025] [ERROR] 医刺之，出血如梦
[Thu Sep 25 14:15:46 2025] [FATAL] 苌俱，走入宫
[Thu Sep 25 14:15:46 2025] [FATAL] 宫人迎苌刺鬼，误中苌阴
[Thu Sep 25 14:15:46 2025] [FATAL] 鬼相谓曰：正中死处
[Thu Sep 25 14:15:46 2025] [FATAL] 拔矛，出血石余
[Thu Sep 25 14:15:46 2025] [FATAL] 寐而惊悸，遂患阴肿
[Thu Sep 25 14:15:46 2025] [FATAL] 医刺之，出血如梦
[Thu Sep 25 14:16:03 2025] [FATAL] 苌俱，走入宫
[Thu Sep 25 14:16:03 2025] [FATAL] 宫人迎苌刺鬼，误中苌阴
[Thu Sep 25 14:16:03 2025] [ERROR] 拔矛，出血石余
[Thu Sep 25 14:16:03 2025] [ERROR] 医刺之，出血如梦
[Thu Sep 25 14:16:03 2025] [FATAL] 苌俱，走入宫
[Thu Sep 25 14:16:03 2025] [FATAL] 宫人迎苌刺鬼，误中苌阴
[Thu Sep 25 14:16:03 2025] [FATAL] 鬼相谓曰：正中死处
[Thu Sep 25 14:16:03 2025] [FATAL] 拔矛，出血石余
[Thu Sep 25 14:16:03 2025] [FATAL] 寐而惊悸，遂患阴肿
[Thu Sep 25 14:16:03 2025] [FATAL] 医刺之，出血如梦
[Thu Sep 25 14:16:20 2025] [FATAL] 苌俱，走入宫
[Thu Sep 25 14:16:20 2025] [FATAL] 宫人迎苌刺鬼，误中苌阴
[Thu Sep 25 14:16:20 2025] [ERROR] 拔矛，出血石余
[Thu Sep 25 14:16:20 2025] [ERROR] 医刺之，出血如梦
[Thu Sep 25 14:16:20 2025] [FATAL] 苌俱，走入宫
[Thu Sep 25 14:16:20 2025] [FATAL] 宫人迎苌刺鬼，误中苌阴
[Thu Sep 25 14:16:20 2025] [FATAL] 鬼相谓曰：正中死处[Thu Sep 25 14:16:20 2025] [FATAL] 拔矛，出血石余
[Thu Sep 25 14:16:20 2025] [FATAL] 医刺之，出血如梦
[Thu Sep 25 14:16:20 2025] [FATAL] 寐而惊悸，遂患阴肿
[Thu Sep 25 14:16:38 2025] [FATAL] 苌俱，走入宫
[Thu Sep 25 14:16:38 2025] [FATAL] 宫人迎苌刺鬼，误中苌阴
[Thu Sep 25 14:16:38 2025] [ERROR] 拔矛，出血石余
[Thu Sep 25 14:16:38 2025] [ERROR] 医刺之，出血如梦
[Thu Sep 25 14:16:38 2025] [FATAL] 苌俱，走入宫
[Thu Sep 25 14:16:38 2025] [FATAL] 宫人迎苌刺鬼，误中苌阴
[Thu Sep 25 14:16:38 2025] [FATAL] 鬼相谓曰：正中死处
[Thu Sep 25 14:16:38 2025] [FATAL] 拔矛，出血石余
[Thu Sep 25 14:16:38 2025] [FATAL] 寐而惊悸，遂患阴肿
[Thu Sep 25 14:16:38 2025] [FATAL] 医刺之，出血如梦
[Thu Sep 25 14:16:58 2025] [FATAL] 苌俱，走入宫
[Thu Sep 25 14:16:58 2025] [FATAL] 宫人迎苌刺鬼，误中苌阴
[Thu Sep 25 14:16:58 2025] [ERROR] 拔矛，出血石余
[Thu Sep 25 14:16:58 2025] [ERROR] 医刺之，出血如梦
[Thu Sep 25 14:16:58 2025] [FATAL] 苌俱，走入宫
[Thu Sep 25 14:16:58 2025] [FATAL] 宫人迎苌刺鬼，误中苌阴
[Thu Sep 25 14:16:58 2025] [FATAL] 鬼相谓曰：正中死处
[Thu Sep 25 14:16:58 2025] [FATAL] 拔矛，出血石余
[Thu Sep 25 14:16:58 2025] [FATAL] 寐而惊悸，遂患阴肿
[Thu Sep 25 14:16:58 2025] [FATAL] 医刺之，出血如梦
[Thu Sep 25 14:17:15 2025] [FATAL] 苌俱，走入宫
[Thu Sep 25 14:17:15 2025] [FATAL] 宫人迎苌刺鬼，误中苌阴
[Thu Sep 25 14:17:15 2025] [ERROR] 拔矛，出血石余
[Thu Sep 25 14:17:15 2025] [ERROR] 医刺之，出血如梦
[Thu Sep 25 14:17:15 2025] [FATAL] 苌俱，走入宫
[Thu Sep 25 14:17:15 2025] [FATAL] 宫人迎苌刺鬼，误中苌阴
[Thu Sep 25 14:17:15 2025] [FATAL] 鬼相谓曰：正中死处
[Thu Sep 25 14:17:15 2025] [FATAL] 拔矛，出血石余
[Thu Sep 25 14:17:15 2025] [FATAL] 寐而惊悸，遂患阴肿
[Thu Sep 25 14:17:15 2025] [FATAL] 医刺之，出血如梦
[Thu Sep 25 14:17:32 2025] [FATAL] 苌俱，走入宫
[Thu Sep 25 14:17:32 2025] [FATAL] 宫人迎苌刺鬼，误中苌阴
[Thu Sep 25 14:17:32 2025] [ERROR] 拔矛，出血石余
[Thu Sep 25 14:17:32 2025] [ERROR] 医刺之，出血如梦
[Thu Sep 25 14:17:32 2025] [FATAL] 苌俱，走入宫
[Thu Sep 25 14:17:32 2025] [FATAL] 宫人迎苌刺鬼，误中苌阴
[Thu Sep 25 14:17:32 2025] [FATAL] 鬼相谓曰：正中死处
[Thu Sep 25 14:17:32 2025] [FATAL] 拔矛，出血石余
[Thu Sep 25 14:17:32 2025] [FATAL] 寐而惊悸，遂患阴肿
[Thu Sep 25 14:17:32 2025] [FATAL] 医刺之，出血如梦
[Thu Sep 25 14:17:50 2025] [FATAL] 苌俱，走入宫
[Thu Sep 25 14:17:50 2025] [FATAL] 宫人迎苌刺鬼，误中苌阴
[Thu Sep 25 14:17:50 2025] [ERROR] 拔矛，出血石余
[Thu Sep 25 14:17:50 2025] [ERROR] 医刺之，出血如梦
[Thu Sep 25 14:17:50 2025] [FATAL] 苌俱，走入宫
[Thu Sep 25 14:17:50 2025] [FATAL] 宫人迎苌刺鬼，误中苌阴
[Thu Sep 25 14:17:50 2025] [FATAL] 鬼相谓曰：正中死处
[Thu Sep 25 14:17:50 2025] [FATAL] 拔矛，出血石余
[Thu Sep 25 14:17:50 2025] [FATAL] 寐而惊悸，遂患阴肿
[Thu Sep 25 14:17:50 2025] [FATAL] 医刺之，出血如梦
[Thu Sep 25 14:18:06 2025] [FATAL] 苌俱，走入宫
[Thu Sep 25 14:18:06 2025] [FATAL] 宫人迎苌刺鬼，误中苌阴
[Thu Sep 25 14:18:06 2025] [ERROR] 拔矛，出血石余
[Thu Sep 25 14:18:06 2025] [ERROR] 医刺之，出血如梦
[Thu Sep 25 14:18:06 2025] [FATAL] 苌俱，走入宫
[Thu Sep 25 14:18:06 2025] [FATAL] 宫人迎苌刺鬼，误中苌阴
[Thu Sep 25 14:18:06 2025] [FATAL] 鬼相谓曰：正中死处
[Thu Sep 25 14:18:06 2025] [FATAL] 拔矛，出血石余[Thu Sep 25 14:18:06 2025] [FATAL] 寐而惊悸，遂患阴肿
[Thu Sep 25 14:18:06 2025] [FATAL] 医刺之，出血如梦
[Thu Sep 25 14:18:23 2025] [FATAL] 苌俱，走入宫
[Thu Sep 25 14:18:23 2025] [FATAL] 宫人迎苌刺鬼，误中苌阴
[Thu Sep 25 14:18:23 2025] [ERROR] 拔矛，出血石余
[Thu Sep 25 14:18:23 2025] [ERROR] 医刺之，出血如梦
[Thu Sep 25 14:18:23 2025] [FATAL] 苌俱，走入宫
[Thu Sep 25 14:18:23 2025] [FATAL] 宫人迎苌刺鬼，误中苌阴
[Thu Sep 25 14:18:23 2025] [FATAL] 鬼相谓曰：正中死处
[Thu Sep 25 14:18:23 2025] [FATAL] 拔矛，出血石余
[Thu Sep 25 14:18:23 2025] [FATAL] 寐而惊悸，遂患阴肿
[Thu Sep 25 14:18:23 2025] [FATAL] 医刺之，出血如梦
[Thu Sep 25 14:21:09 2025] [FATAL] 苌俱，走入宫
[Thu Sep 25 14:21:09 2025] [FATAL] 宫人迎苌刺鬼，误中苌阴
[Thu Sep 25 14:21:09 2025] [ERROR] 拔矛，出血石余
[Thu Sep 25 14:21:09 2025] [ERROR] 医刺之，出血如梦
[Thu Sep 25 14:21:09 2025] [FATAL] 苌俱，走入宫
[Thu Sep 25 14:21:09 2025] [FATAL] 宫人迎苌刺鬼，误中苌阴
[Thu Sep 25 14:21:09 2025] [FATAL] 鬼相谓曰：正中死处
[Thu Sep 25 14:21:09 2025] [FATAL] 拔矛，出血石余
[Thu Sep 25 14:21:09 2025] [FATAL] 寐而惊悸，遂患阴肿
[Thu Sep 25 14:21:09 2025] [FATAL] 医刺之，出血如梦
[Thu Sep 25 14:22:08 2025] [FATAL] 苌俱，走入宫
[Thu Sep 25 14:22:08 2025] [FATAL] 宫人迎苌刺鬼，误中苌阴
[Thu Sep 25 14:22:08 2025] [ERROR] 拔矛，出血石余
[Thu Sep 25 14:22:08 2025] [ERROR] 医刺之，出血如梦
[Thu Sep 25 14:22:08 2025] [FATAL] 苌俱，走入宫
[Thu Sep 25 14:22:08 2025] [FATAL] 宫人迎苌刺鬼，误中苌阴
[Thu Sep 25 14:22:08 2025] [FATAL] 鬼相谓曰：正中死处
[Thu Sep 25 14:22:08 2025] [FATAL] 拔矛，出血石余
[Thu Sep 25 14:22:08 2025] [FATAL] 寐而惊悸，遂患阴肿
[Thu Sep 25 14:22:08 2025] [FATAL] 医刺之，出血如梦
[Thu Sep 25 14:22:26 2025] [FATAL] 苌俱，走入宫
[Thu Sep 25 14:22:26 2025] [FATAL] 宫人迎苌刺鬼，误中苌阴
[Thu Sep 25 14:22:26 2025] [ERROR] 拔矛，出血石余
[Thu Sep 25 14:22:26 2025] [ERROR] 医刺之，出血如梦
[Thu Sep 25 14:22:26 2025] [FATAL] 苌俱，走入宫
[Thu Sep 25 14:22:26 2025] [FATAL] 宫人迎苌刺鬼，误中苌阴
[Thu Sep 25 14:22:26 2025] [FATAL] 鬼相谓曰：正中死处
[Thu Sep 25 14:22:26 2025] [FATAL] 拔矛，出血石余
[Thu Sep 25 14:22:26 2025] [FATAL] 寐而惊悸，遂患阴肿
[Thu Sep 25 14:22:26 2025] [FATAL] 医刺之，出血如梦
[Thu Sep 25 14:22:47 2025] [FATAL] 苌俱，走入宫
[Thu Sep 25 14:22:47 2025] [FATAL] 宫人迎苌刺鬼，误中苌阴
[Thu Sep 25 14:22:47 2025] [ERROR] 拔矛，出血石余
[Thu Sep 25 14:22:47 2025] [ERROR] 医刺之，出血如梦
[Thu Sep 25 14:22:47 2025] [FATAL] 苌俱，走入宫
[Thu Sep 25 14:22:47 2025] [FATAL] 宫人迎苌刺鬼，误中苌阴
[Thu Sep 25 14:22:47 2025] [FATAL] 鬼相谓曰：正中死处
[Thu Sep 25 14:22:47 2025] [FATAL] 拔矛，出血石余
[Thu Sep 25 14:22:47 2025] [FATAL] 寐而惊悸，遂患阴肿
[Thu Sep 25 14:22:47 2025] [FATAL] 医刺之，出血如梦
[Thu Sep 25 14:23:04 2025] [FATAL] 苌俱，走入宫
[Thu Sep 25 14:23:04 2025] [FATAL] 宫人迎苌刺鬼，误中苌阴
[Thu Sep 25 14:23:04 2025] [ERROR] 拔矛，出血石余
[Thu Sep 25 14:23:04 2025] [ERROR] 医刺之，出血如梦
[Thu Sep 25 14:23:04 2025] [FATAL] 苌俱，走入宫
[Thu Sep 25 14:23:04 2025] [FATAL] 宫人迎苌刺鬼，误中苌阴
[Thu Sep 25 14:23:04 2025] [FATAL] 鬼相谓曰：正中死处
[Thu Sep 25 14:23:04 2025] [FATAL] 拔矛，出血石余
[Thu Sep 25 14:23:04 2025] [FATAL] 寐而惊悸，遂患阴肿
[Thu Sep 25 14:23:04 2025] [FATAL] 医刺之，出血如梦
[Thu Sep 25 14:23:28 2025] [FATAL] 苌俱，走入宫
[Thu Sep 25 14:23:28 2025] [FATAL] 宫人迎苌刺鬼，误中苌阴
[Thu Sep 25 14:23:28 2025] [ERROR] 拔矛，出血石余
[Thu Sep 25 14:23:28 2025] [ERROR] 医刺之，出血如梦
[Thu Sep 25 14:23:28 2025] [FATAL] 苌俱，走入宫
[Thu Sep 25 14:23:28 2025] [FATAL] 宫人迎苌刺鬼，误中苌阴
[Thu Sep 25 14:23:28 2025] [FATAL] 鬼相谓曰：正中死处
[Thu Sep 25 14:23:28 2025] [FATAL] 拔矛，出血石余
[Thu Sep 25 14:23:28 2025] [FATAL] 寐而惊悸，遂患阴肿
[Thu Sep 25 14:23:28 2025] [FATAL] 医刺之，出血如梦
[Thu Sep 25 14:24:07 2025] [FATAL] 苌俱，走入宫
[Thu Sep 25 14:24:07 2025] [FATAL] 宫人迎苌刺鬼，误中苌阴
[Thu Sep 25 14:24:07 2025] [ERROR] 拔矛，出血石余
[Thu Sep 25 14:24:07 2025] [ERROR] 医刺之，出血如梦
[Thu Sep 25 14:24:07 2025] [FATAL] 苌俱，走入宫
[Thu Sep 25 14:24:07 2025] [FATAL] 宫人迎苌刺鬼，误中苌阴
[Thu Sep 25 14:24:07 2025] [FATAL] 鬼相谓曰：正中死处
[Thu Sep 25 14:24:07 2025] [FATAL] 拔矛，出血石余
[Thu Sep 25 14:24:07 2025] [FATAL] 寐而惊悸，遂患阴肿
[Thu Sep 25 14:24:07 2025] [FATAL] 医刺之，出血如梦
[Thu Sep 25 14:26:19 2025] [FATAL] 苌俱，走入宫
[Thu Sep 25 14:26:19 2025] [FATAL] 宫人迎苌刺鬼，误中苌阴
[Thu Sep 25 14:26:19 2025] [ERROR] 拔矛，出血石余
[Thu Sep 25 14:26:19 2025] [ERROR] 医刺之，出血如梦
[Thu Sep 25 14:26:19 2025] [FATAL] 苌俱，走入宫
[Thu Sep 25 14:26:19 2025] [FATAL] 鬼相谓曰：正中死处
[Thu Sep 25 14:26:19 2025] [FATAL] 宫人迎苌刺鬼，误中苌阴
[Thu Sep 25 14:26:19 2025] [FATAL] 拔矛，出血石余
[Thu Sep 25 14:26:19 2025] [FATAL] 寐而惊悸，遂患阴肿
[Thu Sep 25 14:26:19 2025] [FATAL] 医刺之，出血如梦
[Thu Sep 25 14:26:35 2025] [FATAL] 苌俱，走入宫
[Thu Sep 25 14:26:35 2025] [FATAL] 宫人迎苌刺鬼，误中苌阴
[Thu Sep 25 14:26:35 2025] [ERROR] 拔矛，出血石余
[Thu Sep 25 14:26:35 2025] [ERROR] 医刺之，出血如梦
[Thu Sep 25 14:26:35 2025] [FATAL] 苌俱，走入宫
[Thu Sep 25 14:26:35 2025] [FATAL] 宫人迎苌刺鬼，误中苌阴
[Thu Sep 25 14:26:35 2025] [FATAL] 鬼相谓曰：正中死处
[Thu Sep 25 14:26:35 2025] [FATAL] 拔矛，出血石余
[Thu Sep 25 14:26:35 2025] [FATAL] 寐而惊悸，遂患阴肿
[Thu Sep 25 14:26:35 2025] [FATAL] 医刺之，出血如梦
[Thu Sep 25 14:26:50 2025] [FATAL] 苌俱，走入宫
[Thu Sep 25 14:26:50 2025] [FATAL] 宫人迎苌刺鬼，误中苌阴
[Thu Sep 25 14:26:50 2025] [ERROR] 拔矛，出血石余
[Thu Sep 25 14:26:50 2025] [ERROR] 医刺之，出血如梦
[Thu Sep 25 14:26:50 2025] [FATAL] 苌俱，走入宫
[Thu Sep 25 14:26:50 2025] [FATAL] 宫人迎苌刺鬼，误中苌阴
[Thu Sep 25 14:26:50 2025] [FATAL] 鬼相谓曰：正中死处
[Thu Sep 25 14:26:50 2025] [FATAL] 拔矛，出血石余
[Thu Sep 25 14:26:50 2025] [FATAL] 寐而惊悸，遂患阴肿
[Thu Sep 25 14:26:50 2025] [FATAL] 医刺之，出血如梦
[Thu Sep 25 14:27:25 2025] [FATAL] 苌俱，走入宫
[Thu Sep 25 14:27:25 2025] [FATAL] 宫人迎苌刺鬼，误中苌阴
[Thu Sep 25 14:27:25 2025] [ERROR] 拔矛，出血石余
[Thu Sep 25 14:27:25 2025] [ERROR] 医刺之，出血如梦
[Thu Sep 25 14:27:25 2025] [FATAL] 苌俱，走入宫
[Thu Sep 25 14:27:25 2025] [FATAL] 宫人迎苌刺鬼，误中苌阴
[Thu Sep 25 14:27:25 2025] [FATAL] 鬼相谓曰：正中死处
[Thu Sep 25 14:27:25 2025] [FATAL] 拔矛，出血石余
[Thu Sep 25 14:27:25 2025] [FATAL] 寐而惊悸，遂患阴肿
[Thu Sep 25 14:27:25 2025] [FATAL] 医刺之，出血如梦
[Thu Sep 25 14:27:44 2025] [FATAL] 苌俱，走入宫
[Thu Sep 25 14:27:44 2025] [FATAL] 宫人迎苌刺鬼，误中苌阴
[Thu Sep 25 14:27:44 2025] [ERROR] 拔矛，出血石余
[Thu Sep 25 14:27:44 2025] [ERROR] 医刺之，出血如梦
[Thu Sep 25 14:27:44 2025] [FATAL] 苌俱，走入宫
[Thu Sep 25 14:27:44 2025] [FATAL] 宫人迎苌刺鬼，误中苌阴
[Thu Sep 25 14:27:44 2025] [FATAL] 鬼相谓曰：正中死处
[Thu Sep 25 14:27:44 2025] [FATAL] 拔矛，出血石余
[Thu Sep 25 14:27:44 2025] [FATAL] 寐而惊悸，遂患阴肿
[Thu Sep 25 14:27:44 2025] [FATAL] 医刺之，出血如梦
[Thu Sep 25 14:28:21 2025] [FATAL] 苌俱，走入宫
[Thu Sep 25 14:28:21 2025] [FATAL] 宫人迎苌刺鬼，误中苌阴
[Thu Sep 25 14:28:21 2025] [ERROR] 拔矛，出血石余
[Thu Sep 25 14:28:21 2025] [ERROR] 医刺之，出血如梦
[Thu Sep 25 14:28:21 2025] [FATAL] 苌俱，走入宫
[Thu Sep 25 14:28:21 2025] [FATAL] 宫人迎苌刺鬼，误中苌阴
[Thu Sep 25 14:28:21 2025] [FATAL] 鬼相谓曰：正中死处
[Thu Sep 25 14:28:21 2025] [FATAL] 拔矛，出血石余
[Thu Sep 25 14:28:21 2025] [FATAL] 寐而惊悸，遂患阴肿
[Thu Sep 25 14:28:21 2025] [FATAL] 医刺之，出血如梦
[Thu Sep 25 14:28:34 2025] [FATAL] 苌俱，走入宫
[Thu Sep 25 14:28:34 2025] [FATAL] 宫人迎苌刺鬼，误中苌阴
[Thu Sep 25 14:28:34 2025] [ERROR] 拔矛，出血石余
[Thu Sep 25 14:28:34 2025] [ERROR] 医刺之，出血如梦
[Thu Sep 25 14:28:34 2025] [FATAL] 苌俱，走入宫
[Thu Sep 25 14:28:34 2025] [FATAL] 宫人迎苌刺鬼，误中苌阴
[Thu Sep 25 14:28:34 2025] [FATAL] 鬼相谓曰：正中死处
[Thu Sep 25 14:28:34 2025] [FATAL] 拔矛，出血石余
[Thu Sep 25 14:28:34 2025] [FATAL] 寐而惊悸，遂患阴肿
[Thu Sep 25 14:28:34 2025] [FATAL] 医刺之，出血如梦
[Thu Sep 25 14:28:48 2025] [FATAL] 苌俱，走入宫
[Thu Sep 25 14:28:48 2025] [FATAL] 宫人迎苌刺鬼，误中苌阴
[Thu Sep 25 14:28:48 2025] [ERROR] 拔矛，出血石余
[Thu Sep 25 14:28:48 2025] [ERROR] 医刺之，出血如梦
[Thu Sep 25 14:28:48 2025] [FATAL] 苌俱，走入宫
[Thu Sep 25 14:28:48 2025] [FATAL] 宫人迎苌刺鬼，误中苌阴
[Thu Sep 25 14:28:48 2025] [FATAL] 鬼相谓曰：正中死处
[Thu Sep 25 14:28:48 2025] [FATAL] 拔矛，出血石余
[Thu Sep 25 14:28:48 2025] [FATAL] 寐而惊悸，遂患阴肿
[Thu Sep 25 14:28:48 2025] [FATAL] 医刺之，出血如梦
[Thu Sep 25 14:29:02 2025] [FATAL] 苌俱，走入宫
[Thu Sep 25 14:29:02 2025] [FATAL] 宫人迎苌刺鬼，误中苌阴
[Thu Sep 25 14:29:02 2025] [ERROR] 拔矛，出血石余
[Thu Sep 25 14:29:02 2025] [ERROR] 医刺之，出血如梦
[Thu Sep 25 14:29:02 2025] [FATAL] 苌俱，走入宫
[Thu Sep 25 14:29:02 2025] [FATAL] 宫人迎苌刺鬼，误中苌阴
[Thu Sep 25 14:29:02 2025] [FATAL] 鬼相谓曰：正中死处
[Thu Sep 25 14:29:02 2025] [FATAL] 拔矛，出血石余
[Thu Sep 25 14:29:02 2025] [FATAL] 寐而惊悸，遂患阴肿
[Thu Sep 25 14:29:02 2025] [FATAL] 医刺之，出血如梦
[Thu Sep 25 14:29:18 2025] [FATAL] 苌俱，走入宫
[Thu Sep 25 14:29:18 2025] [FATAL] 宫人迎苌刺鬼，误中苌阴
[Thu Sep 25 14:29:18 2025] [ERROR] 拔矛，出血石余
[Thu Sep 25 14:29:18 2025] [ERROR] 医刺之，出血如梦
[Thu Sep 25 14:29:18 2025] [FATAL] 苌俱，走入宫
[Thu Sep 25 14:29:18 2025] [FATAL] 宫人迎苌刺鬼，误中苌阴
[Thu Sep 25 14:29:18 2025] [FATAL] 鬼相谓曰：正中死处
[Thu Sep 25 14:29:18 2025] [FATAL] 拔矛，出血石余
[Thu Sep 25 14:29:18 2025] [FATAL] 寐而惊悸，遂患阴肿
[Thu Sep 25 14:29:18 2025] [FATAL] 医刺之，出血如梦
[Thu Sep 25 14:29:33 2025] [FATAL] 苌俱，走入宫
[Thu Sep 25 14:29:33 2025] [FATAL] 宫人迎苌刺鬼，误中苌阴
[Thu Sep 25 14:29:33 2025] [ERROR] 拔矛，出血石余
[Thu Sep 25 14:29:33 2025] [ERROR] 医刺之，出血如梦
[Thu Sep 25 14:29:33 2025] [FATAL] 苌俱，走入宫
[Thu Sep 25 14:29:33 2025] [FATAL] 宫人迎苌刺鬼，误中苌阴
[Thu Sep 25 14:29:33 2025] [FATAL] 鬼相谓曰：正中死处
[Thu Sep 25 14:29:33 2025] [FATAL] 拔矛，出血石余
[Thu Sep 25 14:29:33 2025] [FATAL] 寐而惊悸，遂患阴肿
[Thu Sep 25 14:29:33 2025] [FATAL] 医刺之，出血如梦
[Thu Sep 25 14:29:48 2025] [FATAL] 苌俱，走入宫
[Thu Sep 25 14:29:48 2025] [FATAL] 宫人迎苌刺鬼，误中苌阴
[Thu Sep 25 14:29:48 2025] [ERROR] 拔矛，出血石余
[Thu Sep 25 14:29:48 2025] [ERROR] 医刺之，出血如梦
[Thu Sep 25 14:29:48 2025] [FATAL] 苌俱，走入宫
[Thu Sep 25 14:29:48 2025] [FATAL] 宫人迎苌刺鬼，误中苌阴
[Thu Sep 25 14:29:48 2025] [FATAL] 鬼相谓曰：正中死处
[Thu Sep 25 14:29:48 2025] [FATAL] 拔矛，出血石余
[Thu Sep 25 14:29:48 2025] [FATAL] 寐而惊悸，遂患阴肿
[Thu Sep 25 14:29:48 2025] [FATAL] 医刺之，出血如梦
[Thu Sep 25 14:30:02 2025] [FATAL] 苌俱，走入宫
[Thu Sep 25 14:30:02 2025] [FATAL] 宫人迎苌刺鬼，误中苌阴
[Thu Sep 25 14:30:02 2025] [ERROR] 拔矛，出血石余
[Thu Sep 25 14:30:02 2025] [ERROR] 医刺之，出血如梦
[Thu Sep 25 14:30:02 2025] [FATAL] 苌俱，走入宫
[Thu Sep 25 14:30:02 2025] [FATAL] 宫人迎苌刺鬼，误中苌阴
[Thu Sep 25 14:30:02 2025] [FATAL] 鬼相谓曰：正中死处
[Thu Sep 25 14:30:02 2025] [FATAL] 拔矛，出血石余
[Thu Sep 25 14:30:02 2025] [FATAL] 寐而惊悸，遂患阴肿
[Thu Sep 25 14:30:02 2025] [FATAL] 医刺之，出血如梦
[Thu Sep 25 14:30:46 2025] [FATAL] 苌俱，走入宫
[Thu Sep 25 14:30:46 2025] [FATAL] 宫人迎苌刺鬼，误中苌阴
[Thu Sep 25 14:30:46 2025] [ERROR] 拔矛，出血石余
[Thu Sep 25 14:30:46 2025] [ERROR] 医刺之，出血如梦
[Thu Sep 25 14:30:46 2025] [FATAL] 苌俱，走入宫
[Thu Sep 25 14:30:46 2025] [FATAL] 宫人迎苌刺鬼，误中苌阴
[Thu Sep 25 14:30:46 2025] [FATAL] 鬼相谓曰：正中死处
[Thu Sep 25 14:30:46 2025] [FATAL] 拔矛，出血石余
[Thu Sep 25 14:30:46 2025] [FATAL] 寐而惊悸，遂患阴肿
[Thu Sep 25 14:30:46 2025] [FATAL] 医刺之，出血如梦
[Thu Sep 25 14:31:21 2025] [FATAL] 苌俱，走入宫
[Thu Sep 25 14:31:21 2025] [FATAL] 宫人迎苌刺鬼，误中苌阴
[Thu Sep 25 14:31:21 2025] [ERROR] 拔矛，出血石余
[Thu Sep 25 14:31:21 2025] [ERROR] 医刺之，出血如梦
[Thu Sep 25 14:31:21 2025] [FATAL] 苌俱，走入宫
[Thu Sep 25 14:31:21 2025] [FATAL] 宫人迎苌刺鬼，误中苌阴
[Thu Sep 25 14:31:21 2025] [FATAL] 鬼相谓曰：正中死处
[Thu Sep 25 14:31:21 2025] [FATAL] 拔矛，出血石余
[Thu Sep 25 14:31:21 2025] [FATAL] 寐而惊悸，遂患阴肿
[Thu Sep 25 14:31:21 2025] [FATAL] 医刺之，出血如梦
[Thu Sep 25 14:32:19 2025] [FATAL] 苌俱，走入宫
[Thu Sep 25 14:32:19 2025] [FATAL] 宫人迎苌刺鬼，误中苌阴
[Thu Sep 25 14:32:19 2025] [ERROR] 拔矛，出血石余
[Thu Sep 25 14:32:19 2025] [ERROR] 医刺之，出血如梦
[Thu Sep 25 14:32:19 2025] [FATAL] 苌俱，走入宫
[Thu Sep 25 14:32:19 2025] [FATAL] 宫人迎苌刺鬼，误中苌阴
[Thu Sep 25 14:32:19 2025] [FATAL] 鬼相谓曰：正中死处
[Thu Sep 25 14:32:19 2025] [FATAL] 拔矛，出血石余
[Thu Sep 25 14:32:19 2025] [FATAL] 寐而惊悸，遂患阴肿
[Thu Sep 25 14:32:19 2025] [FATAL] 医刺之，出血如梦
[Thu Sep 25 14:32:45 2025] [FATAL] 苌俱，走入宫
[Thu Sep 25 14:32:45 2025] [FATAL] 宫人迎苌刺鬼，误中苌阴
[Thu Sep 25 14:32:45 2025] [ERROR] 拔矛，出血石余
[Thu Sep 25 14:32:45 2025] [ERROR] 医刺之，出血如梦
[Thu Sep 25 14:32:45 2025] [FATAL] 苌俱，走入宫
[Thu Sep 25 14:32:45 2025] [FATAL] 宫人迎苌刺鬼，误中苌阴
[Thu Sep 25 14:32:45 2025] [FATAL] 鬼相谓曰：正中死处
[Thu Sep 25 14:32:45 2025] [FATAL] 拔矛，出血石余
[Thu Sep 25 14:32:45 2025] [FATAL] 寐而惊悸，遂患阴肿
[Thu Sep 25 14:32:45 2025] [FATAL] 医刺之，出血如梦
[Thu Sep 25 14:32:58 2025] [FATAL] 苌俱，走入宫
[Thu Sep 25 14:32:58 2025] [FATAL] 宫人迎苌刺鬼，误中苌阴
[Thu Sep 25 14:32:58 2025] [ERROR] 拔矛，出血石余
[Thu Sep 25 14:32:58 2025] [ERROR] 医刺之，出血如梦
[Thu Sep 25 14:32:58 2025] [FATAL] 苌俱，走入宫
[Thu Sep 25 14:32:58 2025] [FATAL] 宫人迎苌刺鬼，误中苌阴
[Thu Sep 25 14:32:58 2025] [FATAL] 鬼相谓曰：正中死处
[Thu Sep 25 14:32:58 2025] [FATAL] 拔矛，出血石余
[Thu Sep 25 14:32:58 2025] [FATAL] 寐而惊悸，遂患阴肿
[Thu Sep 25 14:32:58 2025] [FATAL] 医刺之，出血如梦
[Thu Sep 25 14:33:32 2025] [FATAL] 苌俱，走入宫
[Thu Sep 25 14:33:32 2025] [FATAL] 宫人迎苌刺鬼，误中苌阴
[Thu Sep 25 14:33:32 2025] [ERROR] 拔矛，出血石余
[Thu Sep 25 14:33:32 2025] [ERROR] 医刺之，出血如梦
[Thu Sep 25 14:33:32 2025] [FATAL] 苌俱，走入宫
[Thu Sep 25 14:33:32 2025] [FATAL] 宫人迎苌刺鬼，误中苌阴
[Thu Sep 25 14:33:32 2025] [FATAL] 鬼相谓曰：正中死处
[Thu Sep 25 14:33:32 2025] [FATAL] 拔矛，出血石余
[Thu Sep 25 14:33:32 2025] [FATAL] 寐而惊悸，遂患阴肿
[Thu Sep 25 14:33:32 2025] [FATAL] 医刺之，出血如梦
[Thu Sep 25 14:59:43 2025] [FATAL] 苌俱，走入宫
[Thu Sep 25 14:59:43 2025] [FATAL] 宫人迎苌刺鬼，误中苌阴
[Thu Sep 25 14:59:43 2025] [ERROR] 拔矛，出血石余
[Thu Sep 25 14:59:43 2025] [ERROR] 医刺之，出血如梦
[Thu Sep 25 14:59:43 2025] [FATAL] 苌俱，走入宫
[Thu Sep 25 14:59:43 2025] [FATAL] 宫人迎苌刺鬼，误中苌阴
[Thu Sep 25 14:59:43 2025] [FATAL] 鬼相谓曰：正中死处
[Thu Sep 25 14:59:43 2025] [FATAL] 拔矛，出血石余
[Thu Sep 25 14:59:43 2025] [FATAL] 寐而惊悸，遂患阴肿
[Thu Sep 25 14:59:43 2025] [FATAL] 医刺之，出血如梦
[Thu Sep 25 15:05:08 2025] [FATAL] 苌俱，走入宫
[Thu Sep 25 15:05:08 2025] [FATAL] 宫人迎苌刺鬼，误中苌阴
[Thu Sep 25 15:05:08 2025] [ERROR] 拔矛，出血石余
[Thu Sep 25 15:05:08 2025] [ERROR] 医刺之，出血如梦
[Thu Sep 25 15:05:08 2025] [FATAL] 苌俱，走入宫
[Thu Sep 25 15:05:08 2025] [FATAL] 宫人迎苌刺鬼，误中苌阴
[Thu Sep 25 15:05:08 2025] [FATAL] 鬼相谓曰：正中死处
[Thu Sep 25 15:05:08 2025] [FATAL] 拔矛，出血石余
[Thu Sep 25 15:05:08 2025] [FATAL] 寐而惊悸，遂患阴肿
[Thu Sep 25 15:05:08 2025] [FATAL] 医刺之，出血如梦
[Thu Sep 25 15:05:21 2025] [FATAL] 苌俱，走入宫
[Thu Sep 25 15:05:21 2025] [FATAL] 宫人迎苌刺鬼，误中苌阴
[Thu Sep 25 15:05:21 2025] [ERROR] 拔矛，出血石余
[Thu Sep 25 15:05:21 2025] [ERROR] 医刺之，出血如梦
[Thu Sep 25 15:05:21 2025] [FATAL] 苌俱，走入宫
[Thu Sep 25 15:05:21 2025] [FATAL] 宫人迎苌刺鬼，误中苌阴
[Thu Sep 25 15:05:21 2025] [FATAL] 鬼相谓曰：正中死处
[Thu Sep 25 15:05:21 2025] [FATAL] 拔矛，出血石余
[Thu Sep 25 15:05:21 2025] [FATAL] 寐而惊悸，遂患阴肿
[Thu Sep 25 15:05:21 2025] [FATAL] 医刺之，出血如梦
[Thu Sep 25 15:05:33 2025] [FATAL] 苌俱，走入宫
[Thu Sep 25 15:05:33 2025] [FATAL] 宫人迎苌刺鬼，误中苌阴
[Thu Sep 25 15:05:33 2025] [ERROR] 拔矛，出血石余
[Thu Sep 25 15:05:33 2025] [ERROR] 医刺之，出血如梦
[Thu Sep 25 15:05:33 2025] [FATAL] 苌俱，走入宫
[Thu Sep 25 15:05:33 2025] [FATAL] 宫人迎苌刺鬼，误中苌阴
[Thu Sep 25 15:05:33 2025] [FATAL] 鬼相谓曰：正中死处
[Thu Sep 25 15:05:33 2025] [FATAL] 拔矛，出血石余
[Thu Sep 25 15:05:33 2025] [FATAL] 寐而惊悸，遂患阴肿
[Thu Sep 25 15:05:33 2025] [FATAL] 医刺之，出血如梦
[Thu Sep 25 15:05:48 2025] [FATAL] 苌俱，走入宫
[Thu Sep 25 15:05:48 2025] [FATAL] 宫人迎苌刺鬼，误中苌阴
[Thu Sep 25 15:05:48 2025] [ERROR] 拔矛，出血石余
[Thu Sep 25 15:05:48 2025] [ERROR] 医刺之，出血如梦
[Thu Sep 25 15:05:48 2025] [FATAL] 苌俱，走入宫
[Thu Sep 25 15:05:48 2025] [FATAL] 宫人迎苌刺鬼，误中苌阴
[Thu Sep 25 15:05:48 2025] [FATAL] 鬼相谓曰：正中死处
[Thu Sep 25 15:05:48 2025] [FATAL] 拔矛，出血石余
[Thu Sep 25 15:05:48 2025] [FATAL] 寐而惊悸，遂患阴肿
[Thu Sep 25 15:05:48 2025] [FATAL] 医刺之，出血如梦
[Thu Sep 25 15:06:02 2025] [FATAL] 苌俱，走入宫
[Thu Sep 25 15:06:02 2025] [FATAL] 宫人迎苌刺鬼，误中苌阴
[Thu Sep 25 15:06:02 2025] [ERROR] 拔矛，出血石余
[Thu Sep 25 15:06:02 2025] [ERROR] 医刺之，出血如梦
[Thu Sep 25 15:06:02 2025] [FATAL] 苌俱，走入宫
[Thu Sep 25 15:06:02 2025] [FATAL] 宫人迎苌刺鬼，误中苌阴
[Thu Sep 25 15:06:02 2025] [FATAL] 鬼相谓曰：正中死处
[Thu Sep 25 15:06:02 2025] [FATAL] 拔矛，出血石余
[Thu Sep 25 15:06:02 2025] [FATAL] 寐而惊悸，遂患阴肿
[Thu Sep 25 15:06:02 2025] [FATAL] 医刺之，出血如梦
[Thu Sep 25 15:06:44 2025] [FATAL] 苌俱，走入宫
[Thu Sep 25 15:06:44 2025] [FATAL] 宫人迎苌刺鬼，误中苌阴
[Thu Sep 25 15:06:44 2025] [ERROR] 拔矛，出血石余
[Thu Sep 25 15:06:44 2025] [ERROR] 医刺之，出血如梦
[Thu Sep 25 15:06:44 2025] [FATAL] 苌俱，走入宫
[Thu Sep 25 15:06:44 2025] [FATAL] 宫人迎苌刺鬼，误中苌阴
[Thu Sep 25 15:06:44 2025] [FATAL] 鬼相谓曰：正中死处
[Thu Sep 25 15:06:44 2025] [FATAL] 拔矛，出血石余
[Thu Sep 25 15:06:44 2025] [FATAL] 寐而惊悸，遂患阴肿
[Thu Sep 25 15:06:44 2025] [FATAL] 医刺之，出血如梦
[Thu Sep 25 15:07:06 2025] [FATAL] 苌俱，走入宫
[Thu Sep 25 15:07:06 2025] [FATAL] 宫人迎苌刺鬼，误中苌阴
[Thu Sep 25 15:07:06 2025] [ERROR] 拔矛，出血石余
[Thu Sep 25 15:07:06 2025] [ERROR] 医刺之，出血如梦
[Thu Sep 25 15:07:06 2025] [FATAL] 苌俱，走入宫
[Thu Sep 25 15:07:06 2025] [FATAL] 宫人迎苌刺鬼，误中苌阴
[Thu Sep 25 15:07:06 2025] [FATAL] 鬼相谓曰：正中死处
[Thu Sep 25 15:07:06 2025] [FATAL] 拔矛，出血石余
[Thu Sep 25 15:07:06 2025] [FATAL] 寐而惊悸，遂患阴肿
[Thu Sep 25 15:07:06 2025] [FATAL] 医刺之，出血如梦
[Thu Sep 25 15:07:37 2025] [FATAL] 苌俱，走入宫
[Thu Sep 25 15:07:37 2025] [FATAL] 宫人迎苌刺鬼，误中苌阴
[Thu Sep 25 15:07:37 2025] [ERROR] 拔矛，出血石余
[Thu Sep 25 15:07:37 2025] [ERROR] 医刺之，出血如梦
[Thu Sep 25 15:07:37 2025] [FATAL] 苌俱，走入宫
[Thu Sep 25 15:07:37 2025] [FATAL] 宫人迎苌刺鬼，误中苌阴
[Thu Sep 25 15:07:37 2025] [FATAL] 鬼相谓曰：正中死处
[Thu Sep 25 15:07:37 2025] [FATAL] 寐而惊悸，遂患阴肿
[Thu Sep 25 15:07:37 2025] [FATAL] 拔矛，出血石余
[Thu Sep 25 15:07:37 2025] [FATAL] 医刺之，出血如梦
[Thu Sep 25 15:07:50 2025] [FATAL] 苌俱，走入宫
[Thu Sep 25 15:07:50 2025] [FATAL] 宫人迎苌刺鬼，误中苌阴
[Thu Sep 25 15:07:50 2025] [ERROR] 拔矛，出血石余
[Thu Sep 25 15:07:50 2025] [ERROR] 医刺之，出血如梦
[Thu Sep 25 15:07:50 2025] [FATAL] 苌俱，走入宫
[Thu Sep 25 15:07:50 2025] [FATAL] 宫人迎苌刺鬼，误中苌阴
[Thu Sep 25 15:07:50 2025] [FATAL] 鬼相谓曰：正中死处
[Thu Sep 25 15:07:50 2025] [FATAL] 拔矛，出血石余
[Thu Sep 25 15:07:50 2025] [FATAL] 寐而惊悸，遂患阴肿
[Thu Sep 25 15:07:50 2025] [FATAL] 医刺之，出血如梦
[Thu Sep 25 15:08:26 2025] [FATAL] 苌俱，走入宫
[Thu Sep 25 15:08:26 2025] [FATAL] 宫人迎苌刺鬼，误中苌阴
[Thu Sep 25 15:08:26 2025] [ERROR] 拔矛，出血石余
[Thu Sep 25 15:08:26 2025] [ERROR] 医刺之，出血如梦
[Thu Sep 25 15:08:26 2025] [FATAL] 苌俱，走入宫
[Thu Sep 25 15:08:26 2025] [FATAL] 宫人迎苌刺鬼，误中苌阴
[Thu Sep 25 15:08:26 2025] [FATAL] 鬼相谓曰：正中死处
[Thu Sep 25 15:08:26 2025] [FATAL] 拔矛，出血石余
[Thu Sep 25 15:08:26 2025] [FATAL] 寐而惊悸，遂患阴肿
[Thu Sep 25 15:08:26 2025] [FATAL] 医刺之，出血如梦
[Thu Sep 25 16:09:46 2025] [FATAL] 苌俱，走入宫
[Thu Sep 25 16:09:46 2025] [FATAL] 宫人迎苌刺鬼，误中苌阴
[Thu Sep 25 16:09:46 2025] [ERROR] 拔矛，出血石余
[Thu Sep 25 16:09:46 2025] [ERROR] 医刺之，出血如梦
[Thu Sep 25 16:09:46 2025] [FATAL] 苌俱，走入宫
[Thu Sep 25 16:09:46 2025] [FATAL] 宫人迎苌刺鬼，误中苌阴
[Thu Sep 25 16:09:46 2025] [FATAL] 鬼相谓曰：正中死处
[Thu Sep 25 16:09:46 2025] [FATAL] 拔矛，出血石余
[Thu Sep 25 16:09:46 2025] [FATAL] 医刺之，出血如梦
[Thu Sep 25 16:09:46 2025] [FATAL] 寐而惊悸，遂患阴肿
[Thu Sep 25 16:10:02 2025] [FATAL] 苌俱，走入宫
[Thu Sep 25 16:10:02 2025] [FATAL] 宫人迎苌刺鬼，误中苌阴
[Thu Sep 25 16:10:02 2025] [ERROR] 拔矛，出血石余
[Thu Sep 25 16:10:02 2025] [ERROR] 医刺之，出血如梦
[Thu Sep 25 16:10:02 2025] [FATAL] 苌俱，走入宫
[Thu Sep 25 16:10:02 2025] [FATAL] 宫人迎苌刺鬼，误中苌阴
[Thu Sep 25 16:10:02 2025] [FATAL] 鬼相谓曰：正中死处
[Thu Sep 25 16:10:02 2025] [FATAL] 拔矛，出血石余
[Thu Sep 25 16:10:02 2025] [FATAL] 寐而惊悸，遂患阴肿[Thu Sep 25 16:10:02 2025] [FATAL] 医刺之，出血如梦
[Thu Sep 25 16:11:22 2025] [FATAL] 苌俱，走入宫
[Thu Sep 25 16:11:22 2025] [FATAL] 宫人迎苌刺鬼，误中苌阴
[Thu Sep 25 16:11:22 2025] [ERROR] 拔矛，出血石余
[Thu Sep 25 16:11:22 2025] [ERROR] 医刺之，出血如梦
[Thu Sep 25 16:11:22 2025] [FATAL] 苌俱，走入宫
[Thu Sep 25 16:11:22 2025] [FATAL] 宫人迎苌刺鬼，误中苌阴
[Thu Sep 25 16:11:22 2025] [FATAL] 鬼相谓曰：正中死处
[Thu Sep 25 16:11:22 2025] [FATAL] 拔矛，出血石余
[Thu Sep 25 16:11:22 2025] [FATAL] 寐而惊悸，遂患阴肿
[Thu Sep 25 16:11:22 2025] [FATAL] 医刺之，出血如梦
[Thu Sep 25 16:11:39 2025] [FATAL] 苌俱，走入宫
[Thu Sep 25 16:11:39 2025] [FATAL] 宫人迎苌刺鬼，误中苌阴
[Thu Sep 25 16:11:39 2025] [ERROR] 拔矛，出血石余
[Thu Sep 25 16:11:39 2025] [FATAL] 苌俱，走入宫
[Thu Sep 25 16:11:39 2025] [FATAL] 宫人迎苌刺鬼，误中苌阴
[Thu Sep 25 16:11:39 2025] [FATAL] 鬼相谓曰：正中死处
[Thu Sep 25 16:11:39 2025] [ERROR] 医刺之，出血如梦
[Thu Sep 25 16:11:39 2025] [FATAL] 拔矛，出血石余
[Thu Sep 25 16:11:39 2025] [FATAL] 寐而惊悸，遂患阴肿[Thu Sep 25 16:11:39 2025] [FATAL] 医刺之，出血如梦
[Thu Sep 25 16:11:58 2025] [FATAL] 苌俱，走入宫
[Thu Sep 25 16:11:58 2025] [FATAL] 宫人迎苌刺鬼，误中苌阴
[Thu Sep 25 16:11:58 2025] [ERROR] 拔矛，出血石余
[Thu Sep 25 16:11:58 2025] [ERROR] 医刺之，出血如梦
[Thu Sep 25 16:11:58 2025] [FATAL] 苌俱，走入宫
[Thu Sep 25 16:11:58 2025] [FATAL] 宫人迎苌刺鬼，误中苌阴
[Thu Sep 25 16:11:58 2025] [FATAL] 鬼相谓曰：正中死处
[Thu Sep 25 16:11:58 2025] [FATAL] 拔矛，出血石余
[Thu Sep 25 16:11:58 2025] [FATAL] 医刺之，出血如梦
[Thu Sep 25 16:11:58 2025] [FATAL] 寐而惊悸，遂患阴肿
[Thu Sep 25 16:12:21 2025] [FATAL] 苌俱，走入宫
[Thu Sep 25 16:12:21 2025] [FATAL] 宫人迎苌刺鬼，误中苌阴
[Thu Sep 25 16:12:21 2025] [ERROR] 拔矛，出血石余
[Thu Sep 25 16:12:21 2025] [ERROR] 医刺之，出血如梦
[Thu Sep 25 16:12:21 2025] [FATAL] 苌俱，走入宫
[Thu Sep 25 16:12:21 2025] [FATAL] 宫人迎苌刺鬼，误中苌阴
[Thu Sep 25 16:12:21 2025] [FATAL] 鬼相谓曰：正中死处
[Thu Sep 25 16:12:21 2025] [FATAL] 拔矛，出血石余[Thu Sep 25 16:12:21 2025] [FATAL] 寐而惊悸，遂患阴肿
[Thu Sep 25 16:12:21 2025] [FATAL] 医刺之，出血如梦
[Thu Sep 25 16:12:43 2025] [FATAL] 苌俱，走入宫
[Thu Sep 25 16:12:43 2025] [FATAL] 宫人迎苌刺鬼，误中苌阴
[Thu Sep 25 16:12:43 2025] [ERROR] 拔矛，出血石余
[Thu Sep 25 16:12:43 2025] [ERROR] 医刺之，出血如梦
[Thu Sep 25 16:12:43 2025] [FATAL] 苌俱，走入宫
[Thu Sep 25 16:12:43 2025] [FATAL] 宫人迎苌刺鬼，误中苌阴
[Thu Sep 25 16:12:43 2025] [FATAL] 鬼相谓曰：正中死处
[Thu Sep 25 16:12:43 2025] [FATAL] 拔矛，出血石余
[Thu Sep 25 16:12:43 2025] [FATAL] 寐而惊悸，遂患阴肿
[Thu Sep 25 16:12:43 2025] [FATAL] 医刺之，出血如梦
[Thu Sep 25 16:15:04 2025] [FATAL] 苌俱，走入宫
[Thu Sep 25 16:15:04 2025] [FATAL] 宫人迎苌刺鬼，误中苌阴
[Thu Sep 25 16:15:04 2025] [ERROR] 拔矛，出血石余
[Thu Sep 25 16:15:04 2025] [ERROR] 医刺之，出血如梦
[Thu Sep 25 16:15:04 2025] [FATAL] 苌俱，走入宫
[Thu Sep 25 16:15:04 2025] [FATAL] 宫人迎苌刺鬼，误中苌阴
[Thu Sep 25 16:15:04 2025] [FATAL] 鬼相谓曰：正中死处
[Thu Sep 25 16:15:04 2025] [FATAL] 拔矛，出血石余
[Thu Sep 25 16:15:04 2025] [FATAL] 寐而惊悸，遂患阴肿
[Thu Sep 25 16:15:04 2025] [FATAL] 医刺之，出血如梦
[Thu Sep 25 16:15:19 2025] [FATAL] 苌俱，走入宫
[Thu Sep 25 16:15:19 2025] [FATAL] 宫人迎苌刺鬼，误中苌阴
[Thu Sep 25 16:15:19 2025] [ERROR] 拔矛，出血石余
[Thu Sep 25 16:15:19 2025] [ERROR] 医刺之，出血如梦
[Thu Sep 25 16:15:19 2025] [FATAL] 苌俱，走入宫
[Thu Sep 25 16:15:19 2025] [FATAL] 宫人迎苌刺鬼，误中苌阴
[Thu Sep 25 16:15:19 2025] [FATAL] 鬼相谓曰：正中死处
[Thu Sep 25 16:15:19 2025] [FATAL] 拔矛，出血石余
[Thu Sep 25 16:15:19 2025] [FATAL] 寐而惊悸，遂患阴肿
[Thu Sep 25 16:15:19 2025] [FATAL] 医刺之，出血如梦
[Thu Sep 25 16:15:40 2025] [FATAL] 苌俱，走入宫
[Thu Sep 25 16:15:40 2025] [FATAL] 宫人迎苌刺鬼，误中苌阴
[Thu Sep 25 16:15:40 2025] [ERROR] 拔矛，出血石余
[Thu Sep 25 16:15:40 2025] [ERROR] 医刺之，出血如梦
[Thu Sep 25 16:15:40 2025] [FATAL] 苌俱，走入宫
[Thu Sep 25 16:15:40 2025] [FATAL] 宫人迎苌刺鬼，误中苌阴
[Thu Sep 25 16:15:40 2025] [FATAL] 鬼相谓曰：正中死处
[Thu Sep 25 16:15:40 2025] [FATAL] 拔矛，出血石余
[Thu Sep 25 16:15:40 2025] [FATAL] 寐而惊悸，遂患阴肿
[Thu Sep 25 16:15:40 2025] [FATAL] 医刺之，出血如梦
[Thu Sep 25 18:20:03 2025] [FATAL] 苌俱，走入宫
[Thu Sep 25 18:20:03 2025] [FATAL] 宫人迎苌刺鬼，误中苌阴
[Thu Sep 25 18:20:03 2025] [ERROR] 拔矛，出血石余
[Thu Sep 25 18:20:03 2025] [ERROR] 医刺之，出血如梦
[Thu Sep 25 18:20:03 2025] [FATAL] 苌俱，走入宫
[Thu Sep 25 18:20:03 2025] [FATAL] 宫人迎苌刺鬼，误中苌阴
[Thu Sep 25 18:20:03 2025] [FATAL] 鬼相谓曰：正中死处
[Thu Sep 25 18:20:03 2025] [FATAL] 拔矛，出血石余
[Thu Sep 25 18:20:03 2025] [FATAL] 寐而惊悸，遂患阴肿
[Thu Sep 25 18:20:03 2025] [FATAL] 医刺之，出血如梦
[Thu Sep 25 18:20:17 2025] [FATAL] 苌俱，走入宫
[Thu Sep 25 18:20:17 2025] [FATAL] 宫人迎苌刺鬼，误中苌阴
[Thu Sep 25 18:20:17 2025] [ERROR] 拔矛，出血石余
[Thu Sep 25 18:20:17 2025] [ERROR] 医刺之，出血如梦
[Thu Sep 25 18:20:17 2025] [FATAL] 苌俱，走入宫
[Thu Sep 25 18:20:17 2025] [FATAL] 宫人迎苌刺鬼，误中苌阴
[Thu Sep 25 18:20:17 2025] [FATAL] 鬼相谓曰：正中死处
[Thu Sep 25 18:20:17 2025] [FATAL] 拔矛，出血石余
[Thu Sep 25 18:20:17 2025] [FATAL] 寐而惊悸，遂患阴肿
[Thu Sep 25 18:20:17 2025] [FATAL] 医刺之，出血如梦
[Thu Sep 25 18:22:28 2025] [FATAL] 苌俱，走入宫
[Thu Sep 25 18:22:28 2025] [FATAL] 宫人迎苌刺鬼，误中苌阴
[Thu Sep 25 18:22:28 2025] [ERROR] 拔矛，出血石余
[Thu Sep 25 18:22:28 2025] [ERROR] 医刺之，出血如梦
[Thu Sep 25 18:22:28 2025] [FATAL] 苌俱，走入宫
[Thu Sep 25 18:22:28 2025] [FATAL] 宫人迎苌刺鬼，误中苌阴
[Thu Sep 25 18:22:28 2025] [FATAL] 鬼相谓曰：正中死处
[Thu Sep 25 18:22:28 2025] [FATAL] 寐而惊悸，遂患阴肿
[Thu Sep 25 18:22:28 2025] [FATAL] 拔矛，出血石余
[Thu Sep 25 18:22:28 2025] [FATAL] 医刺之，出血如梦
[Thu Sep 25 19:03:28 2025] [FATAL] 苌俱，走入宫
[Thu Sep 25 19:03:28 2025] [FATAL] 宫人迎苌刺鬼，误中苌阴
[Thu Sep 25 19:03:28 2025] [ERROR] 拔矛，出血石余
[Thu Sep 25 19:03:28 2025] [ERROR] 医刺之，出血如梦
[Thu Sep 25 19:03:28 2025] [FATAL] 苌俱，走入宫
[Thu Sep 25 19:03:28 2025] [FATAL] 宫人迎苌刺鬼，误中苌阴
[Thu Sep 25 19:03:28 2025] [FATAL] 鬼相谓曰：正中死处
[Thu Sep 25 19:03:28 2025] [FATAL] 拔矛，出血石余
[Thu Sep 25 19:03:28 2025] [FATAL] 寐而惊悸，遂患阴肿
[Thu Sep 25 19:03:28 2025] [FATAL] 医刺之，出血如梦
[Thu Sep 25 19:04:05 2025] [FATAL] 苌俱，走入宫
[Thu Sep 25 19:04:05 2025] [FATAL] 宫人迎苌刺鬼，误中苌阴
[Thu Sep 25 19:04:05 2025] [ERROR] 拔矛，出血石余
[Thu Sep 25 19:04:05 2025] [ERROR] 医刺之，出血如梦
[Thu Sep 25 19:04:05 2025] [FATAL] 苌俱，走入宫
[Thu Sep 25 19:04:05 2025] [FATAL] 宫人迎苌刺鬼，误中苌阴
[Thu Sep 25 19:04:05 2025] [FATAL] 鬼相谓曰：正中死处
[Thu Sep 25 19:04:05 2025] [FATAL] 拔矛，出血石余
[Thu Sep 25 19:04:05 2025] [FATAL] 寐而惊悸，遂患阴肿
[Thu Sep 25 19:04:05 2025] [FATAL] 医刺之，出血如梦
[Thu Sep 25 19:05:55 2025] [FATAL] 苌俱，走入宫
[Thu Sep 25 19:05:55 2025] [FATAL] 宫人迎苌刺鬼，误中苌阴
[Thu Sep 25 19:05:55 2025] [ERROR] 拔矛，出血石余
[Thu Sep 25 19:05:55 2025] [ERROR] 医刺之，出血如梦
[Thu Sep 25 19:05:59 2025] [FATAL] 苌俱，走入宫
[Thu Sep 25 19:05:59 2025] [FATAL] 宫人迎苌刺鬼，误中苌阴
[Thu Sep 25 19:05:59 2025] [FATAL] 鬼相谓曰：正中死处
[Thu Sep 25 19:06:00 2025] [FATAL] 拔矛，出血石余
[Thu Sep 25 19:06:00 2025] [FATAL] 寐而惊悸，遂患阴肿
[Thu Sep 25 19:06:00 2025] [FATAL] 医刺之，出血如梦
[Thu Sep 25 19:08:35 2025] [FATAL] 苌俱，走入宫
[Thu Sep 25 19:08:35 2025] [FATAL] 宫人迎苌刺鬼，误中苌阴
[Thu Sep 25 19:08:35 2025] [ERROR] 拔矛，出血石余
[Thu Sep 25 19:08:35 2025] [ERROR] 医刺之，出血如梦
[Thu Sep 25 19:08:35 2025] [FATAL] 苌俱，走入宫
[Thu Sep 25 19:08:35 2025] [FATAL] 宫人迎苌刺鬼，误中苌阴
[Thu Sep 25 19:08:35 2025] [FATAL] 鬼相谓曰：正中死处
[Thu Sep 25 19:08:35 2025] [FATAL] 拔矛，出血石余
[Thu Sep 25 19:08:35 2025] [FATAL] 寐而惊悸，遂患阴肿
[Thu Sep 25 19:08:35 2025] [FATAL] 医刺之，出血如梦
[Thu Sep 25 19:08:46 2025] [FATAL] 苌俱，走入宫
[Thu Sep 25 19:08:46 2025] [FATAL] 宫人迎苌刺鬼，误中苌阴
[Thu Sep 25 19:08:46 2025] [ERROR] 拔矛，出血石余
[Thu Sep 25 19:08:46 2025] [ERROR] 医刺之，出血如梦
[Thu Sep 25 19:08:46 2025] [FATAL] 苌俱，走入宫
[Thu Sep 25 19:08:46 2025] [FATAL] 宫人迎苌刺鬼，误中苌阴
[Thu Sep 25 19:08:46 2025] [FATAL] 鬼相谓曰：正中死处
[Thu Sep 25 19:08:46 2025] [FATAL] 拔矛，出血石余
[Thu Sep 25 19:08:46 2025] [FATAL] 寐而惊悸，遂患阴肿
[Thu Sep 25 19:08:46 2025] [FATAL] 医刺之，出血如梦
[Thu Sep 25 19:25:11 2025] [FATAL] 苌俱，走入宫
[Thu Sep 25 19:25:11 2025] [FATAL] 宫人迎苌刺鬼，误中苌阴
[Thu Sep 25 19:25:11 2025] [ERROR] 拔矛，出血石余
[Thu Sep 25 19:25:11 2025] [ERROR] 医刺之，出血如梦
[Thu Sep 25 19:25:11 2025] [FATAL] 苌俱，走入宫
[Thu Sep 25 19:25:11 2025] [FATAL] 宫人迎苌刺鬼，误中苌阴
[Thu Sep 25 19:25:11 2025] [FATAL] 鬼相谓曰：正中死处
[Thu Sep 25 19:25:11 2025] [FATAL] 拔矛，出血石余
[Thu Sep 25 19:25:11 2025] [FATAL] 寐而惊悸，遂患阴肿
[Thu Sep 25 19:25:11 2025] [FATAL] 医刺之，出血如梦
[Thu Sep 25 19:25:23 2025] [FATAL] 苌俱，走入宫
[Thu Sep 25 19:25:23 2025] [FATAL] 宫人迎苌刺鬼，误中苌阴
[Thu Sep 25 19:25:23 2025] [ERROR] 拔矛，出血石余
[Thu Sep 25 19:25:23 2025] [ERROR] 医刺之，出血如梦
[Thu Sep 25 19:25:23 2025] [FATAL] 苌俱，走入宫
[Thu Sep 25 19:25:23 2025] [FATAL] 宫人迎苌刺鬼，误中苌阴
[Thu Sep 25 19:25:23 2025] [FATAL] 鬼相谓曰：正中死处
[Thu Sep 25 19:25:23 2025] [FATAL] 寐而惊悸，遂患阴肿
[Thu Sep 25 19:25:23 2025] [FATAL] 拔矛，出血石余
[Thu Sep 25 19:25:23 2025] [FATAL] 医刺之，出血如梦
[Thu Sep 25 19:25:40 2025] [FATAL] 苌俱，走入宫
[Thu Sep 25 19:25:40 2025] [FATAL] 宫人迎苌刺鬼，误中苌阴
[Thu Sep 25 19:25:40 2025] [ERROR] 拔矛，出血石余
[Thu Sep 25 19:25:40 2025] [ERROR] 医刺之，出血如梦
[Thu Sep 25 19:25:40 2025] [FATAL] 苌俱，走入宫
[Thu Sep 25 19:25:40 2025] [FATAL] 宫人迎苌刺鬼，误中苌阴
[Thu Sep 25 19:25:40 2025] [FATAL] 鬼相谓曰：正中死处
[Thu Sep 25 19:25:40 2025] [FATAL] 拔矛，出血石余
[Thu Sep 25 19:25:40 2025] [FATAL] 寐而惊悸，遂患阴肿
[Thu Sep 25 19:25:40 2025] [FATAL] 医刺之，出血如梦
[Thu Sep 25 19:27:41 2025] [FATAL] 苌俱，走入宫
[Thu Sep 25 19:27:41 2025] [FATAL] 宫人迎苌刺鬼，误中苌阴
[Thu Sep 25 19:27:41 2025] [ERROR] 拔矛，出血石余
[Thu Sep 25 19:27:41 2025] [ERROR] 医刺之，出血如梦
[Thu Sep 25 19:27:41 2025] [FATAL] 苌俱，走入宫
[Thu Sep 25 19:27:41 2025] [FATAL] 宫人迎苌刺鬼，误中苌阴
[Thu Sep 25 19:27:41 2025] [FATAL] 鬼相谓曰：正中死处
[Thu Sep 25 19:27:41 2025] [FATAL] 拔矛，出血石余
[Thu Sep 25 19:27:41 2025] [FATAL] 寐而惊悸，遂患阴肿
[Thu Sep 25 19:27:41 2025] [FATAL] 医刺之，出血如梦
[Thu Sep 25 19:27:54 2025] [FATAL] 苌俱，走入宫
[Thu Sep 25 19:27:54 2025] [FATAL] 宫人迎苌刺鬼，误中苌阴
[Thu Sep 25 19:27:54 2025] [ERROR] 拔矛，出血石余
[Thu Sep 25 19:27:54 2025] [ERROR] 医刺之，出血如梦
[Thu Sep 25 19:27:54 2025] [FATAL] 苌俱，走入宫
[Thu Sep 25 19:27:54 2025] [FATAL] 宫人迎苌刺鬼，误中苌阴
[Thu Sep 25 19:27:54 2025] [FATAL] 鬼相谓曰：正中死处
[Thu Sep 25 19:27:54 2025] [FATAL] 拔矛，出血石余
[Thu Sep 25 19:27:54 2025] [FATAL] 寐而惊悸，遂患阴肿
[Thu Sep 25 19:27:54 2025] [FATAL] 医刺之，出血如梦
[Thu Sep 25 19:29:24 2025] [FATAL] 苌俱，走入宫
[Thu Sep 25 19:29:24 2025] [FATAL] 宫人迎苌刺鬼，误中苌阴
[Thu Sep 25 19:29:24 2025] [ERROR] 拔矛，出血石余
[Thu Sep 25 19:29:24 2025] [ERROR] 医刺之，出血如梦
[Thu Sep 25 19:29:24 2025] [FATAL] 苌俱，走入宫
[Thu Sep 25 19:29:24 2025] [FATAL] 宫人迎苌刺鬼，误中苌阴
[Thu Sep 25 19:29:24 2025] [FATAL] 鬼相谓曰：正中死处
[Thu Sep 25 19:29:24 2025] [FATAL] 拔矛，出血石余
[Thu Sep 25 19:29:24 2025] [FATAL] 寐而惊悸，遂患阴肿
[Thu Sep 25 19:29:24 2025] [FATAL] 医刺之，出血如梦
[Thu Sep 25 19:29:37 2025] [FATAL] 苌俱，走入宫
[Thu Sep 25 19:29:37 2025] [FATAL] 宫人迎苌刺鬼，误中苌阴
[Thu Sep 25 19:29:37 2025] [ERROR] 拔矛，出血石余
[Thu Sep 25 19:29:37 2025] [ERROR] 医刺之，出血如梦
[Thu Sep 25 19:29:37 2025] [FATAL] 苌俱，走入宫
[Thu Sep 25 19:29:37 2025] [FATAL] 宫人迎苌刺鬼，误中苌阴
[Thu Sep 25 19:29:37 2025] [FATAL] 鬼相谓曰：正中死处
[Thu Sep 25 19:29:37 2025] [FATAL] 拔矛，出血石余
[Thu Sep 25 19:29:37 2025] [FATAL] 寐而惊悸，遂患阴肿
[Thu Sep 25 19:29:37 2025] [FATAL] 医刺之，出血如梦
[Thu Sep 25 19:39:48 2025] [FATAL] 宫人迎苌刺鬼，误中苌阴
[Thu Sep 25 19:39:48 2025] [FATAL] 苌俱，走入宫
[Thu Sep 25 19:39:48 2025] [ERROR] 拔矛，出血石余
[Thu Sep 25 19:41:15 2025] [FATAL] 苌俱，走入宫
[Thu Sep 25 19:41:15 2025] [FATAL] 宫人迎苌刺鬼，误中苌阴
[Thu Sep 25 19:41:15 2025] [ERROR] 拔矛，出血石余
[Thu Sep 25 19:41:15 2025] [ERROR] 医刺之，出血如梦
[Thu Sep 25 19:41:15 2025] [FATAL] 苌俱，走入宫
[Thu Sep 25 19:41:15 2025] [FATAL] 宫人迎苌刺鬼，误中苌阴
[Thu Sep 25 19:41:15 2025] [FATAL] 鬼相谓曰：正中死处
[Thu Sep 25 19:41:15 2025] [FATAL] 拔矛，出血石余
[Thu Sep 25 19:41:15 2025] [FATAL] 寐而惊悸，遂患阴肿
[Thu Sep 25 19:41:15 2025] [FATAL] 医刺之，出血如梦
[Thu Sep 25 19:41:29 2025] [FATAL] 苌俱，走入宫
[Thu Sep 25 19:41:29 2025] [FATAL] 宫人迎苌刺鬼，误中苌阴
[Thu Sep 25 19:41:29 2025] [ERROR] 拔矛，出血石余
[Thu Sep 25 19:41:29 2025] [ERROR] 医刺之，出血如梦
[Thu Sep 25 19:41:29 2025] [FATAL] 苌俱，走入宫
[Thu Sep 25 19:41:29 2025] [FATAL] 宫人迎苌刺鬼，误中苌阴
[Thu Sep 25 19:41:29 2025] [FATAL] 鬼相谓曰：正中死处
[Thu Sep 25 19:41:29 2025] [FATAL] 拔矛，出血石余
[Thu Sep 25 19:41:29 2025] [FATAL] 寐而惊悸，遂患阴肿
[Thu Sep 25 19:41:29 2025] [FATAL] 医刺之，出血如梦
[Thu Sep 25 19:41:41 2025] [FATAL] 苌俱，走入宫
[Thu Sep 25 19:41:41 2025] [FATAL] 宫人迎苌刺鬼，误中苌阴
[Thu Sep 25 19:41:41 2025] [ERROR] 拔矛，出血石余
[Thu Sep 25 19:41:41 2025] [ERROR] 医刺之，出血如梦
[Thu Sep 25 19:41:41 2025] [FATAL] 苌俱，走入宫
[Thu Sep 25 19:41:41 2025] [FATAL] 宫人迎苌刺鬼，误中苌阴
[Thu Sep 25 19:41:41 2025] [FATAL] 鬼相谓曰：正中死处
[Thu Sep 25 19:41:41 2025] [FATAL] 拔矛，出血石余
[Thu Sep 25 19:41:41 2025] [FATAL] 寐而惊悸，遂患阴肿
[Thu Sep 25 19:41:41 2025] [FATAL] 医刺之，出血如梦
[Thu Sep 25 19:43:02 2025] [FATAL] 宫人迎苌刺鬼，误中苌阴
[Thu Sep 25 19:43:02 2025] [FATAL] 苌俱，走入宫
[Thu Sep 25 19:43:02 2025] [ERROR] 拔矛，出血石余
[Thu Sep 25 19:43:02 2025] [ERROR] 医刺之，出血如梦
[Thu Sep 25 19:43:02 2025] [FATAL] 宫人迎苌刺鬼，误中苌阴
[Thu Sep 25 19:43:02 2025] [FATAL] 寐而惊悸，遂患阴肿
[Thu Sep 25 19:43:02 2025] [FATAL] 苌俱，走入宫
[Thu Sep 25 19:43:02 2025] [FATAL] 医刺之，出血如梦
[Thu Sep 25 19:43:02 2025] [FATAL] 拔矛，出血石余
[Thu Sep 25 19:43:02 2025] [FATAL] 鬼相谓曰：正中死处
[Thu Sep 25 19:54:14 2025] [FATAL] 苌俱，走入宫
[Thu Sep 25 19:54:14 2025] [FATAL] 宫人迎苌刺鬼，误中苌阴
[Thu Sep 25 19:54:14 2025] [ERROR] 拔矛，出血石余
[Thu Sep 25 19:54:14 2025] [ERROR] 医刺之，出血如梦
[Thu Sep 25 19:54:14 2025] [FATAL] 苌俱，走入宫
[Thu Sep 25 19:54:14 2025] [FATAL] 宫人迎苌刺鬼，误中苌阴
[Thu Sep 25 19:54:14 2025] [FATAL] 鬼相谓曰：正中死处
[Thu Sep 25 19:54:14 2025] [FATAL] 拔矛，出血石余
[Thu Sep 25 19:54:14 2025] [FATAL] 寐而惊悸，遂患阴肿
[Thu Sep 25 19:54:14 2025] [FATAL] 医刺之，出血如梦
[Thu Sep 25 19:55:06 2025] [FATAL] 苌俱，走入宫
[Thu Sep 25 19:55:06 2025] [FATAL] 宫人迎苌刺鬼，误中苌阴
[Thu Sep 25 19:55:06 2025] [ERROR] 拔矛，出血石余
[Thu Sep 25 19:55:06 2025] [ERROR] 医刺之，出血如梦
[Thu Sep 25 19:55:06 2025] [FATAL] 苌俱，走入宫
[Thu Sep 25 19:55:06 2025] [FATAL] 宫人迎苌刺鬼，误中苌阴
[Thu Sep 25 19:55:06 2025] [FATAL] 鬼相谓曰：正中死处
[Thu Sep 25 19:55:06 2025] [FATAL] 拔矛，出血石余
[Thu Sep 25 19:55:06 2025] [FATAL] 寐而惊悸，遂患阴肿
[Thu Sep 25 19:55:06 2025] [FATAL] 医刺之，出血如梦
[Thu Sep 25 19:58:48 2025] [FATAL] 宫人迎苌刺鬼，误中苌阴
[Thu Sep 25 19:58:48 2025] [FATAL] 苌俱，走入宫
[Thu Sep 25 19:58:48 2025] [FATAL] 宫人迎苌刺鬼，误中苌阴
[Thu Sep 25 19:58:48 2025] [FATAL] 苌俱，走入宫
[Thu Sep 25 19:58:48 2025] [ERROR] 拔矛，出血石余
[Thu Sep 25 19:58:48 2025] [FATAL] 鬼相谓曰：正中死处
[Thu Sep 25 19:58:48 2025] [ERROR] 医刺之，出血如梦
[Thu Sep 25 19:58:48 2025] [FATAL] 拔矛，出血石余[Thu Sep 25 19:58:48 2025] [FATAL] 寐而惊悸，遂患阴肿
[Thu Sep 25 19:58:48 2025] [FATAL] 医刺之，出血如梦
[Thu Sep 25 19:59:18 2025] [FATAL] 苌俱，走入宫
[Thu Sep 25 19:59:18 2025] [FATAL] 宫人迎苌刺鬼，误中苌阴
[Thu Sep 25 19:59:18 2025] [ERROR] 拔矛，出血石余
[Thu Sep 25 19:59:18 2025] [ERROR] 医刺之，出血如梦
[Thu Sep 25 19:59:18 2025] [FATAL] 苌俱，走入宫
[Thu Sep 25 19:59:18 2025] [FATAL] 宫人迎苌刺鬼，误中苌阴
[Thu Sep 25 19:59:18 2025] [FATAL] 鬼相谓曰：正中死处
[Thu Sep 25 19:59:18 2025] [FATAL] 拔矛，出血石余
[Thu Sep 25 19:59:18 2025] [FATAL] 寐而惊悸，遂患阴肿
[Thu Sep 25 19:59:18 2025] [FATAL] 医刺之，出血如梦
[Thu Sep 25 20:00:12 2025] [FATAL] 苌俱，走入宫
[Thu Sep 25 20:00:12 2025] [FATAL] 宫人迎苌刺鬼，误中苌阴
[Thu Sep 25 20:00:12 2025] [ERROR] 拔矛，出血石余
[Thu Sep 25 20:00:12 2025] [ERROR] 医刺之，出血如梦
[Thu Sep 25 20:00:12 2025] [FATAL] 苌俱，走入宫
[Thu Sep 25 20:00:12 2025] [FATAL] 宫人迎苌刺鬼，误中苌阴
[Thu Sep 25 20:00:12 2025] [FATAL] 鬼相谓曰：正中死处
[Thu Sep 25 20:00:12 2025] [FATAL] 拔矛，出血石余
[Thu Sep 25 20:00:12 2025] [FATAL] 寐而惊悸，遂患阴肿
[Thu Sep 25 20:00:12 2025] [FATAL] 医刺之，出血如梦
[Thu Sep 25 20:01:14 2025] [FATAL] 苌俱，走入宫
[Thu Sep 25 20:01:14 2025] [FATAL] 宫人迎苌刺鬼，误中苌阴
[Thu Sep 25 20:01:14 2025] [ERROR] 拔矛，出血石余
[Thu Sep 25 20:01:14 2025] [ERROR] 医刺之，出血如梦
[Thu Sep 25 20:01:14 2025] [FATAL] 苌俱，走入宫
[Thu Sep 25 20:01:14 2025] [FATAL] 宫人迎苌刺鬼，误中苌阴
[Thu Sep 25 20:01:14 2025] [FATAL] 鬼相谓曰：正中死处
[Thu Sep 25 20:01:14 2025] [FATAL] 拔矛，出血石余
[Thu Sep 25 20:01:14 2025] [FATAL] 寐而惊悸，遂患阴肿
[Thu Sep 25 20:01:14 2025] [FATAL] 医刺之，出血如梦
[Thu Sep 25 20:01:33 2025] [FATAL] 苌俱，走入宫
[Thu Sep 25 20:01:33 2025] [FATAL] 宫人迎苌刺鬼，误中苌阴
[Thu Sep 25 20:01:33 2025] [ERROR] 拔矛，出血石余
[Thu Sep 25 20:01:33 2025] [ERROR] 医刺之，出血如梦
[Thu Sep 25 20:01:33 2025] [FATAL] 苌俱，走入宫
[Thu Sep 25 20:01:33 2025] [FATAL] 宫人迎苌刺鬼，误中苌阴
[Thu Sep 25 20:01:33 2025] [FATAL] 鬼相谓曰：正中死处
[Thu Sep 25 20:01:33 2025] [FATAL] 拔矛，出血石余
[Thu Sep 25 20:01:33 2025] [FATAL] 寐而惊悸，遂患阴肿
[Thu Sep 25 20:01:33 2025] [FATAL] 医刺之，出血如梦
[Thu Sep 25 20:06:29 2025] [FATAL] 苌俱，走入宫
[Thu Sep 25 20:06:29 2025] [FATAL] 宫人迎苌刺鬼，误中苌阴
[Thu Sep 25 20:06:29 2025] [FATAL] 宫人迎苌刺鬼，误中苌阴
[Thu Sep 25 20:06:29 2025] [ERROR] 拔矛，出血石余
[Thu Sep 25 20:06:29 2025] [FATAL] 拔矛，出血石余
[Thu Sep 25 20:06:29 2025] [ERROR] 医刺之，出血如梦
[Thu Sep 25 20:06:29 2025] [FATAL] 医刺之，出血如梦
[Thu Sep 25 20:06:29 2025] [FATAL] 寐而惊悸，遂患阴肿
[Thu Sep 25 20:06:29 2025] [FATAL] 鬼相谓曰：正中死处
[Thu Sep 25 20:06:29 2025] [FATAL] 苌俱，走入宫
[Thu Sep 25 20:24:46 2025] [FATAL] 苌俱，走入宫
[Thu Sep 25 20:24:46 2025] [FATAL] 宫人迎苌刺鬼，误中苌阴
[Thu Sep 25 20:24:46 2025] [ERROR] 拔矛，出血石余
[Thu Sep 25 20:27:30 2025] [FATAL] 苌俱，走入宫
[Thu Sep 25 20:27:30 2025] [FATAL] 宫人迎苌刺鬼，误中苌阴
[Thu Sep 25 20:27:30 2025] [FATAL] 苌俱，走入宫
[Thu Sep 25 20:27:30 2025] [ERROR] 医刺之，出血如梦
[Thu Sep 25 20:27:30 2025] [ERROR] 拔矛，出血石余
[Thu Sep 25 20:27:30 2025] [FATAL] 宫人迎苌刺鬼，误中苌阴
[Thu Sep 25 20:27:30 2025] [FATAL] 拔矛，出血石余
[Thu Sep 25 20:27:30 2025] [FATAL] 寐而惊悸，遂患阴肿
[Thu Sep 25 20:27:30 2025] [FATAL] 医刺之，出血如梦
[Thu Sep 25 20:27:30 2025] [FATAL] 鬼相谓曰：正中死处
[Fri Sep 26 15:16:45 2025] [FATAL] 苌俱，走入宫
[Fri Sep 26 15:16:45 2025] [FATAL] 苌俱，走入宫
[Fri Sep 26 15:16:45 2025] [ERROR] 拔矛，出血石余
[Fri Sep 26 15:16:45 2025] [ERROR] 医刺之，出血如梦[Fri Sep 26 15:16:45 2025] [FATAL] 拔矛，出血石余
[Fri Sep 26 15:16:45 2025] [FATAL] 宫人迎苌刺鬼，误中苌阴
[Fri Sep 26 15:16:45 2025] [FATAL] 宫人迎苌刺鬼，误中苌阴[Fri Sep 26 15:16:45 2025] [FATAL] 寐而惊悸，遂患阴肿
[Fri Sep 26 15:16:45 2025] [FATAL] 鬼相谓曰：正中死处
[Fri Sep 26 15:16:45 2025] [FATAL] 医刺之，出血如梦
[Fri Sep 26 19:00:14 2025] [ERROR] the Storage.conf is not existed
[Fri Sep 26 21:56:18 2025] [ERROR] CloudStorage received connection with fd=51
[Fri Sep 26 21:59:50 2025] [ERROR] CloudStorage received connection with fd = 51
[Sat Sep 27 11:29:35 2025] [FATAL] 苌俱，走入宫
[Sat Sep 27 11:29:35 2025] [FATAL] 宫人迎苌刺鬼，误中苌阴
[Sat Sep 27 11:29:35 2025] [ERROR] 拔矛，出血石余
[Sat Sep 27 11:29:35 2025] [ERROR] 医刺之，出血如梦
[Sat Sep 27 11:29:35 2025] [FATAL] 苌俱，走入宫
[Sat Sep 27 11:29:35 2025] [FATAL] 宫人迎苌刺鬼，误中苌阴
[Sat Sep 27 11:29:35 2025] [FATAL] 鬼相谓曰：正中死处
[Sat Sep 27 11:29:35 2025] [FATAL] 寐而惊悸，遂患阴肿
[Sat Sep 27 11:29:35 2025] [FATAL] 拔矛，出血石余
[Sat Sep 27 11:29:35 2025] [FATAL] 医刺之，出血如梦
[Sat Sep 27 11:29:48 2025] [FATAL] 苌俱，走入宫
[Sat Sep 27 11:29:48 2025] [FATAL] 宫人迎苌刺鬼，误中苌阴
[Sat Sep 27 11:29:48 2025] [ERROR] 拔矛，出血石余
[Sat Sep 27 11:29:48 2025] [ERROR] 医刺之，出血如梦
[Sat Sep 27 11:29:48 2025] [FATAL] 苌俱，走入宫
[Sat Sep 27 11:29:48 2025] [FATAL] 宫人迎苌刺鬼，误中苌阴
[Sat Sep 27 11:29:48 2025] [FATAL] 鬼相谓曰：正中死处
[Sat Sep 27 11:29:48 2025] [FATAL] 拔矛，出血石余
[Sat Sep 27 11:29:48 2025] [FATAL] 寐而惊悸，遂患阴肿
[Sat Sep 27 11:29:48 2025] [FATAL] 医刺之，出血如梦
[Sat Sep 27 11:30:21 2025] [FATAL] 苌俱，走入宫
[Sat Sep 27 11:30:21 2025] [FATAL] 宫人迎苌刺鬼，误中苌阴
[Sat Sep 27 11:30:21 2025] [ERROR] 拔矛，出血石余
[Sat Sep 27 11:30:21 2025] [ERROR] 医刺之，出血如梦
[Sat Sep 27 11:30:21 2025] [FATAL] 苌俱，走入宫
[Sat Sep 27 11:30:21 2025] [FATAL] 宫人迎苌刺鬼，误中苌阴
[Sat Sep 27 11:30:21 2025] [FATAL] 鬼相谓曰：正中死处
[Sat Sep 27 11:30:21 2025] [FATAL] 拔矛，出血石余
[Sat Sep 27 11:30:21 2025] [FATAL] 寐而惊悸，遂患阴肿
[Sat Sep 27 11:30:21 2025] [FATAL] 医刺之，出血如梦
[Sat Sep 27 11:30:44 2025] [FATAL] 苌俱，走入宫
[Sat Sep 27 11:30:44 2025] [FATAL] 宫人迎苌刺鬼，误中苌阴
[Sat Sep 27 11:30:44 2025] [ERROR] 拔矛，出血石余
[Sat Sep 27 11:30:44 2025] [ERROR] 医刺之，出血如梦
[Sat Sep 27 11:30:44 2025] [FATAL] 苌俱，走入宫
[Sat Sep 27 11:30:44 2025] [FATAL] 宫人迎苌刺鬼，误中苌阴
[Sat Sep 27 11:30:44 2025] [FATAL] 鬼相谓曰：正中死处
[Sat Sep 27 11:30:44 2025] [FATAL] 寐而惊悸，遂患阴肿
[Sat Sep 27 11:30:44 2025] [FATAL] 拔矛，出血石余
[Sat Sep 27 11:30:44 2025] [FATAL] 医刺之，出血如梦
[Mon Sep 29 14:55:35 2025] [ERROR] 拔矛，出血石余
[Mon Sep 29 14:55:35 2025] [FATAL] 拔矛，出血石余[Mon Sep 29 14:55:35 2025] [FATAL] 苌俱，走入宫
[Mon Sep 29 14:55:35 2025] [FATAL] 宫人迎苌刺鬼，误中苌阴
[Mon Sep 29 14:55:35 2025] [FATAL] 苌俱，走入宫[Mon Sep 29 14:55:35 2025] [FATAL] 寐而惊悸，遂患阴肿
[Mon Sep 29 14:55:35 2025] [ERROR] 医刺之，出血如梦
[Mon Sep 29 14:55:35 2025] [FATAL] 宫人迎苌刺鬼，误中苌阴
[Mon Sep 29 14:55:35 2025] [FATAL] 鬼相谓曰：正中死处
[Mon Sep 29 14:55:35 2025] [FATAL] 医刺之，出血如梦
[Mon Sep 29 14:58:35 2025] [ERROR] 拔矛，出血石余[Mon Sep 29 14:58:35 2025] [FATAL] 寐而惊悸，遂患阴肿
[Mon Sep 29 14:58:35 2025] [FATAL] 拔矛，出血石余
[Mon Sep 29 14:58:35 2025] [FATAL] 苌俱，走入宫
[Mon Sep 29 14:58:35 2025] [FATAL] 宫人迎苌刺鬼，误中苌阴[Mon Sep 29 14:58:35 2025] [FATAL] 鬼相谓曰：正中死处[Mon Sep 29 14:58:35 2025] [ERROR] 医刺之，出血如梦
[Mon Sep 29 14:58:35 2025] [FATAL] 苌俱，走入宫[Mon Sep 29 14:58:35 2025] [FATAL] 宫人迎苌刺鬼，误中苌阴
[Mon Sep 29 14:58:35 2025] [FATAL] 医刺之，出血如梦
[Sun Oct 12 14:45:42 2025] [FATAL] 宫人迎苌刺鬼，误中苌阴
[Sun Oct 12 14:45:42 2025] [FATAL] 苌俱，走入宫
[Sun Oct 12 14:45:42 2025] [FATAL] 鬼相谓曰：正中死处
[Sun Oct 12 14:45:42 2025] [ERROR] 拔矛，出血石余
[Sun Oct 12 14:45:42 2025] [FATAL] 宫人迎苌刺鬼，误中苌阴[Sun Oct 12 14:45:42 2025] [FATAL] 苌俱，走入宫
[Sun Oct 12 14:45:42 2025] [FATAL] 寐而惊悸，遂患阴肿
[Sun Oct 12 14:45:42 2025] [FATAL] 医刺之，出血如梦
[Sun Oct 12 14:45:42 2025] [FATAL] 拔矛，出血石余
[Sun Oct 12 14:45:42 2025] [ERROR] 医刺之，出血如梦
[Sun Oct 12 15:20:29 2025] [FATAL] 苌俱，走入宫
[Sun Oct 12 15:20:29 2025] [FATAL] 宫人迎苌刺鬼，误中苌阴
[Sun Oct 12 15:20:29 2025] [FATAL] 苌俱，走入宫[Sun Oct 12 15:20:29 2025] [ERROR] 拔矛，出血石余[Sun Oct 12 15:20:29 2025] [FATAL] 宫人迎苌刺鬼，误中苌阴[Sun Oct 12 15:20:29 2025] [ERROR] 医刺之，出血如梦[Sun Oct 12 15:20:29 2025] [FATAL] 鬼相谓曰：正中死处
[Sun Oct 12 15:20:29 2025] [FATAL] 拔矛，出血石余
[Sun Oct 12 15:20:29 2025] [FATAL] 寐而惊悸，遂患阴肿
[Sun Oct 12 15:20:29 2025] [FATAL] 医刺之，出血如梦
[Sun Oct 12 15:50:09 2025] [FATAL] 苌俱，走入宫
[Sun Oct 12 15:50:09 2025] [FATAL] 苌俱，走入宫[Sun Oct 12 15:50:09 2025] [FATAL] 宫人迎苌刺鬼，误中苌阴
[Sun Oct 12 15:50:09 2025] [FATAL] 宫人迎苌刺鬼，误中苌阴
[Sun Oct 12 15:50:09 2025] [ERROR] 医刺之，出血如梦
[Sun Oct 12 15:50:09 2025] [ERROR] 拔矛，出血石余
[Sun Oct 12 15:50:09 2025] [FATAL] 拔矛，出血石余[Sun Oct 12 15:50:09 2025] [FATAL] 寐而惊悸，遂患阴肿[Sun Oct 12 15:50:09 2025] [FATAL] 医刺之，出血如梦[Sun Oct 12 15:50:09 2025] [FATAL] 鬼相谓曰：正中死处
[Sun Oct 12 16:09:09 2025] [ERROR] the file " " is not exist[Sun Oct 12 16:09:09 2025] [ERROR] Initialize datamanager configuration failed!
[Sun Oct 12 21:30:19 2025] [ERROR] No such file or directory
[Sun Oct 12 21:56:06 2025] [ERROR] No such file or directory
[Wed Oct 15 22:02:17 2025] [ERROR] 拔矛，出血石余
[Wed Oct 15 22:02:17 2025] [FATAL] 苌俱，走入宫[Wed Oct 15 22:02:17 2025] [FATAL] 拔矛，出血石余
[Wed Oct 15 22:02:17 2025] [FATAL] 苌俱，走入宫
[Wed Oct 15 22:02:17 2025] [FATAL] 宫人迎苌刺鬼，误中苌阴[Wed Oct 15 22:02:17 2025] [FATAL] 寐而惊悸，遂患阴肿
[Wed Oct 15 22:02:17 2025] [ERROR] 医刺之，出血如梦[Wed Oct 15 22:02:17 2025] [FATAL] 鬼相谓曰：正中死处
[Wed Oct 15 22:02:17 2025] [FATAL] 宫人迎苌刺鬼，误中苌阴[Wed Oct 15 22:02:17 2025] [FATAL] 医刺之，出血如梦
[Thu Oct 16 20:23:08 2025] [ERROR] No such file or directory
[Thu Oct 16 20:25:24 2025] [ERROR] No such file or directory
[Fri Oct 17 13:48:24 2025] [ERROR] No such file or directory
[Thu Oct 23 16:00:24 2025] [ERROR] No such file or directory
