[Wed Nov  5 14:59:31 2025] [INFO] 本自荆山璆
[Wed Nov  5 14:59:31 2025] [WARN] 惟彼太公望
[Wed Nov  5 14:59:31 2025] [ERROR] 昔在渭滨叟
[Wed Nov  5 14:59:31 2025] [FATAL] 邓生何感激
[Wed Nov  5 14:59:32 2025] [INFO] 本自荆山璆
[Wed Nov  5 14:59:32 2025] [ERROR] 昔在渭滨叟
[Wed Nov  5 14:59:32 2025] [FATAL] 邓生何感激
[Wed Nov  5 15:03:25 2025] [INFO] 本自荆山璆
[Wed Nov  5 15:03:25 2025] [INFO] 本自荆山璆
[Wed Nov  5 15:03:25 2025] [ERROR] 昔在渭滨叟
[Wed Nov  5 15:03:25 2025] [ERROR] 昔在渭滨叟
[Wed Nov  5 15:03:25 2025] [FATAL] 邓生何感激
[Wed Nov  5 15:03:31 2025] [INFO] 本自荆山璆
[Wed Nov  5 15:03:31 2025] [WARN] 惟彼太公望
[Wed Nov  5 15:03:31 2025] [FATAL] 邓生何感激
[Wed Nov  5 15:08:04 2025] [INFO] 本自荆山璆
[Wed Nov  5 15:08:04 2025] [INFO] 本自荆山璆
[Wed Nov  5 15:08:04 2025] [WARN] 惟彼太公望
[Wed Nov  5 15:08:04 2025] [WARN] 惟彼太公望
[Wed Nov  5 15:08:04 2025] [FATAL] 邓生何感激
[Wed Nov  5 15:08:06 2025] [INFO] 本自荆山璆
[Wed Nov  5 15:08:06 2025] [INFO] 本自荆山璆
[Wed Nov  5 15:08:06 2025] [ERROR] 昔在渭滨叟
[Wed Nov  5 15:08:06 2025] [FATAL] 邓生何感激
[Wed Nov  5 15:08:09 2025] [ERROR] 昔在渭滨叟
[Wed Nov  5 15:08:09 2025] [ERROR] 昔在渭滨叟
[Wed Nov  5 15:08:09 2025] [FATAL] 邓生何感激
[Wed Nov  5 15:15:02 2025] [INFO] 本自荆山璆
[Wed Nov  5 15:15:02 2025] [ERROR] 昔在渭滨叟
[Wed Nov  5 15:15:17 2025] [INFO] 本自荆山璆
[Wed Nov  5 15:15:17 2025] [FATAL] 邓生何感激
[Wed Nov  5 15:17:48 2025] [INFO] 本自荆山璆
[Wed Nov  5 15:17:48 2025] [WARN] 惟彼太公望
[Wed Nov  5 15:17:48 2025] [FATAL] 邓生何感激
[Wed Nov  5 15:52:49 2025] [INFO] 本自荆山璆
[Wed Nov  5 15:52:49 2025] [FATAL] 邓生何感激
[Wed Nov  5 15:52:53 2025] [INFO] 本自荆山璆
[Wed Nov  5 15:52:53 2025] [ERROR] 昔在渭滨叟
[Wed Nov  5 15:52:53 2025] [ERROR] 昔在渭滨叟
[Wed Nov  5 15:52:53 2025] [FATAL] 邓生何感激
[Wed Nov  5 15:52:55 2025] [INFO] 本自荆山璆
[Wed Nov  5 15:52:55 2025] [INFO] 本自荆山璆
[Wed Nov  5 15:53:54 2025] [INFO] 本自荆山璆
[Wed Nov  5 15:53:54 2025] [INFO] 本自荆山璆
[Wed Nov  5 15:54:36 2025] [INFO] 本自荆山璆
[Wed Nov  5 15:54:36 2025] [INFO] 本自荆山璆
[Wed Nov  5 15:54:36 2025] [WARN] 惟彼太公望
[Wed Nov  5 15:54:36 2025] [ERROR] 昔在渭滨叟
[Wed Nov  5 15:54:36 2025] [ERROR] 昔在渭滨叟
[Wed Nov  5 15:54:36 2025] [FATAL] 邓生何感激
[Wed Nov  5 15:55:57 2025] [INFO] 本自荆山璆
[Wed Nov  5 15:55:57 2025] [INFO] 本自荆山璆
[Wed Nov  5 15:55:57 2025] [WARN] 惟彼太公望
[Wed Nov  5 15:55:57 2025] [ERROR] 昔在渭滨叟
[Wed Nov  5 15:55:57 2025] [ERROR] 昔在渭滨叟
[Wed Nov  5 15:55:57 2025] [FATAL] 邓生何感激
[Wed Nov  5 15:56:01 2025] [INFO] 本自荆山璆
[Wed Nov  5 15:56:01 2025] [WARN] 惟彼太公望
[Wed Nov  5 15:56:01 2025] [ERROR] 昔在渭滨叟
[Wed Nov  5 15:56:01 2025] [FATAL] 邓生何感激
[Wed Nov  5 15:56:17 2025] [INFO] 本自荆山璆
[Wed Nov  5 15:56:17 2025] [ERROR] 昔在渭滨叟
[Wed Nov  5 15:56:17 2025] [FATAL] 邓生何感激
[Wed Nov  5 15:56:28 2025] [INFO] 本自荆山璆
[Wed Nov  5 15:56:28 2025] [INFO] 本自荆山璆
[Wed Nov  5 15:56:28 2025] [WARN] 惟彼太公望
[Wed Nov  5 15:56:28 2025] [ERROR] 昔在渭滨叟
[Wed Nov  5 15:56:28 2025] [FATAL] 邓生何感激
[Wed Nov  5 15:56:38 2025] [INFO] 本自荆山璆
[Wed Nov  5 15:56:38 2025] [INFO] 本自荆山璆
[Wed Nov  5 15:56:40 2025] [INFO] 本自荆山璆
[Wed Nov  5 15:56:40 2025] [WARN] 惟彼太公望
[Wed Nov  5 15:56:40 2025] [FATAL] 邓生何感激
[Wed Nov  5 15:57:35 2025] [INFO] 本自荆山璆
[Wed Nov  5 15:57:35 2025] [INFO] 本自荆山璆
[Wed Nov  5 15:57:35 2025] [ERROR] 昔在渭滨叟
[Wed Nov  5 15:57:35 2025] [FATAL] 邓生何感激
[Wed Nov  5 15:57:42 2025] [INFO] 本自荆山璆
[Wed Nov  5 15:57:42 2025] [WARN] 惟彼太公望
[Wed Nov  5 15:57:42 2025] [WARN] 惟彼太公望
[Wed Nov  5 15:57:42 2025] [FATAL] 邓生何感激
[Wed Nov  5 15:58:00 2025] [INFO] 本自荆山璆
[Wed Nov  5 15:58:32 2025] [INFO] 本自荆山璆
[Wed Nov  5 15:58:32 2025] [INFO] 本自荆山璆
[Wed Nov  5 15:58:32 2025] [WARN] 惟彼太公望
[Wed Nov  5 15:58:32 2025] [ERROR] 昔在渭滨叟
[Wed Nov  5 15:58:32 2025] [FATAL] 邓生何感激
[Wed Nov  5 15:58:38 2025] [INFO] 本自荆山璆
[Wed Nov  5 15:58:38 2025] [WARN] 惟彼太公望
[Wed Nov  5 15:58:38 2025] [ERROR] 昔在渭滨叟
[Wed Nov  5 15:58:38 2025] [FATAL] 邓生何感激
[Wed Nov  5 16:21:15 2025] [INFO] 本自荆山璆
[Wed Nov  5 16:21:15 2025] [WARN] 惟彼太公望
[Wed Nov  5 16:21:15 2025] [ERROR] 昔在渭滨叟
[Wed Nov  5 16:21:15 2025] [FATAL] 邓生何感激
[Wed Nov  5 16:21:30 2025] [INFO] 本自荆山璆
[Wed Nov  5 16:21:30 2025] [WARN] 惟彼太公望
[Wed Nov  5 16:21:30 2025] [ERROR] 昔在渭滨叟
[Wed Nov  5 16:21:30 2025] [FATAL] 邓生何感激
[Wed Nov  5 16:24:46 2025] [INFO] 本自荆山璆
[Wed Nov  5 16:24:46 2025] [WARN] 惟彼太公望
[Wed Nov  5 16:24:46 2025] [ERROR] 昔在渭滨叟
[Wed Nov  5 16:24:48 2025] [INFO] 本自荆山璆
[Wed Nov  5 16:24:48 2025] [INFO] 本自荆山璆
[Wed Nov  5 16:24:49 2025] [INFO] 本自荆山璆
[Wed Nov  5 16:24:49 2025] [WARN] 惟彼太公望
[Wed Nov  5 16:24:50 2025] [INFO] 本自荆山璆
[Wed Nov  5 16:24:50 2025] [WARN] 惟彼太公望
[Wed Nov  5 16:24:50 2025] [ERROR] 昔在渭滨叟
[Wed Nov  5 16:26:50 2025] [FATAL] --------------------------------
[Wed Nov  5 16:26:50 2025] [DEBUG] 梦苻坚将天官使者，鬼兵数百突入营中
[Wed Nov  5 16:26:50 2025] [ERROR] 愿陛下不惘臣
[Wed Nov  5 16:26:50 2025] [WARN] 臣苌，杀陛下者兄襄，非臣之罪
[Wed Nov  5 16:26:50 2025] [WARN] 寐而惊悸，遂患阴肿
[Wed Nov  5 16:26:50 2025] [ERROR] 拔矛，出血石余
[Wed Nov  5 16:26:50 2025] [FATAL] 宫人迎苌刺鬼，误中苌阴
[Wed Nov  5 16:26:50 2025] [ERROR] 愿陛下不惘臣
[Wed Nov  5 16:26:50 2025] [DEBUG] 梦苻坚将天官使者，鬼兵数百突入营中
[Wed Nov  5 16:26:50 2025] [FATAL] 拔矛，出血石余
[Wed Nov  5 16:26:50 2025] [FATAL] 苌俱，走入宫
[Wed Nov  5 16:26:50 2025] [FATAL] 鬼相谓曰：正中死处
[Wed Nov  5 16:26:50 2025] [FATAL] 医刺之，出血如梦
[Wed Nov  5 16:26:50 2025] [FATAL] 苌俱，走入宫
[Wed Nov  5 16:26:50 2025] [ERROR] 医刺之，出血如梦
[Wed Nov  5 16:26:50 2025] [ERROR] 苌遂狂言，或曰
[Wed Nov  5 16:26:50 2025] [ERROR] 苌遂狂言，或曰
[Wed Nov  5 16:26:50 2025] [FATAL] 宫人迎苌刺鬼，误中苌阴
[Wed Nov  5 16:26:50 2025] [FATAL] 寐而惊悸，遂患阴肿
[Wed Nov  5 16:26:50 2025] [INFO] 鬼相谓曰：正中死处
[Wed Nov  5 16:26:50 2025] [WARN] 臣苌，杀陛下者兄襄，非臣之罪
[Wed Nov  5 16:26:53 2025] [FATAL] --------------------------------
[Wed Nov  5 16:26:54 2025] [FATAL] 宫人迎苌刺鬼，误中苌阴
[Wed Nov  5 16:26:54 2025] [DEBUG] 梦苻坚将天官使者，鬼兵数百突入营中
[Wed Nov  5 16:26:54 2025] [FATAL] 苌俱，走入宫
[Wed Nov  5 16:26:54 2025] [INFO] 鬼相谓曰：正中死处
[Wed Nov  5 16:26:54 2025] [FATAL] 拔矛，出血石余
[Wed Nov  5 16:26:54 2025] [FATAL] 宫人迎苌刺鬼，误中苌阴
[Wed Nov  5 16:26:54 2025] [WARN] 臣苌，杀陛下者兄襄，非臣之罪
[Wed Nov  5 16:26:54 2025] [FATAL] 寐而惊悸，遂患阴肿
[Wed Nov  5 16:26:54 2025] [ERROR] 苌遂狂言，或曰
[Wed Nov  5 16:26:54 2025] [WARN] 臣苌，杀陛下者兄襄，非臣之罪
[Wed Nov  5 16:26:54 2025] [ERROR] 苌遂狂言，或曰
[Wed Nov  5 16:26:54 2025] [WARN] 寐而惊悸，遂患阴肿
[Wed Nov  5 16:26:54 2025] [ERROR] 愿陛下不惘臣
[Wed Nov  5 16:26:54 2025] [ERROR] 拔矛，出血石余
[Wed Nov  5 16:26:54 2025] [FATAL] 鬼相谓曰：正中死处
[Wed Nov  5 16:26:54 2025] [FATAL] 医刺之，出血如梦
[Wed Nov  5 16:26:54 2025] [ERROR] 愿陛下不惘臣
[Wed Nov  5 16:26:54 2025] [ERROR] 医刺之，出血如梦
[Wed Nov  5 16:26:54 2025] [DEBUG] 梦苻坚将天官使者，鬼兵数百突入营中
[Wed Nov  5 16:26:54 2025] [FATAL] 苌俱，走入宫
[Wed Nov  5 16:28:12 2025] [FATAL] --------------------------------
[Wed Nov  5 16:28:13 2025] [DEBUG] 梦苻坚将天官使者，鬼兵数百突入营中
[Wed Nov  5 16:28:13 2025] [FATAL] 寐而惊悸，遂患阴肿
[Wed Nov  5 16:28:13 2025] [WARN] 臣苌，杀陛下者兄襄，非臣之罪
[Wed Nov  5 16:28:13 2025] [ERROR] 苌遂狂言，或曰
[Wed Nov  5 16:28:13 2025] [FATAL] 医刺之，出血如梦
[Wed Nov  5 16:28:13 2025] [DEBUG] 梦苻坚将天官使者，鬼兵数百突入营中
[Wed Nov  5 16:28:13 2025] [ERROR] 愿陛下不惘臣
[Wed Nov  5 16:28:13 2025] [ERROR] 医刺之，出血如梦
[Wed Nov  5 16:28:13 2025] [FATAL] 苌俱，走入宫
[Wed Nov  5 16:28:13 2025] [ERROR] 拔矛，出血石余
[Wed Nov  5 16:28:13 2025] [WARN] 臣苌，杀陛下者兄襄，非臣之罪
[Wed Nov  5 16:28:13 2025] [FATAL] 宫人迎苌刺鬼，误中苌阴
[Wed Nov  5 16:28:13 2025] [FATAL] 宫人迎苌刺鬼，误中苌阴
[Wed Nov  5 16:28:13 2025] [ERROR] 苌遂狂言，或曰
[Wed Nov  5 16:28:13 2025] [WARN] 寐而惊悸，遂患阴肿
[Wed Nov  5 16:28:13 2025] [FATAL] 拔矛，出血石余
[Wed Nov  5 16:28:13 2025] [INFO] 鬼相谓曰：正中死处
[Wed Nov  5 16:28:13 2025] [FATAL] 鬼相谓曰：正中死处
[Wed Nov  5 16:28:13 2025] [ERROR] 愿陛下不惘臣
[Wed Nov  5 16:28:13 2025] [FATAL] 苌俱，走入宫
[Wed Nov  5 16:28:14 2025] [FATAL] --------------------------------
[Wed Nov  5 16:28:14 2025] [DEBUG] 梦苻坚将天官使者，鬼兵数百突入营中
[Wed Nov  5 16:28:14 2025] [FATAL] 寐而惊悸，遂患阴肿
[Wed Nov  5 16:28:14 2025] [WARN] 寐而惊悸，遂患阴肿
[Wed Nov  5 16:28:14 2025] [ERROR] 苌遂狂言，或曰
[Wed Nov  5 16:28:14 2025] [WARN] 臣苌，杀陛下者兄襄，非臣之罪
[Wed Nov  5 16:28:14 2025] [FATAL] 苌俱，走入宫
[Wed Nov  5 16:28:14 2025] [FATAL] 医刺之，出血如梦
[Wed Nov  5 16:28:14 2025] [ERROR] 愿陛下不惘臣
[Wed Nov  5 16:28:14 2025] [INFO] 鬼相谓曰：正中死处
[Wed Nov  5 16:28:14 2025] [ERROR] 医刺之，出血如梦
[Wed Nov  5 16:28:14 2025] [ERROR] 苌遂狂言，或曰
[Wed Nov  5 16:28:14 2025] [WARN] 臣苌，杀陛下者兄襄，非臣之罪
[Wed Nov  5 16:28:14 2025] [FATAL] 苌俱，走入宫
[Wed Nov  5 16:28:14 2025] [FATAL] 宫人迎苌刺鬼，误中苌阴
[Wed Nov  5 16:28:14 2025] [DEBUG] 梦苻坚将天官使者，鬼兵数百突入营中
[Wed Nov  5 16:28:14 2025] [ERROR] 愿陛下不惘臣
[Wed Nov  5 16:28:14 2025] [FATAL] 鬼相谓曰：正中死处
[Wed Nov  5 16:28:14 2025] [ERROR] 拔矛，出血石余
[Wed Nov  5 16:28:14 2025] [FATAL] 宫人迎苌刺鬼，误中苌阴
[Wed Nov  5 16:28:14 2025] [FATAL] 拔矛，出血石余
[Wed Nov  5 16:28:15 2025] [FATAL] --------------------------------
[Wed Nov  5 16:28:16 2025] [INFO] 鬼相谓曰：正中死处
[Wed Nov  5 16:28:16 2025] [ERROR] 医刺之，出血如梦
[Wed Nov  5 16:28:16 2025] [ERROR] 愿陛下不惘臣
[Wed Nov  5 16:28:16 2025] [FATAL] 宫人迎苌刺鬼，误中苌阴
[Wed Nov  5 16:28:16 2025] [ERROR] 拔矛，出血石余
[Wed Nov  5 16:28:16 2025] [WARN] 寐而惊悸，遂患阴肿
[Wed Nov  5 16:28:16 2025] [ERROR] 苌遂狂言，或曰
[Wed Nov  5 16:28:16 2025] [WARN] 臣苌，杀陛下者兄襄，非臣之罪
[Wed Nov  5 16:28:16 2025] [DEBUG] 梦苻坚将天官使者，鬼兵数百突入营中
[Wed Nov  5 16:28:16 2025] [DEBUG] 梦苻坚将天官使者，鬼兵数百突入营中
[Wed Nov  5 16:28:16 2025] [ERROR] 愿陛下不惘臣
[Wed Nov  5 16:28:16 2025] [FATAL] 拔矛，出血石余
[Wed Nov  5 16:28:16 2025] [FATAL] 鬼相谓曰：正中死处
[Wed Nov  5 16:28:16 2025] [FATAL] 医刺之，出血如梦
[Wed Nov  5 16:28:16 2025] [FATAL] 苌俱，走入宫
[Wed Nov  5 16:28:16 2025] [FATAL] 宫人迎苌刺鬼，误中苌阴
[Wed Nov  5 16:28:16 2025] [FATAL] 寐而惊悸，遂患阴肿
[Wed Nov  5 16:28:16 2025] [ERROR] 苌遂狂言，或曰
[Wed Nov  5 16:28:16 2025] [WARN] 臣苌，杀陛下者兄襄，非臣之罪
[Wed Nov  5 16:28:16 2025] [FATAL] 苌俱，走入宫
[Wed Nov  5 16:28:16 2025] [FATAL] --------------------------------
[Wed Nov  5 16:28:17 2025] [ERROR] 拔矛，出血石余
[Wed Nov  5 16:28:17 2025] [ERROR] 医刺之，出血如梦
[Wed Nov  5 16:28:17 2025] [INFO] 鬼相谓曰：正中死处
[Wed Nov  5 16:28:17 2025] [ERROR] 愿陛下不惘臣
[
ed Nov  5 16:28:17 2025] [DEBUG] 梦苻坚将天官使者，鬼兵数百突入营中
[Wed Nov  5 16:28:17 2025] [DEBUG] 梦苻坚将天官使者，鬼兵数百突入营中
[Wed Nov  5 16:28:17 2025] [FATAL] 苌俱，走入宫
[Wed Nov  5 16:28:17 2025] [FATAL] 鬼相谓曰：正中死处
[Wed Nov  5 16:28:17 2025] [FATAL] 宫人迎苌刺鬼，误中苌阴
[Wed Nov  5 16:28:17 2025] [FATAL] 苌俱，走入宫
[Wed Nov  5 16:28:17 2025] [FATAL] 拔矛，出血石余
[Wed Nov  5 16:28:17 2025] [ERROR] 苌遂狂言，或曰
[Wed Nov  5 16:28:17 2025] [WARN] 臣苌，杀陛下者兄襄，非臣之罪
[Wed Nov  5 16:28:17 2025] [WARN] 寐而惊悸，遂患阴肿
[Wed Nov  5 16:28:17 2025] [FATAL] 宫人迎苌刺鬼，误中苌阴
[Wed Nov  5 16:28:17 2025] [FATAL] 寐而惊悸，遂患阴肿
[Wed Nov  5 16:28:17 2025] [ERROR] 愿陛下不惘臣
[Wed Nov  5 16:28:17 2025] [ERROR] 苌遂狂言，或曰
[Wed Nov  5 16:28:17 2025] [FATAL] 医刺之，出血如梦
[Wed Nov  5 16:28:17 2025] [WARN] 臣苌，杀陛下者兄襄，非臣之罪
[Wed Nov  5 16:28:18 2025] [FATAL] --------------------------------
[Wed Nov  5 16:28:18 2025] [ERROR] 拔矛，出血石余
[Wed Nov  5 16:28:18 2025] [WARN] 寐而惊悸，遂患阴肿
[Wed Nov  5 16:28:18 2025] [FATAL] 宫人迎苌刺鬼，误中苌阴
[Wed Nov  5 16:28:18 2025] [DEBUG] 梦苻坚将天官使者，鬼兵数百突入营中
[Wed Nov  5 16:28:18 2025] [FATAL] 苌俱，走入宫
[Wed Nov  5 16:28:18 2025] [INFO] 鬼相谓曰：正中死处
[Wed Nov  5 16:28:18 2025] [ERROR] 医刺之，出血如梦
[Wed Nov  5 16:28:18 2025] [ERROR] 愿陛下不惘臣
[Wed Nov  5 16:28:18 2025] [DEBUG] 梦苻坚将天官使者，鬼兵数百突入营中
[Wed Nov  5 16:28:18 2025] [FATAL] 苌俱，走入宫
[Wed Nov  5 16:28:18 2025] [FATAL] 医刺之，出血如梦
[Wed Nov  5 16:28:18 2025] [FATAL] 寐而惊悸，遂患阴肿
[Wed Nov  5 16:28:18 2025] [ERROR] 苌遂狂言，或曰
[Wed Nov  5 16:28:18 2025] [FATAL] 宫人迎苌刺鬼，误中苌阴
[Wed Nov  5 16:28:18 2025] [FATAL] 鬼相谓曰：正中死处
[Wed Nov  5 16:28:18 2025] [FATAL] 拔矛，出血石余
[Wed Nov  5 16:28:18 2025] [WARN] 臣苌，杀陛下者兄襄，非臣之罪
[Wed Nov  5 16:28:18 2025] [ERROR] 苌遂狂言，或曰
[Wed Nov  5 16:28:18 2025] [WARN] 臣苌，杀陛下者兄襄，非臣之罪
[Wed Nov  5 16:28:18 2025] [ERROR] 愿陛下不惘臣
[Wed Nov  5 16:28:37 2025] [FATAL] --------------------------------
[Wed Nov  5 16:28:37 2025] [DEBUG] 梦苻坚将天官使者，鬼兵数百突入营中
[Wed Nov  5 16:28:37 2025] [INFO] 鬼相谓曰：正中死处
[Wed Nov  5 16:28:37 2025] [WARN] 寐而惊悸，遂患阴肿
[Wed Nov  5 16:28:37 2025] [ERROR] 医刺之，出血如梦
[Wed Nov  5 16:28:37 2025] [FATAL] 苌俱，走入宫
[Wed Nov  5 16:28:37 2025] [ERROR] 苌遂狂言，或曰
[Wed Nov  5 16:28:37 2025] [FATAL] 宫人迎苌刺鬼，误中苌阴
[Wed Nov  5 16:28:37 2025] [FATAL] 拔矛，出血石余
[Wed Nov  5 16:28:37 2025] [FATAL] 寐而惊悸，遂患阴肿
[Wed Nov  5 16:28:37 2025] [WARN] 臣苌，杀陛下者兄襄，非臣之罪
[Wed Nov  5 16:28:37 2025] [ERROR] 苌遂狂言，或曰
[Wed Nov  5 16:28:37 2025] [FATAL] 苌俱，走入宫
[Wed Nov  5 16:28:37 2025] [WARN] 臣苌，杀陛下者兄襄，非臣之罪
[Wed Nov  5 16:28:37 2025] [ERROR] 拔矛，出血石余
[Wed Nov  5 16:28:37 2025] [FATAL] 宫人迎苌刺鬼，误中苌阴
[Wed Nov  5 16:28:37 2025] [FATAL] 鬼相谓曰：正中死处
[Wed Nov  5 16:28:37 2025] [FATAL] 医刺之，出血如梦
[Wed Nov  5 16:28:37 2025] [ERROR] 愿陛下不惘臣
[Wed Nov  5 16:28:37 2025] [DEBUG] 梦苻坚将天官使者，鬼兵数百突入营中
[Wed Nov  5 16:28:37 2025] [ERROR] 愿陛下不惘臣
[Wed Nov  5 16:28:38 2025] [FATAL] --------------------------------
[Wed Nov  5 16:28:39 2025] [FATAL] 苌俱，走入宫
[Wed Nov  5 16:28:39 2025] [INFO] 鬼相谓曰：正中死处
[Wed Nov  5 16:28:39 2025] [DEBUG] 梦苻坚将天官使者，鬼兵数百突入营中
[Wed Nov  5 16:28:39 2025] [ERROR] 拔矛，出血石余
[Wed Nov  5 16:28:39 2025] [FATAL] 宫人迎苌刺鬼，误中苌阴
[Wed Nov  5 16:28:39 2025] [ERROR] 苌遂狂言，或曰
[Wed Nov  5 16:28:39 2025] [ERROR] 医刺之，出血如梦
[Wed Nov  5 16:28:39 2025] [ERROR] 愿陛下不惘臣
[Wed Nov  5 16:28:39 2025] [DEBUG] 梦苻坚将天官使者，鬼兵数百突入营中
[Wed Nov  5 16:28:39 2025] [WARN] 臣苌，杀陛下者兄襄，非臣之罪
[Wed Nov  5 16:28:39 2025] [FATAL] 宫人迎苌刺鬼，误中苌阴
[Wed Nov  5 16:28:39 2025] [FATAL] 苌俱，走入宫
[Wed Nov  5 16:28:39 2025] [FATAL] 拔矛，出血石余
[Wed Nov  5 16:28:39 2025] [FATAL] 寐而惊悸，遂患阴肿
[Wed Nov  5 16:28:39 2025] [ERROR] 苌遂狂言，或曰
[Wed Nov  5 16:28:39 2025] [FATAL] 医刺之，出血如梦
[Wed Nov  5 16:28:39 2025] [FATAL] 鬼相谓曰：正中死处
[Wed Nov  5 16:28:39 2025] [WARN] 臣苌，杀陛下者兄襄，非臣之罪
[Wed Nov  5 16:28:39 2025] [WARN] 寐而惊悸，遂患阴肿
[Wed Nov  5 16:28:39 2025] [ERROR] 愿陛下不惘臣
[Wed Nov  5 16:28:39 2025] [FATAL] --------------------------------
[Wed Nov  5 16:28:40 2025] [ERROR] 医刺之，出血如梦
[Wed Nov  5 16:28:40 2025] [DEBUG] 梦苻坚将天官使者，鬼兵数百突入营中
[Wed Nov  5 16:28:40 2025] [ERROR] 苌遂狂言，或曰
[Wed Nov  5 16:28:40 2025] [FATAL] 宫人迎苌刺鬼，误中苌阴
[Wed Nov  5 16:28:40 2025] [INFO] 鬼相谓曰：正中死处
[Wed Nov  5 16:28:40 2025] [FATAL] 苌俱，走入宫
[Wed Nov  5 16:28:40 2025] [ERROR] 拔矛，出血石余
[Wed Nov  5 16:28:40 2025] [WARN] 寐而惊悸，遂患阴肿
[Wed Nov  5 16:28:40 2025] [WARN] 臣苌，杀陛下者兄襄，非臣之罪
[Wed Nov  5 16:28:40 2025] [ERROR] 愿陛下不惘臣
[Wed Nov  5 16:28:40 2025] [DEBUG] 梦苻坚将天官使者，鬼兵数百突入营中
[Wed Nov  5 16:28:40 2025] [FATAL] 苌俱，走入宫
[Wed Nov  5 16:28:40 2025] [FATAL] 鬼相谓曰：正中死处
[Wed Nov  5 16:28:40 2025] [FATAL] 宫人迎苌刺鬼，误中苌阴
[Wed Nov  5 16:28:40 2025] [FATAL] 医刺之，出血如梦
[Wed Nov  5 16:28:40 2025] [FATAL] 拔矛，出血石余
[Wed Nov  5 16:28:40 2025] [FATAL] 寐而惊悸，遂患阴肿
[Wed Nov  5 16:28:40 2025] [ERROR] 苌遂狂言，或曰
[Wed Nov  5 16:28:40 2025] [WARN] 臣苌，杀陛下者兄襄，非臣之罪
[Wed Nov  5 16:28:40 2025] [ERROR] 愿陛下不惘臣
[Wed Nov  5 16:30:38 2025] [FATAL] --------------------------------
[Wed Nov  5 16:30:38 2025] [DEBUG] 梦苻坚将天官使者，鬼兵数百突入营中
[Wed Nov  5 16:30:38 2025] [FATAL] 苌俱，走入宫
[Wed Nov  5 16:30:38 2025] [ERROR] 愿陛下不惘臣
[Wed Nov  5 16:30:38 2025] [DEBUG] 梦苻坚将天官使者，鬼兵数百突入营中
[Wed Nov  5 16:30:38 2025] [INFO] 鬼相谓曰：正中死处
[Wed Nov  5 16:30:38 2025] [ERROR] 医刺之，出血如梦
[Wed Nov  5 16:30:38 2025] [FATAL] 宫人迎苌刺鬼，误中苌阴
[Wed Nov  5 16:30:38 2025] [FATAL] 苌俱，走入宫
[Wed Nov  5 16:30:38 2025] [FATAL] 鬼相谓曰：正中死处
[Wed Nov  5 16:30:38 2025] [FATAL] 医刺之，出血如梦
[Wed Nov  5 16:30:38 2025] [ERROR] 愿陛下不惘臣
[Wed Nov  5 16:30:38 2025] [ERROR] 苌遂狂言，或曰
[Wed Nov  5 16:30:38 2025] [FATAL] 宫人迎苌刺鬼，误中苌阴
[Wed Nov  5 16:30:38 2025] [FATAL] 拔矛，出血石余
[Wed Nov  5 16:30:38 2025] [FATAL] 寐而惊悸，遂患阴肿
[Wed Nov  5 16:30:38 2025] [WARN] 臣苌，杀陛下者兄襄，非臣之罪
[Wed Nov  5 16:30:38 2025] [ERROR] 苌遂狂言，或曰
[Wed Nov  5 16:30:38 2025] [WARN] 臣苌，杀陛下者兄襄，非臣之罪
[Wed Nov  5 16:30:38 2025] [ERROR] 拔矛，出血石余
[Wed Nov  5 16:30:38 2025] [WARN] 寐而惊悸，遂患阴肿
[Wed Nov  5 16:30:39 2025] [FATAL] --------------------------------
[Wed Nov  5 16:30:40 2025] [FATAL] 宫人迎苌刺鬼，误中苌阴
[Wed Nov  5 16:30:40 2025] [DEBUG] 梦苻坚将天官使者，鬼兵数百突入营中
[Wed Nov  5 16:30:40 2025] [INFO] 鬼相谓曰：正中死处
[Wed Nov  5 16:30:40 2025] [ERROR] 医刺之，出血如梦
[Wed Nov  5 16:30:40 2025] [ERROR] 愿陛下不惘臣
[Wed Nov  5 16:30:40 2025] [DEBUG] 梦苻坚将天官使者，鬼兵数百突入营中
[Wed Nov  5 16:30:40 2025] [FATAL] 苌俱，走入宫
[Wed Nov  5 16:30:40 2025] [FATAL] 鬼相谓曰：正中死处
[Wed Nov  5 16:30:40 2025] [ERROR] 苌遂狂言，或曰
[Wed Nov  5 16:30:40 2025] [WARN] 臣苌，杀陛下者兄襄，非臣之罪
[Wed Nov  5 16:30:40 2025] [ERROR] 拔矛，出血石余
[Wed Nov  5 16:30:40 2025] [WARN] 寐而惊悸，遂患阴肿
[Wed Nov  5 16:30:40 2025] [FATAL] 宫人迎苌刺鬼，误中苌阴
[Wed Nov  5 16:30:40 2025] [FATAL] 拔矛，出血石余
[Wed Nov  5 16:30:40 2025] [FATAL] 寐而惊悸，遂患阴肿
[Wed Nov  5 16:30:40 2025] [FATAL] 苌俱，走入宫
[Wed Nov  5 16:30:40 2025] [ERROR] 愿陛下不惘臣
[Wed Nov  5 16:30:40 2025] [FATAL] 医刺之，出血如梦
[Wed Nov  5 16:30:40 2025] [ERROR] 苌遂狂言，或曰
[Wed Nov  5 16:30:40 2025] [WARN] 臣苌，杀陛下者兄襄，非臣之罪
[Wed Nov  5 16:30:41 2025] [FATAL] --------------------------------
[Wed Nov  5 16:30:41 2025] [FATAL] 苌俱，走入宫
[Wed Nov  5 16:30:41 2025] [INFO] 鬼相谓曰：正中死处
[Wed Nov  5 16:30:41 2025] [ERROR] 医刺之，出血如梦
[Wed Nov  5 16:30:41 2025] [ERROR] 愿陛下不惘臣
[Wed Nov  5 16:30:41 2025] [DEBUG] 梦苻坚将天官使者，鬼兵数百突入营中
[Wed Nov  5 16:30:41 2025] [FATAL] 宫人迎苌刺鬼，误中苌阴
[Wed Nov  5 16:30:41 2025] [ERROR] 苌遂狂言，或曰
[Wed Nov  5 16:30:41 2025] [WARN] 臣苌，杀陛下者兄襄，非臣之罪
[Wed Nov  5 16:30:41 2025] [FATAL] 宫人迎苌刺鬼，误中苌阴
[Wed Nov  5 16:30:41 2025] [FATAL] 拔矛，出血石余
[Wed Nov  5 16:30:41 2025] [FATAL] 寐而惊悸，遂患阴肿
[Wed Nov  5 16:30:41 2025] [ERROR] 苌遂狂言，或曰
[Wed Nov  5 16:30:41 2025] [WARN] 臣苌，杀陛下者兄襄，非臣之罪
[Wed Nov  5 16:30:41 2025] [FATAL] 苌俱，走入宫
[Wed Nov  5 16:30:41 2025] [FATAL] 鬼相谓曰：正中死处
[Wed Nov  5 16:30:41 2025] [FATAL] 医刺之，出血如梦
[Wed Nov  5 16:30:41 2025] [ERROR] 愿陛下不惘臣
[Wed Nov  5 16:30:41 2025] [DEBUG] 梦苻坚将天官使者，鬼兵数百突入营中
[Wed Nov  5 16:30:41 2025] [ERROR] 拔矛，出血石余
[Wed Nov  5 16:30:41 2025] [WARN] 寐而惊悸，遂患阴肿
[Wed Nov  5 16:34:41 2025] [FATAL] --------------------------------
[Wed Nov  5 16:34:42 2025] [ERROR] 拔矛，出血石余
[Wed Nov  5 16:34:42 2025] [ERROR] 苌遂狂言，或曰
[Wed Nov  5 16:34:42 2025] [FATAL] 苌俱，走入宫
[Wed Nov  5 16:34:42 2025] [INFO] 鬼相谓曰：正中死处
[Wed Nov  5 16:34:42 2025] [WARN] 寐而惊悸，遂患阴肿
[Wed Nov  5 16:34:42 2025] [ERROR] 医刺之，出血如梦
[Wed Nov  5 16:34:42 2025] [FATAL] 宫人迎苌刺鬼，误中苌阴
[Wed Nov  5 16:34:42 2025] [FATAL] 鬼相谓曰：正中死处
[Wed Nov  5 16:34:42 2025] [FATAL] 拔矛，出血石余
[Wed Nov  5 16:34:42 2025] [FATAL] 宫人迎苌刺鬼，误中苌阴
[Wed Nov  5 16:34:42 2025] [FATAL] 苌俱，走入宫
[Wed Nov  5 16:34:42 2025] [WARN] 臣苌，杀陛下者兄襄，非臣之罪
[Wed Nov  5 16:34:42 2025] [ERROR] 愿陛下不惘臣
[Wed Nov  5 16:34:42 2025] [FATAL] 寐而惊悸，遂患阴肿
[Wed Nov  5 16:34:42 2025] [ERROR] 苌遂狂言，或曰
[Wed Nov  5 16:34:42 2025] [WARN] 臣苌，杀陛下者兄襄，非臣之罪
[Wed Nov  5 16:34:42 2025] [FATAL] 医刺之，出血如梦
[Wed Nov  5 16:34:42 2025] [ERROR] 愿陛下不惘臣
[Wed Nov  5 16:34:43 2025] [FATAL] --------------------------------
[Wed Nov  5 16:34:43 2025] [WARN] 寐而惊悸，遂患阴肿
[Wed Nov  5 16:34:43 2025] [FATAL] 宫人迎苌刺鬼，误中苌阴
[Wed Nov  5 16:34:43 2025] [INFO] 鬼相谓曰：正中死处
[Wed Nov  5 16:34:43 2025] [ERROR] 愿陛下不惘臣
[Wed Nov  5 16:34:43 2025] [ERROR] 苌遂狂言，或曰
[Wed Nov  5 16:34:43 2025] [WARN] 臣苌，杀陛下者兄襄，非臣之罪
[Wed Nov  5 16:34:43 2025] [ERROR] 医刺之，出血如梦
[Wed Nov  5 16:34:43 2025] [ERROR] 拔矛，出血石余
[Wed Nov  5 16:34:43 2025] [FATAL] 苌俱，走入宫
[Wed Nov  5 16:34:43 2025] [FATAL] 拔矛，出血石余
[Wed Nov  5 16:34:43 2025] [FATAL] 鬼相谓曰：正中死处
[Wed Nov  5 16:34:43 2025] [FATAL] 寐而惊悸，遂患阴肿
[Wed Nov  5 16:34:43 2025] [FATAL] 宫人迎苌刺鬼，误中苌阴
[Wed Nov  5 16:34:43 2025] [FATAL] 苌俱，走入宫
[Wed Nov  5 16:34:43 2025] [ERROR] 苌遂狂言，或曰
[Wed Nov  5 16:34:43 2025] [FATAL] 医刺之，出血如梦
[Wed Nov  5 16:34:43 2025] [ERROR] 愿陛下不惘臣
[Wed Nov  5 16:34:43 2025] [WARN] 臣苌，杀陛下者兄襄，非臣之罪
[Wed Nov  5 16:34:44 2025] [FATAL] --------------------------------
[Wed Nov  5 16:34:45 2025] [INFO] 鬼相谓曰：正中死处
[Wed Nov  5 16:34:45 2025] [WARN] 寐而惊悸，遂患阴肿
[Wed Nov  5 16:34:45 2025] [ERROR] 医刺之，出血如梦
[Wed Nov  5 16:34:45 2025] [WARN] 臣苌，杀陛下者兄襄，非臣之罪
[Wed Nov  5 16:34:45 2025] [ERROR] 愿陛下不惘臣
[Wed Nov  5 16:34:45 2025] [ERROR] 苌遂狂言，或曰
[Wed Nov  5 16:34:45 2025] [FATAL] 寐而惊悸，遂患阴肿
[Wed Nov  5 16:34:45 2025] [FATAL] 医刺之，出血如梦
[Wed Nov  5 16:34:45 2025] [FATAL] 宫人迎苌刺鬼，误中苌阴
[Wed Nov  5 16:34:45 2025] [FATAL] 鬼相谓曰：正中死处
[Wed Nov  5 16:34:45 2025] [FATAL] 拔矛，出血石余
[Wed Nov  5 16:34:45 2025] [FATAL] 苌俱，走入宫
[Wed Nov  5 16:34:45 2025] [ERROR] 苌遂狂言，或曰
[Wed Nov  5 16:34:45 2025] [WARN] 臣苌，杀陛下者兄襄，非臣之罪
[Wed Nov  5 16:34:45 2025] [ERROR] 愿陛下不惘臣
[Wed Nov  5 16:34:45 2025] [FATAL] 苌俱，走入宫
[Wed Nov  5 16:34:45 2025] [FATAL] 宫人迎苌刺鬼，误中苌阴
[Wed Nov  5 16:34:45 2025] [ERROR] 拔矛，出血石余
[Wed Nov  5 16:34:46 2025] [FATAL] --------------------------------
[Wed Nov  5 16:34:46 2025] [ERROR] 拔矛，出血石余
[Wed Nov  5 16:34:46 2025] [WARN] 寐而惊悸，遂患阴肿
[Wed Nov  5 16:34:46 2025] [INFO] 鬼相谓曰：正中死处
[Wed Nov  5 16:34:46 2025] [WARN] 臣苌，杀陛下者兄襄，非臣之罪
[Wed Nov  5 16:34:46 2025] [ERROR] 愿陛下不惘臣
[Wed Nov  5 16:34:46 2025] [FATAL] 苌俱，走入宫
[Wed Nov  5 16:34:46 2025] [FATAL] 鬼相谓曰：正中死处
[Wed Nov  5 16:34:46 2025] [FATAL] 拔矛，出血石余
[Wed Nov  5 16:34:46 2025] [FATAL] 医刺之，出血如梦
[Wed Nov  5 16:34:46 2025] [FATAL] 苌俱，走入宫
[Wed Nov  5 16:34:46 2025] [ERROR] 医刺之，出血如梦
[Wed Nov  5 16:34:46 2025] [ERROR] 苌遂狂言，或曰
[Wed Nov  5 16:34:46 2025] [FATAL] 寐而惊悸，遂患阴肿
[Wed Nov  5 16:34:46 2025] [ERROR] 苌遂狂言，或曰
[Wed Nov  5 16:34:46 2025] [FATAL] 宫人迎苌刺鬼，误中苌阴
[Wed Nov  5 16:34:46 2025] [WARN] 臣苌，杀陛下者兄襄，非臣之罪
[Wed Nov  5 16:34:46 2025] [FATAL] 宫人迎苌刺鬼，误中苌阴
[Wed Nov  5 16:34:46 2025] [ERROR] 愿陛下不惘臣
[Wed Nov  5 16:34:47 2025] [FATAL] --------------------------------
[Wed Nov  5 16:34:47 2025] [FATAL] 苌俱，走入宫
[Wed Nov  5 16:34:47 2025] [FATAL] 宫人迎苌刺鬼，误中苌阴
[Wed Nov  5 16:34:47 2025] [INFO] 鬼相谓曰：正中死处
[Wed Nov  5 16:34:47 2025] [ERROR] 拔矛，出血石余
[Wed Nov  5 16:34:47 2025] [ERROR] 医刺之，出血如梦
[Wed Nov  5 16:34:47 2025] [WARN] 寐而惊悸，遂患阴肿
[Wed Nov  5 16:34:47 2025] [WARN] 臣苌，杀陛下者兄襄，非臣之罪
[Wed Nov  5 16:34:47 2025] [ERROR] 苌遂狂言，或曰
[Wed Nov  5 16:34:47 2025] [ERROR] 愿陛下不惘臣
[Wed Nov  5 16:34:47 2025] [FATAL] 苌俱，走入宫
[Wed Nov  5 16:34:47 2025] [FATAL] 宫人迎苌刺鬼，误中苌阴
[Wed Nov  5 16:34:47 2025] [FATAL] 鬼相谓曰：正中死处
[Wed Nov  5 16:34:47 2025] [FATAL] 寐而惊悸，遂患阴肿
[Wed Nov  5 16:34:47 2025] [FATAL] 拔矛，出血石余
[Wed Nov  5 16:34:47 2025] [FATAL] 医刺之，出血如梦
[Wed Nov  5 16:34:47 2025] [ERROR] 苌遂狂言，或曰
[Wed Nov  5 16:34:47 2025] [WARN] 臣苌，杀陛下者兄襄，非臣之罪
[Wed Nov  5 16:34:47 2025] [ERROR] 愿陛下不惘臣
[Wed Nov  5 16:34:48 2025] [FATAL] --------------------------------
[Wed Nov  5 16:34:49 2025] [FATAL] 苌俱，走入宫
[Wed Nov  5 16:34:49 2025] [FATAL] 宫人迎苌刺鬼，误中苌阴
[Wed Nov  5 16:34:49 2025] [INFO] 鬼相谓曰：正中死处
[Wed Nov  5 16:34:49 2025] [ERROR] 医刺之，出血如梦
[Wed Nov  5 16:34:49 2025] [ERROR] 苌遂狂言，或曰
[Wed Nov  5 16:34:49 2025] [WARN] 臣苌，杀陛下者兄襄，非臣之罪
[Wed Nov  5 16:34:49 2025] [ERROR] 愿陛下不惘臣
[Wed Nov  5 16:34:49 2025] [FATAL] 苌俱，走入宫
[Wed Nov  5 16:34:49 2025] [FATAL] 宫人迎苌刺鬼，误中苌阴
[Wed Nov  5 16:34:49 2025] [FATAL] 鬼相谓曰：正中死处
[Wed Nov  5 16:34:49 2025] [FATAL] 拔矛，出血石余
[Wed Nov  5 16:34:49 2025] [FATAL] 寐而惊悸，遂患阴肿
[Wed Nov  5 16:34:49 2025] [FATAL] 医刺之，出血如梦
[Wed Nov  5 16:34:49 2025] [ERROR] 苌遂狂言，或曰
[Wed Nov  5 16:34:49 2025] [WARN] 臣苌，杀陛下者兄襄，非臣之罪
[Wed Nov  5 16:34:49 2025] [ERROR] 愿陛下不惘臣
[Wed Nov  5 16:34:49 2025] [ERROR] 拔矛，出血石余
[Wed Nov  5 16:34:49 2025] [WARN] 寐而惊悸，遂患阴肿
[Wed Nov  5 16:34:50 2025] [FATAL] --------------------------------
[Wed Nov  5 16:34:50 2025] [FATAL] 苌俱，走入宫
[Wed Nov  5 16:34:50 2025] [ERROR] 拔矛，出血石余
[Wed Nov  5 16:34:50 2025] [ERROR] 愿陛下不惘臣
[Wed Nov  5 16:34:50 2025] [FATAL] 宫人迎苌刺鬼，误中苌阴
[Wed Nov  5 16:34:50 2025] [FATAL] 鬼相谓曰：正中死处
[Wed Nov  5 16:34:50 2025] [FATAL] 拔矛，出血石余
[Wed Nov  5 16:34:50 2025] [WARN] 臣苌，杀陛下者兄襄，非臣之罪
[Wed Nov  5 16:34:50 2025] [ERROR] 苌遂狂言，或曰
[Wed Nov  5 16:34:50 2025] [ERROR] 愿陛下不惘臣
[Wed Nov  5 16:34:50 2025] [INFO] 鬼相谓曰：正中死处
[Wed Nov  5 16:34:50 2025] [ERROR] 医刺之，出血如梦
[Wed Nov  5 16:34:50 2025] [ERROR] 苌遂狂言，或曰
[Wed Nov  5 16:34:50 2025] [FATAL] 寐而惊悸，遂患阴肿
[Wed Nov  5 16:34:50 2025] [FATAL] 宫人迎苌刺鬼，误中苌阴
[Wed Nov  5 16:34:50 2025] [WARN] 寐而惊悸，遂患阴肿
[Wed Nov  5 16:34:50 2025] [FATAL] 医刺之，出血如梦
[Wed Nov  5 16:34:50 2025] [FATAL] 苌俱，走入宫
[Wed Nov  5 16:34:50 2025] [WARN] 臣苌，杀陛下者兄襄，非臣之罪
[Wed Nov  5 16:34:51 2025] [FATAL] --------------------------------
[Wed Nov  5 16:34:51 2025] [ERROR] 拔矛，出血石余
[Wed Nov  5 16:34:51 2025] [FATAL] 苌俱，走入宫
[Wed Nov  5 16:34:51 2025] [FATAL] 宫人迎苌刺鬼，误中苌阴
[Wed Nov  5 16:34:51 2025] [ERROR] 医刺之，出血如梦
[Wed Nov  5 16:34:51 2025] [INFO] 鬼相谓曰：正中死处
[Wed Nov  5 16:34:51 2025] [WARN] 寐而惊悸，遂患阴肿
[Wed Nov  5 16:34:51 2025] [ERROR] 苌遂狂言，或曰
[Wed Nov  5 16:34:51 2025] [WARN] 臣苌，杀陛下者兄襄，非臣之罪
[Wed Nov  5 16:34:51 2025] [ERROR] 愿陛下不惘臣
[Wed Nov  5 16:34:51 2025] [FATAL] 苌俱，走入宫
[Wed Nov  5 16:34:51 2025] [FATAL] 宫人迎苌刺鬼，误中苌阴
[Wed Nov  5 16:34:51 2025] [FATAL] 鬼相谓曰：正中死处
[Wed Nov  5 16:34:51 2025] [FATAL] 拔矛，出血石余
[Wed Nov  5 16:34:51 2025] [FATAL] 寐而惊悸，遂患阴肿
[Wed Nov  5 16:34:51 2025] [FATAL] 医刺之，出血如梦
[Wed Nov  5 16:34:51 2025] [ERROR] 苌遂狂言，或曰
[Wed Nov  5 16:34:51 2025] [WARN] 臣苌，杀陛下者兄襄，非臣之罪
[Wed Nov  5 16:34:51 2025] [ERROR] 愿陛下不惘臣
[Wed Nov  5 16:34:52 2025] [FATAL] --------------------------------
[Wed Nov  5 16:34:53 2025] [FATAL] 苌俱，走入宫
[Wed Nov  5 16:34:53 2025] [FATAL] 宫人迎苌刺鬼，误中苌阴
[Wed Nov  5 16:34:53 2025] [INFO] 鬼相谓曰：正中死处
[Wed Nov  5 16:34:53 2025] [ERROR] 医刺之，出血如梦
[Wed Nov  5 16:34:53 2025] [ERROR] 苌遂狂言，或曰
[Wed Nov  5 16:34:53 2025] [WARN] 臣苌，杀陛下者兄襄，非臣之罪
[Wed Nov  5 16:34:53 2025] [ERROR] 愿陛下不惘臣
[Wed Nov  5 16:34:53 2025] [FATAL] 苌俱，走入宫
[Wed Nov  5 16:34:53 2025] [FATAL] 宫人迎苌刺鬼，误中苌阴
[Wed Nov  5 16:34:53 2025] [FATAL] 鬼相谓曰：正中死处
[Wed Nov  5 16:34:53 2025] [FATAL] 拔矛，出血石余
[Wed Nov  5 16:34:53 2025] [FATAL] 寐而惊悸，遂患阴肿
[Wed Nov  5 16:34:53 2025] [FATAL] 医刺之，出血如梦
[Wed Nov  5 16:34:53 2025] [ERROR] 苌遂狂言，或曰
[Wed Nov  5 16:34:53 2025] [WARN] 臣苌，杀陛下者兄襄，非臣之罪
[Wed Nov  5 16:34:53 2025] [ERROR] 愿陛下不惘臣
[Wed Nov  5 16:34:53 2025] [ERROR] 拔矛，出血石余
[Wed Nov  5 16:34:53 2025] [WARN] 寐而惊悸，遂患阴肿
[Wed Nov  5 16:34:54 2025] [FATAL] --------------------------------
[Wed Nov  5 16:34:54 2025] [FATAL] 苌俱，走入宫
[Wed Nov  5 16:34:54 2025] [FATAL] 宫人迎苌刺鬼，误中苌阴
[Wed Nov  5 16:34:54 2025] [INFO] 鬼相谓曰：正中死处
[Wed Nov  5 16:34:54 2025] [ERROR] 拔矛，出血石余
[Wed Nov  5 16:34:54 2025] [WARN] 寐而惊悸，遂患阴肿
[Wed Nov  5 16:34:54 2025] [ERROR] 医刺之，出血如梦
[Wed Nov  5 16:34:54 2025] [ERROR] 苌遂狂言，或曰
[Wed Nov  5 16:34:54 2025] [WARN] 臣苌，杀陛下者兄襄，非臣之罪
[Wed Nov  5 16:34:54 2025] [ERROR] 愿陛下不惘臣
[Wed Nov  5 16:34:54 2025] [FATAL] 苌俱，走入宫
[Wed Nov  5 16:34:54 2025] [FATAL] 宫人迎苌刺鬼，误中苌阴
[Wed Nov  5 16:34:54 2025] [FATAL] 鬼相谓曰：正中死处
[Wed Nov  5 16:34:54 2025] [FATAL] 拔矛，出血石余
[Wed Nov  5 16:34:54 2025] [FATAL] 寐而惊悸，遂患阴肿
[Wed Nov  5 16:34:54 2025] [FATAL] 医刺之，出血如梦
[Wed Nov  5 16:34:54 2025] [ERROR] 苌遂狂言，或曰
[Wed Nov  5 16:34:54 2025] [ERROR] 愿陛下不惘臣
[Wed Nov  5 16:34:54 2025] [WARN] 臣苌，杀陛下者兄襄，非臣之罪
[Wed Nov  5 16:35:53 2025] [INFO] 本自荆山璆
[Wed Nov  5 16:35:53 2025] [WARN] 惟彼太公望
[Wed Nov  5 16:35:53 2025] [ERROR] 昔在渭滨叟
[Wed Nov  5 16:35:53 2025] [FATAL] 邓生何感激
[Wed Nov  5 16:35:55 2025] [INFO] 本自荆山璆
[Wed Nov  5 16:35:55 2025] [WARN] 惟彼太公望
[Wed Nov  5 16:35:55 2025] [ERROR] 昔在渭滨叟
[Wed Nov  5 16:35:55 2025] [FATAL] 邓生何感激
[Wed Nov  5 16:36:33 2025] [FATAL] --------------------------------
[Wed Nov  5 16:36:34 2025] [INFO] 本自荆山璆
[Wed Nov  5 16:36:34 2025] [WARN] 惟彼太公望
[Wed Nov  5 16:36:34 2025] [ERROR] 昔在渭滨叟
[Wed Nov  5 16:36:34 2025] [FATAL] 邓生何感激
[Wed Nov  5 16:36:39 2025] [FATAL] --------------------------------
[Wed Nov  5 16:36:39 2025] [INFO] 本自荆山璆
[Wed Nov  5 16:36:39 2025] [WARN] 惟彼太公望
[Wed Nov  5 16:36:39 2025] [ERROR] 昔在渭滨叟
[Wed Nov  5 16:36:39 2025] [FATAL] 邓生何感激
[Wed Nov  5 16:36:40 2025] [FATAL] --------------------------------
[Wed Nov  5 16:36:41 2025] [FATAL] --------------------------------
[Wed Nov  5 16:36:41 2025] [INFO] 本自荆山璆
[Wed Nov  5 16:36:41 2025] [WARN] 惟彼太公望
[Wed Nov  5 16:36:41 2025] [ERROR] 昔在渭滨叟
[Wed Nov  5 16:36:41 2025] [FATAL] 邓生何感激
[Wed Nov  5 16:37:59 2025] [FATAL] --------------------------------
[Wed Nov  5 16:37:59 2025] [ERROR] 拔矛，出血石余
[Wed Nov  5 16:37:59 2025] [WARN] 臣苌，杀陛下者兄襄，非臣之罪
[Wed Nov  5 16:37:59 2025] [WARN] 寐而惊悸，遂患阴肿
[Wed Nov  5 16:37:59 2025] [ERROR] 愿陛下不惘臣
[Wed Nov  5 16:37:59 2025] [INFO] 鬼相谓曰：正中死处
[Wed Nov  5 16:37:59 2025] [FATAL] 苌俱，走入宫
[Wed Nov  5 16:37:59 2025] [ERROR] 苌遂狂言，或曰
[Wed Nov  5 16:37:59 2025] [FATAL] 宫人迎苌刺鬼，误中苌阴
[Wed Nov  5 16:37:59 2025] [ERROR] 医刺之，出血如梦
[Wed Nov  5 16:37:59 2025] [FATAL] 宫人迎苌刺鬼，误中苌阴
[Wed Nov  5 16:37:59 2025] [FATAL] 拔矛，出血石余
[Wed Nov  5 16:37:59 2025] [DEBUG] 梦苻坚将天官使者，鬼兵数百突入营中
[Wed Nov  5 16:37:59 2025] [DEBUG] 梦苻坚将天官使者，鬼兵数百突入营中
[Wed Nov  5 16:37:59 2025] [FATAL] 苌俱，走入宫
[Wed Nov  5 16:37:59 2025] [FATAL] 鬼相谓曰：正中死处
[Wed Nov  5 16:37:59 2025] [FATAL] 寐而惊悸，遂患阴肿
[Wed Nov  5 16:37:59 2025] [ERROR] 愿陛下不惘臣
[Wed Nov  5 16:37:59 2025] [ERROR] 苌遂狂言，或曰
[Wed Nov  5 16:37:59 2025] [WARN] 臣苌，杀陛下者兄襄，非臣之罪
[Wed Nov  5 16:37:59 2025] [FATAL] 医刺之，出血如梦
[Wed Nov  5 16:38:00 2025] [FATAL] --------------------------------
[Wed Nov  5 16:38:00 2025] [WARN] 寐而惊悸，遂患阴肿
[Wed Nov  5 16:38:00 2025] [ERROR] 拔矛，出血石余
[Wed Nov  5 16:38:00 2025] [FATAL] 宫人迎苌刺鬼，误中苌阴
[Wed Nov  5 16:38:00 2025] [FATAL] 拔矛，出血石余
[Wed Nov  5 16:38:00 2025] [FATAL] 寐而惊悸，遂患阴肿
[Wed Nov  5 16:38:00 2025] [ERROR] 苌遂狂言，或曰
[Wed Nov  5 16:38:00 2025] [INFO] 鬼相谓曰：正中死处
[Wed Nov  5 16:38:00 2025] [ERROR] 医刺之，出血如梦
[Wed Nov  5 16:38:00 2025] [ERROR] 愿陛下不惘臣
[Wed Nov  5 16:38:00 2025] [DEBUG] 梦苻坚将天官使者，鬼兵数百突入营中
[Wed Nov  5 16:38:00 2025] [FATAL] 苌俱，走入宫
[Wed Nov  5 16:38:00 2025] [FATAL] 鬼相谓曰：正中死处
[Wed Nov  5 16:38:00 2025] [WARN] 臣苌，杀陛下者兄襄，非臣之罪
[Wed Nov  5 16:38:00 2025] [FATAL] 医刺之，出血如梦
[Wed Nov  5 16:38:00 2025] [DEBUG] 梦苻坚将天官使者，鬼兵数百突入营中
[Wed Nov  5 16:38:00 2025] [ERROR] 愿陛下不惘臣
[Wed Nov  5 16:38:00 2025] [FATAL] 宫人迎苌刺鬼，误中苌阴
[Wed Nov  5 16:38:00 2025] [FATAL] 苌俱，走入宫
[Wed Nov  5 16:38:00 2025] [ERROR] 苌遂狂言，或曰
[Wed Nov  5 16:38:00 2025] [WARN] 臣苌，杀陛下者兄襄，非臣之罪
[Wed Nov  5 16:38:01 2025] [FATAL] --------------------------------
[Wed Nov  5 16:38:01 2025] [DEBUG] 梦苻坚将天官使者，鬼兵数百突入营中
[Wed Nov  5 16:38:01 2025] [FATAL] 苌俱，走入宫
[Wed Nov  5 16:38:01 2025] [FATAL] 鬼相谓曰：正中死处
[Wed Nov  5 16:38:01 2025] [ERROR] 愿陛下不惘臣
[Wed Nov  5 16:38:01 2025] [DEBUG] 梦苻坚将天官使者，鬼兵数百突入营中
[Wed Nov  5 16:38:01 2025] [FATAL] 苌俱，走入宫
[Wed Nov  5 16:38:01 2025] [INFO] 鬼相谓曰：正中死处
[Wed Nov  5 16:38:01 2025] [ERROR] 医刺之，出血如梦
[Wed Nov  5 16:38:01 2025] [ERROR] 愿陛下不惘臣
[Wed Nov  5 16:38:01 2025] [FATAL] 宫人迎苌刺鬼，误中苌阴
[Wed Nov  5 16:38:01 2025] [FATAL] 拔矛，出血石余
[Wed Nov  5 16:38:01 2025] [WARN] 寐而惊悸，遂患阴肿
[Wed Nov  5 16:38:01 2025] [FATAL] 医刺之，出血如梦
[Wed Nov  5 16:38:01 2025] [ERROR] 拔矛，出血石余
[Wed Nov  5 16:38:01 2025] [FATAL] 寐而惊悸，遂患阴肿
[Wed Nov  5 16:38:01 2025] [ERROR] 苌遂狂言，或曰
[Wed Nov  5 16:38:01 2025] [WARN] 臣苌，杀陛下者兄襄，非臣之罪
[Wed Nov  5 16:38:01 2025] [FATAL] 宫人迎苌刺鬼，误中苌阴
[Wed Nov  5 16:38:01 2025] [WARN] 臣苌，杀陛下者兄襄，非臣之罪
[Wed Nov  5 16:38:01 2025] [ERROR] 苌遂狂言，或曰
[Wed Nov  5 16:38:02 2025] [FATAL] --------------------------------
[Wed Nov  5 16:38:02 2025] [FATAL] 苌俱，走入宫
[Wed Nov  5 16:38:02 2025] [ERROR] 愿陛下不惘臣
[Wed Nov  5 16:38:02 2025] [DEBUG] 梦苻坚将天官使者，鬼兵数百突入营中
[Wed Nov  5 16:38:02 2025] [FATAL] 苌俱，走入宫
[Wed Nov  5 16:38:02 2025] [FATAL] 鬼相谓曰：正中死处
[Wed Nov  5 16:38:02 2025] [FATAL] 医刺之，出血如梦
[Wed Nov  5 16:38:02 2025] [ERROR] 愿陛下不惘臣
[Wed Nov  5 16:38:02 2025] [ERROR] 医刺之，出血如梦
[Wed Nov  5 16:38:02 2025] [WARN] 臣苌，杀陛下者兄襄，非臣之罪
[Wed Nov  5 16:38:02 2025] [FATAL] 宫人迎苌刺鬼，误中苌阴
[Wed Nov  5 16:38:02 2025] [FATAL] 拔矛，出血石余
[Wed Nov  5 16:38:02 2025] [FATAL] 寐而惊悸，遂患阴肿
[Wed Nov  5 16:38:02 2025] [ERROR] 苌遂狂言，或曰
[Wed Nov  5 16:38:02 2025] [WARN] 臣苌，杀陛下者兄襄，非臣之罪
[Wed Nov  5 16:38:02 2025] [ERROR] 苌遂狂言，或曰
[Wed Nov  5 16:38:02 2025] [ERROR] 拔矛，出血石余
[Wed Nov  5 16:38:02 2025] [DEBUG] 梦苻坚将天官使者，鬼兵数百突入营中
[Wed Nov  5 16:38:02 2025] [INFO] 鬼相谓曰：正中死处
[Wed Nov  5 16:38:02 2025] [FATAL] 宫人迎苌刺鬼，误中苌阴
[Wed Nov  5 16:38:02 2025] [WARN] 寐而惊悸，遂患阴肿
[Wed Nov  5 16:38:03 2025] [FATAL] --------------------------------
[Wed Nov  5 16:38:03 2025] [ERROR] 拔矛，出血石余
[Wed Nov  5 16:38:03 2025] [FATAL] 苌俱，走入宫
[Wed Nov  5 16:38:03 2025] [FATAL] 宫人迎苌刺鬼，误中苌阴
[Wed Nov  5 16:38:03 2025] [INFO] 鬼相谓曰：正中死处
[Wed Nov  5 16:38:03 2025] [ERROR] 医刺之，出血如梦
[Wed Nov  5 16:38:03 2025] [ERROR] 愿陛下不惘臣
[Wed Nov  5 16:38:03 2025] [WARN] 臣苌，杀陛下者兄襄，非臣之罪
[Wed Nov  5 16:38:03 2025] [ERROR] 苌遂狂言，或曰
[Wed Nov  5 16:38:03 2025] [DEBUG] 梦苻坚将天官使者，鬼兵数百突入营中
[Wed Nov  5 16:38:03 2025] [ERROR] 愿陛下不惘臣
[Wed Nov  5 16:38:03 2025] [DEBUG] 梦苻坚将天官使者，鬼兵数百突入营中
[Wed Nov  5 16:38:03 2025] [WARN] 臣苌，杀陛下者兄襄，非臣之罪
[Wed Nov  5 16:38:03 2025] [FATAL] 医刺之，出血如梦
[Wed Nov  5 16:38:03 2025] [FATAL] 鬼相谓曰：正中死处
[Wed Nov  5 16:38:03 2025] [FATAL] 苌俱，走入宫
[Wed Nov  5 16:38:03 2025] [FATAL] 宫人迎苌刺鬼，误中苌阴
[Wed Nov  5 16:38:03 2025] [FATAL] 拔矛，出血石余
[Wed Nov  5 16:38:03 2025] [FATAL] 寐而惊悸，遂患阴肿
[Wed Nov  5 16:38:03 2025] [ERROR] 苌遂狂言，或曰
[Wed Nov  5 16:38:03 2025] [WARN] 寐而惊悸，遂患阴肿
[Wed Nov  5 16:38:04 2025] [FATAL] --------------------------------
[Wed Nov  5 16:38:04 2025] [ERROR] 拔矛，出血石余
[Wed Nov  5 16:38:04 2025] [FATAL] 宫人迎苌刺鬼，误中苌阴
[Wed Nov  5 16:38:04 2025] [FATAL] 苌俱，走入宫
[Wed Nov  5 16:38:04 2025] [WARN] 寐而惊悸，遂患阴肿
[Wed Nov  5 16:38:04 2025] [ERROR] 苌遂狂言，或曰
[Wed Nov  5 16:38:04 2025] [WARN] 臣苌，杀陛下者兄襄，非臣之罪
[Wed Nov  5 16:38:04 2025] [FATAL] 宫人迎苌刺鬼，误中苌阴
[Wed Nov  5 16:38:04 2025] [FATAL] 拔矛，出血石余
[Wed Nov  5 16:38:04 2025] [FATAL] 寐而惊悸，遂患阴肿
[Wed Nov  5 16:38:04 2025] [INFO] 鬼相谓曰：正中死处
[Wed Nov  5 16:38:04 2025] [ERROR] 医刺之，出血如梦
[Wed Nov  5 16:38:04 2025] [DEBUG] 梦苻坚将天官使者，鬼兵数百突入营中
[Wed Nov  5 16:38:04 2025] [ERROR] 愿陛下不惘臣
[Wed Nov  5 16:38:04 2025] [DEBUG] 梦苻坚将天官使者，鬼兵数百突入营中
[Wed Nov  5 16:38:04 2025] [FATAL] 苌俱，走入宫
[Wed Nov  5 16:38:04 2025] [ERROR] 苌遂狂言，或曰
[Wed Nov  5 16:38:04 2025] [WARN] 臣苌，杀陛下者兄襄，非臣之罪
[Wed Nov  5 16:38:04 2025] [FATAL] 鬼相谓曰：正中死处
[Wed Nov  5 16:38:04 2025] [FATAL] 医刺之，出血如梦
[Wed Nov  5 16:38:04 2025] [ERROR] 愿陛下不惘臣
[Wed Nov  5 16:38:05 2025] [FATAL] --------------------------------
[Wed Nov  5 16:38:05 2025] [WARN] 寐而惊悸，遂患阴肿
[Wed Nov  5 16:38:05 2025] [FATAL] 宫人迎苌刺鬼，误中苌阴
[Wed Nov  5 16:38:05 2025] [WARN] 臣苌，杀陛下者兄襄，非臣之罪
[Wed Nov  5 16:38:05 2025] [FATAL] 苌俱，走入宫
[Wed Nov  5 16:38:05 2025] [DEBUG] 梦苻坚将天官使者，鬼兵数百突入营中
[Wed Nov  5 16:38:05 2025] [ERROR] 医刺之，出血如梦
[Wed Nov  5 16:38:05 2025] [WARN] 臣苌，杀陛下者兄襄，非臣之罪
[Wed Nov  5 16:38:05 2025] [ERROR] 拔矛，出血石余
[Wed Nov  5 16:38:05 2025] [ERROR] 愿陛下不惘臣
[Wed Nov  5 16:38:05 2025] [ERROR] 苌遂狂言，或曰
[Wed Nov  5 16:38:05 2025] [ERROR] 愿陛下不惘臣
[Wed Nov  5 16:38:05 2025] [DEBUG] 梦苻坚将天官使者，鬼兵数百突入营中
[Wed Nov  5 16:38:05 2025] [FATAL] 苌俱，走入宫
[Wed Nov  5 16:38:05 2025] [FATAL] 宫人迎苌刺鬼，误中苌阴
[Wed Nov  5 16:38:05 2025] [FATAL] 鬼相谓曰：正中死处
[Wed Nov  5 16:38:05 2025] [FATAL] 拔矛，出血石余
[Wed Nov  5 16:38:05 2025] [FATAL] 医刺之，出血如梦
[Wed Nov  5 16:38:05 2025] [FATAL] 寐而惊悸，遂患阴肿
[Wed Nov  5 16:38:05 2025] [INFO] 鬼相谓曰：正中死处
[Wed Nov  5 16:38:05 2025] [ERROR] 苌遂狂言，或曰
[Wed Nov  5 16:38:06 2025] [FATAL] --------------------------------
[Wed Nov  5 16:38:06 2025] [FATAL] 苌俱，走入宫
[Wed Nov  5 16:38:06 2025] [FATAL] 宫人迎苌刺鬼，误中苌阴
[Wed Nov  5 16:38:06 2025] [ERROR] 苌遂狂言，或曰
[Wed Nov  5 16:38:06 2025] [WARN] 臣苌，杀陛下者兄襄，非臣之罪
[Wed Nov  5 16:38:06 2025] [FATAL] 宫人迎苌刺鬼，误中苌阴
[Wed Nov  5 16:38:06 2025] [FATAL] 拔矛，出血石余
[Wed Nov  5 16:38:06 2025] [ERROR] 拔矛，出血石余
[Wed Nov  5 16:38:06 2025] [ERROR] 苌遂狂言，或曰
[Wed Nov  5 16:38:06 2025] [WARN] 臣苌，杀陛下者兄襄，非臣之罪
[Wed Nov  5 16:38:06 2025] [FATAL] 寐而惊悸，遂患阴肿
[Wed Nov  5 16:38:06 2025] [INFO] 鬼相谓曰：正中死处
[Wed Nov  5 16:38:06 2025] [ERROR] 医刺之，出血如梦
[Wed Nov  5 16:38:06 2025] [ERROR] 愿陛下不惘臣
[Wed Nov  5 16:38:06 2025] [DEBUG] 梦苻坚将天官使者，鬼兵数百突入营中
[Wed Nov  5 16:38:06 2025] [FATAL] 苌俱，走入宫
[Wed Nov  5 16:38:06 2025] [FATAL] 鬼相谓曰：正中死处
[Wed Nov  5 16:38:06 2025] [DEBUG] 梦苻坚将天官使者，鬼兵数百突入营中
[Wed Nov  5 16:38:06 2025] [ERROR] 愿陛下不惘臣
[Wed Nov  5 16:38:06 2025] [FATAL] 医刺之，出血如梦
[Wed Nov  5 16:38:06 2025] [WARN] 寐而惊悸，遂患阴肿
[Wed Nov  5 16:38:07 2025] [FATAL] --------------------------------
[Wed Nov  5 16:38:07 2025] [FATAL] 宫人迎苌刺鬼，误中苌阴
[Wed Nov  5 16:38:07 2025] [WARN] 寐而惊悸，遂患阴肿
[Wed Nov  5 16:38:07 2025] [INFO] 鬼相谓曰：正中死处
[Wed Nov  5 16:38:07 2025] [FATAL] 苌俱，走入宫
[Wed Nov  5 16:38:07 2025] [DEBUG] 梦苻坚将天官使者，鬼兵数百突入营中
[Wed Nov  5 16:38:07 2025] [ERROR] 医刺之，出血如梦
[Wed Nov  5 16:38:07 2025] [WARN] 臣苌，杀陛下者兄襄，非臣之罪
[Wed Nov  5 16:38:07 2025] [ERROR] 苌遂狂言，或曰
[Wed Nov  5 16:38:07 2025] [ERROR] 愿陛下不惘臣
[Wed Nov  5 16:38:07 2025] [ERROR] 拔矛，出血石余
[Wed Nov  5 16:38:07 2025] [FATAL] 鬼相谓曰：正中死处
[Wed Nov  5 16:38:07 2025] [FATAL] 拔矛，出血石余
[Wed Nov  5 16:38:07 2025] [WARN] 臣苌，杀陛下者兄襄，非臣之罪
[Wed Nov  5 16:38:07 2025] [FATAL] 宫人迎苌刺鬼，误中苌阴
[Wed Nov  5 16:38:07 2025] [ERROR] 苌遂狂言，或曰
[Wed Nov  5 16:38:07 2025] [FATAL] 寐而惊悸，遂患阴肿
[Wed Nov  5 16:38:07 2025] [FATAL] 苌俱，走入宫
[Wed Nov  5 16:38:07 2025] [FATAL] 医刺之，出血如梦
[Wed Nov  5 16:38:07 2025] [DEBUG] 梦苻坚将天官使者，鬼兵数百突入营中
[Wed Nov  5 16:38:07 2025] [ERROR] 愿陛下不惘臣
[Wed Nov  5 16:38:08 2025] [FATAL] --------------------------------
[Wed Nov  5 16:38:08 2025] [ERROR] 拔矛，出血石余
[Wed Nov  5 16:38:08 2025] [WARN] 寐而惊悸，遂患阴肿
[Wed Nov  5 16:38:08 2025] [ERROR] 医刺之，出血如梦
[Wed Nov  5 16:38:08 2025] [INFO] 鬼相谓曰：正中死处
[Wed Nov  5 16:38:08 2025] [FATAL] 苌俱，走入宫
[Wed Nov  5 16:38:08 2025] [ERROR] 愿陛下不惘臣
[Wed Nov  5 16:38:08 2025] [ERROR] 苌遂狂言，或曰
[Wed Nov  5 16:38:08 2025] [FATAL] 宫人迎苌刺鬼，误中苌阴
[Wed Nov  5 16:38:08 2025] [WARN] 臣苌，杀陛下者兄襄，非臣之罪
[Wed Nov  5 16:38:08 2025] [FATAL] 苌俱，走入宫
[Wed Nov  5 16:38:08 2025] [DEBUG] 梦苻坚将天官使者，鬼兵数百突入营中
[Wed Nov  5 16:38:08 2025] [FATAL] 宫人迎苌刺鬼，误中苌阴
[Wed Nov  5 16:38:08 2025] [DEBUG] 梦苻坚将天官使者，鬼兵数百突入营中
[Wed Nov  5 16:38:08 2025] [ERROR] 苌遂狂言，或曰
[Wed Nov  5 16:38:08 2025] [WARN] 臣苌，杀陛下者兄襄，非臣之罪
[Wed Nov  5 16:38:08 2025] [FATAL] 医刺之，出血如梦
[Wed Nov  5 16:38:08 2025] [FATAL] 鬼相谓曰：正中死处
[Wed Nov  5 16:38:08 2025] [ERROR] 愿陛下不惘臣
[Wed Nov  5 16:38:08 2025] [FATAL] 拔矛，出血石余
[Wed Nov  5 16:38:08 2025] [FATAL] 寐而惊悸，遂患阴肿
[Wed Nov  5 16:38:09 2025] [FATAL] --------------------------------
[Wed Nov  5 16:38:10 2025] [FATAL] 苌俱，走入宫
[Wed Nov  5 16:38:10 2025] [INFO] 鬼相谓曰：正中死处
[Wed Nov  5 16:38:10 2025] [ERROR] 医刺之，出血如梦
[Wed Nov  5 16:38:10 2025] [FATAL] 宫人迎苌刺鬼，误中苌阴
[Wed Nov  5 16:38:10 2025] [ERROR] 苌遂狂言，或曰
[Wed Nov  5 16:38:10 2025] [WARN] 臣苌，杀陛下者兄襄，非臣之罪
[Wed Nov  5 16:38:10 2025] [FATAL] 宫人迎苌刺鬼，误中苌阴
[Wed Nov  5 16:38:10 2025] [FATAL] 拔矛，出血石余
[Wed Nov  5 16:38:10 2025] [FATAL] 寐而惊悸，遂患阴肿
[Wed Nov  5 16:38:10 2025] [ERROR] 苌遂狂言，或曰
[Wed Nov  5 16:38:10 2025] [WARN] 臣苌，杀陛下者兄襄，非臣之罪
[Wed Nov  5 16:38:10 2025] [ERROR] 拔矛，出血石余
[Wed Nov  5 16:38:10 2025] [WARN] 寐而惊悸，遂患阴肿
[Wed Nov  5 16:38:10 2025] [ERROR] 愿陛下不惘臣
[Wed Nov  5 16:38:10 2025] [DEBUG] 梦苻坚将天官使者，鬼兵数百突入营中
[Wed Nov  5 16:38:10 2025] [FATAL] 苌俱，走入宫
[Wed Nov  5 16:38:10 2025] [FATAL] 鬼相谓曰：正中死处
[Wed Nov  5 16:38:10 2025] [FATAL] 医刺之，出血如梦
[Wed Nov  5 16:38:10 2025] [ERROR] 愿陛下不惘臣
[Wed Nov  5 16:38:10 2025] [DEBUG] 梦苻坚将天官使者，鬼兵数百突入营中
[Wed Nov  5 16:38:10 2025] [FATAL] --------------------------------
[Wed Nov  5 16:38:11 2025] [FATAL] 苌俱，走入宫
[Wed Nov  5 16:38:11 2025] [FATAL] 宫人迎苌刺鬼，误中苌阴
[Wed Nov  5 16:38:11 2025] [INFO] 鬼相谓曰：正中死处
[Wed Nov  5 16:38:11 2025] [ERROR] 医刺之，出血如梦
[Wed Nov  5 16:38:11 2025] [ERROR] 愿陛下不惘臣
[Wed Nov  5 16:38:11 2025] [DEBUG] 梦苻坚将天官使者，鬼兵数百突入营中
[Wed Nov  5 16:38:11 2025] [ERROR] 苌遂狂言，或曰
[Wed Nov  5 16:38:11 2025] [WARN] 臣苌，杀陛下者兄襄，非臣之罪
[Wed Nov  5 16:38:11 2025] [FATAL] 宫人迎苌刺鬼，误中苌阴
[Wed Nov  5 16:38:11 2025] [FATAL] 拔矛，出血石余
[Wed Nov  5 16:38:11 2025] [FATAL] 寐而惊悸，遂患阴肿
[Wed Nov  5 16:38:11 2025] [ERROR] 苌遂狂言，或曰
[Wed Nov  5 16:38:11 2025] [WARN] 臣苌，杀陛下者兄襄，非臣之罪
[Wed Nov  5 16:38:11 2025] [WARN] 寐而惊悸，遂患阴肿
[Wed Nov  5 16:38:11 2025] [FATAL] 苌俱，走入宫
[Wed Nov  5 16:38:11 2025] [FATAL] 鬼相谓曰：正中死处
[Wed Nov  5 16:38:11 2025] [FATAL] 医刺之，出血如梦
[Wed Nov  5 16:38:11 2025] [DEBUG] 梦苻坚将天官使者，鬼兵数百突入营中
[Wed Nov  5 16:38:11 2025] [ERROR] 愿陛下不惘臣
[Wed Nov  5 16:38:11 2025] [ERROR] 拔矛，出血石余
[Wed Nov  5 16:38:11 2025] [FATAL] --------------------------------
[Wed Nov  5 16:38:12 2025] [FATAL] 苌俱，走入宫
[Wed Nov  5 16:38:12 2025] [INFO] 鬼相谓曰：正中死处
[Wed Nov  5 16:38:12 2025] [ERROR] 医刺之，出血如梦
[Wed Nov  5 16:38:12 2025] [ERROR] 愿陛下不惘臣
[Wed Nov  5 16:38:12 2025] [DEBUG] 梦苻坚将天官使者，鬼兵数百突入营中
[Wed Nov  5 16:38:12 2025] [FATAL] 苌俱，走入宫
[Wed Nov  5 16:38:12 2025] [FATAL] 鬼相谓曰：正中死处
[Wed Nov  5 16:38:12 2025] [FATAL] 医刺之，出血如梦
[Wed Nov  5 16:38:12 2025] [ERROR] 愿陛下不惘臣
[Wed Nov  5 16:38:12 2025] [DEBUG] 梦苻坚将天官使者，鬼兵数百突入营中
[Wed Nov  5 16:38:12 2025] [FATAL] 宫人迎苌刺鬼，误中苌阴
[Wed Nov  5 16:38:12 2025] [ERROR] 苌遂狂言，或曰
[Wed Nov  5 16:38:12 2025] [WARN] 臣苌，杀陛下者兄襄，非臣之罪
[Wed Nov  5 16:38:12 2025] [FATAL] 宫人迎苌刺鬼，误中苌阴
[Wed Nov  5 16:38:12 2025] [FATAL] 拔矛，出血石余
[Wed Nov  5 16:38:12 2025] [FATAL] 寐而惊悸，遂患阴肿
[Wed Nov  5 16:38:12 2025] [ERROR] 苌遂狂言，或曰
[Wed Nov  5 16:38:12 2025] [WARN] 臣苌，杀陛下者兄襄，非臣之罪
[Wed Nov  5 16:38:12 2025] [ERROR] 拔矛，出血石余
[Wed Nov  5 16:38:12 2025] [WARN] 寐而惊悸，遂患阴肿
[Wed Nov  5 16:38:12 2025] [FATAL] --------------------------------
[Wed Nov  5 16:38:13 2025] [DEBUG] 梦苻坚将天官使者，鬼兵数百突入营中
[Wed Nov  5 16:38:13 2025] [FATAL] 苌俱，走入宫
[Wed Nov  5 16:38:13 2025] [ERROR] 拔矛，出血石余
[Wed Nov  5 16:38:13 2025] [FATAL] 宫人迎苌刺鬼，误中苌阴
[Wed Nov  5 16:38:13 2025] [WARN] 寐而惊悸，遂患阴肿
[Wed Nov  5 16:38:13 2025] [INFO] 鬼相谓曰：正中死处
[Wed Nov  5 16:38:13 2025] [ERROR] 愿陛下不惘臣
[Wed Nov  5 16:38:13 2025] [DEBUG] 梦苻坚将天官使者，鬼兵数百突入营中
[Wed Nov  5 16:38:13 2025] [FATAL] 宫人迎苌刺鬼，误中苌阴
[Wed Nov  5 16:38:13 2025] [ERROR] 医刺之，出血如梦
[Wed Nov  5 16:38:13 2025] [ERROR] 苌遂狂言，或曰
[Wed Nov  5 16:38:13 2025] [WARN] 臣苌，杀陛下者兄襄，非臣之罪
[Wed Nov  5 16:38:13 2025] [FATAL] 医刺之，出血如梦
[Wed Nov  5 16:38:13 2025] [FATAL] 拔矛，出血石余
[Wed Nov  5 16:38:13 2025] [FATAL] 寐而惊悸，遂患阴肿
[Wed Nov  5 16:38:13 2025] [FATAL] 鬼相谓曰：正中死处
[Wed Nov  5 16:38:13 2025] [WARN] 臣苌，杀陛下者兄襄，非臣之罪
[Wed Nov  5 16:38:13 2025] [FATAL] 苌俱，走入宫
[Wed Nov  5 16:38:13 2025] [ERROR] 苌遂狂言，或曰
[Wed Nov  5 16:38:13 2025] [ERROR] 愿陛下不惘臣
[Wed Nov  5 16:38:14 2025] [FATAL] --------------------------------
[Wed Nov  5 16:38:14 2025] [DEBUG] 梦苻坚将天官使者，鬼兵数百突入营中
[Wed Nov  5 16:38:14 2025] [FATAL] 苌俱，走入宫
[Wed Nov  5 16:38:14 2025] [INFO] 鬼相谓曰：正中死处
[Wed Nov  5 16:38:14 2025] [ERROR] 医刺之，出血如梦
[Wed Nov  5 16:38:14 2025] [FATAL] 宫人迎苌刺鬼，误中苌阴
[Wed Nov  5 16:38:14 2025] [ERROR] 拔矛，出血石余
[Wed Nov  5 16:38:14 2025] [WARN] 寐而惊悸，遂患阴肿
[Wed Nov  5 16:38:14 2025] [ERROR] 苌遂狂言，或曰
[Wed Nov  5 16:38:14 2025] [FATAL] 苌俱，走入宫
[Wed Nov  5 16:38:14 2025] [ERROR] 愿陛下不惘臣
[Wed Nov  5 16:38:14 2025] [FATAL] 鬼相谓曰：正中死处
[Wed Nov  5 16:38:14 2025] [WARN] 臣苌，杀陛下者兄襄，非臣之罪
[Wed Nov  5 16:38:14 2025] [FATAL] 寐而惊悸，遂患阴肿
[Wed Nov  5 16:38:14 2025] [ERROR] 苌遂狂言，或曰
[Wed Nov  5 16:38:14 2025] [WARN] 臣苌，杀陛下者兄襄，非臣之罪
[Wed Nov  5 16:38:14 2025] [FATAL] 医刺之，出血如梦
[Wed Nov  5 16:38:14 2025] [ERROR] 愿陛下不惘臣
[Wed Nov  5 16:38:14 2025] [FATAL] 拔矛，出血石余
[Wed Nov  5 16:38:14 2025] [DEBUG] 梦苻坚将天官使者，鬼兵数百突入营中
[Wed Nov  5 16:38:14 2025] [FATAL] 宫人迎苌刺鬼，误中苌阴
[Wed Nov  5 16:38:15 2025] [FATAL] --------------------------------
[Wed Nov  5 16:38:15 2025] [DEBUG] 梦苻坚将天官使者，鬼兵数百突入营中
[Wed Nov  5 16:38:15 2025] [FATAL] 宫人迎苌刺鬼，误中苌阴
[Wed Nov  5 16:38:15 2025] [FATAL] 宫人迎苌刺鬼，误中苌阴
[Wed Nov  5 16:38:15 2025] [FATAL] 苌俱，走入宫
[Wed Nov  5 16:38:15 2025] [ERROR] 苌遂狂言，或曰
[Wed Nov  5 16:38:15 2025] [WARN] 臣苌，杀陛下者兄襄，非臣之罪
[Wed Nov  5 16:38:15 2025] [FATAL] 苌俱，走入宫
[Wed Nov  5 16:38:15 2025] [FATAL] 鬼相谓曰：正中死处
[Wed Nov  5 16:38:15 2025] [INFO] 鬼相谓曰：正中死处
[Wed Nov  5 16:38:15 2025] [FATAL] 医刺之，出血如梦
[Wed Nov  5 16:38:15 2025] [FATAL] 拔矛，出血石余
[Wed Nov  5 16:38:15 2025] [FATAL] 寐而惊悸，遂患阴肿
[Wed Nov  5 16:38:15 2025] [ERROR] 拔矛，出血石余
[Wed Nov  5 16:38:15 2025] [WARN] 寐而惊悸，遂患阴肿
[Wed Nov  5 16:38:15 2025] [DEBUG] 梦苻坚将天官使者，鬼兵数百突入营中
[Wed Nov  5 16:38:15 2025] [ERROR] 医刺之，出血如梦
[Wed Nov  5 16:38:15 2025] [ERROR] 愿陛下不惘臣
[Wed Nov  5 16:38:15 2025] [ERROR] 苌遂狂言，或曰
[Wed Nov  5 16:38:15 2025] [ERROR] 愿陛下不惘臣
[Wed Nov  5 16:38:15 2025] [WARN] 臣苌，杀陛下者兄襄，非臣之罪
[Wed Nov  5 16:38:15 2025] [FATAL] --------------------------------
[Wed Nov  5 16:38:16 2025] [INFO] 鬼相谓曰：正中死处
[Wed Nov  5 16:38:16 2025] [ERROR] 医刺之，出血如梦
[Wed Nov  5 16:38:16 2025] [ERROR] 愿陛下不惘臣
[Wed Nov  5 16:38:16 2025] [DEBUG] 梦苻坚将天官使者，鬼兵数百突入营中
[Wed Nov  5 16:38:16 2025] [FATAL] 苌俱，走入宫
[Wed Nov  5 16:38:16 2025] [FATAL] 鬼相谓曰：正中死处
[Wed Nov  5 16:38:16 2025] [FATAL] 医刺之，出血如梦
[Wed Nov  5 16:38:16 2025] [FATAL] 苌俱，走入宫
[Wed Nov  5 16:38:16 2025] [WARN] 臣苌，杀陛下者兄襄，非臣之罪
[Wed Nov  5 16:38:16 2025] [ERROR] 拔矛，出血石余
[Wed Nov  5 16:38:16 2025] [FATAL] 宫人迎苌刺鬼，误中苌阴
[Wed Nov  5 16:38:16 2025] [ERROR] 苌遂狂言，或曰
[Wed Nov  5 16:38:16 2025] [FATAL] 拔矛，出血石余
[Wed Nov  5 16:38:16 2025] [FATAL] 寐而惊悸，遂患阴肿
[Wed Nov  5 16:38:16 2025] [ERROR] 苌遂狂言，或曰
[Wed Nov  5 16:38:16 2025] [WARN] 寐而惊悸，遂患阴肿
[Wed Nov  5 16:38:16 2025] [WARN] 臣苌，杀陛下者兄襄，非臣之罪
[Wed Nov  5 16:38:16 2025] [ERROR] 愿陛下不惘臣
[Wed Nov  5 16:38:16 2025] [DEBUG] 梦苻坚将天官使者，鬼兵数百突入营中
[Wed Nov  5 16:38:16 2025] [FATAL] 宫人迎苌刺鬼，误中苌阴
[Wed Nov  5 16:38:17 2025] [FATAL] --------------------------------
[Wed Nov  5 16:38:17 2025] [DEBUG] 梦苻坚将天官使者，鬼兵数百突入营中
[Wed Nov  5 16:38:17 2025] [FATAL] 拔矛，出血石余
[Wed Nov  5 16:38:17 2025] [FATAL] 寐而惊悸，遂患阴肿
[Wed Nov  5 16:38:17 2025] [ERROR] 苌遂狂言，或曰
[Wed Nov  5 16:38:17 2025] [FATAL] 医刺之，出血如梦
[Wed Nov  5 16:38:17 2025] [ERROR] 苌遂狂言，或曰
[Wed Nov  5 16:38:17 2025] [FATAL] 宫人迎苌刺鬼，误中苌阴
[Wed Nov  5 16:38:17 2025] [ERROR] 拔矛，出血石余
[Wed Nov  5 16:38:17 2025] [WARN] 寐而惊悸，遂患阴肿
[Wed Nov  5 16:38:17 2025] [FATAL] 苌俱，走入宫
[Wed Nov  5 16:38:17 2025] [ERROR] 医刺之，出血如梦
[Wed Nov  5 16:38:17 2025] [INFO] 鬼相谓曰：正中死处
[Wed Nov  5 16:38:17 2025] [WARN] 臣苌，杀陛下者兄襄，非臣之罪
[Wed Nov  5 16:38:17 2025] [FATAL] 宫人迎苌刺鬼，误中苌阴
[Wed Nov  5 16:38:17 2025] [WARN] 臣苌，杀陛下者兄襄，非臣之罪
[Wed Nov  5 16:38:17 2025] [FATAL] 苌俱，走入宫
[Wed Nov  5 16:38:17 2025] [DEBUG] 梦苻坚将天官使者，鬼兵数百突入营中
[Wed Nov  5 16:38:17 2025] [ERROR] 愿陛下不惘臣
[Wed Nov  5 16:38:17 2025] [ERROR] 愿陛下不惘臣
[Wed Nov  5 16:38:17 2025] [FATAL] 鬼相谓曰：正中死处
[Wed Nov  5 16:38:18 2025] [FATAL] --------------------------------
[Wed Nov  5 16:38:18 2025] [FATAL] 苌俱，走入宫
[Wed Nov  5 16:38:18 2025] [DEBUG] 梦苻坚将天官使者，鬼兵数百突入营中
[Wed Nov  5 16:38:18 2025] [ERROR] 医刺之，出血如梦
[Wed Nov  5 16:38:18 2025] [FATAL] 鬼相谓曰：正中死处
[Wed Nov  5 16:38:18 2025] [INFO] 鬼相谓曰：正中死处
[Wed Nov  5 16:38:18 2025] [ERROR] 愿陛下不惘臣
[Wed Nov  5 16:38:18 2025] [FATAL] 医刺之，出血如梦
[Wed Nov  5 16:38:18 2025] [DEBUG] 梦苻坚将天官使者，鬼兵数百突入营中
[Wed Nov  5 16:38:18 2025] [FATAL] 苌俱，走入宫
[Wed Nov  5 16:38:18 2025] [ERROR] 愿陛下不惘臣
[Wed Nov  5 16:38:18 2025] [WARN] 寐而惊悸，遂患阴肿
[Wed Nov  5 16:38:18 2025] [ERROR] 苌遂狂言，或曰
[Wed Nov  5 16:38:18 2025] [FATAL] 宫人迎苌刺鬼，误中苌阴
[Wed Nov  5 16:38:18 2025] [FATAL] 拔矛，出血石余
[Wed Nov  5 16:38:18 2025] [FATAL] 宫人迎苌刺鬼，误中苌阴
[Wed Nov  5 16:38:18 2025] [FATAL] 寐而惊悸，遂患阴肿
[Wed Nov  5 16:38:18 2025] [ERROR] 拔矛，出血石余
[Wed Nov  5 16:38:18 2025] [WARN] 臣苌，杀陛下者兄襄，非臣之罪
[Wed Nov  5 16:38:18 2025] [ERROR] 苌遂狂言，或曰
[Wed Nov  5 16:38:18 2025] [WARN] 臣苌，杀陛下者兄襄，非臣之罪
[Wed Nov  5 16:38:19 2025] [FATAL] --------------------------------
[Wed Nov  5 16:38:19 2025] [DEBUG] 梦苻坚将天官使者，鬼兵数百突入营中
[Wed Nov  5 16:38:19 2025] [FATAL] 宫人迎苌刺鬼，误中苌阴
[Wed Nov  5 16:38:19 2025] [ERROR] 拔矛，出血石余
[Wed Nov  5 16:38:19 2025] [WARN] 寐而惊悸，遂患阴肿
[Wed Nov  5 16:38:19 2025] [FATAL] 苌俱，走入宫
[Wed Nov  5 16:38:19 2025] [ERROR] 苌遂狂言，或曰
[Wed Nov  5 16:38:19 2025] [INFO] 鬼相谓曰：正中死处
[Wed Nov  5 16:38:19 2025] [ERROR] 医刺之，出血如梦
[Wed Nov  5 16:38:19 2025] [ERROR] 愿陛下不惘臣
[Wed Nov  5 16:38:19 2025] [DEBUG] 梦苻坚将天官使者，鬼兵数百突入营中
[Wed Nov  5 16:38:19 2025] [FATAL] 鬼相谓曰：正中死处
[Wed Nov  5 16:38:19 2025] [FATAL] 医刺之，出血如梦
[Wed Nov  5 16:38:19 2025] [ERROR] 愿陛下不惘臣
[Wed Nov  5 16:38:19 2025] [WARN] 臣苌，杀陛下者兄襄，非臣之罪
[Wed Nov  5 16:38:19 2025] [WARN] 臣苌，杀陛下者兄襄，非臣之罪
[Wed Nov  5 16:38:19 2025] [FATAL] 寐而惊悸，遂患阴肿
[Wed Nov  5 16:38:19 2025] [FATAL] 宫人迎苌刺鬼，误中苌阴
[Wed Nov  5 16:38:19 2025] [FATAL] 苌俱，走入宫
[Wed Nov  5 16:38:19 2025] [ERROR] 苌遂狂言，或曰
[Wed Nov  5 16:38:19 2025] [FATAL] 拔矛，出血石余
[Wed Nov  5 16:38:20 2025] [FATAL] --------------------------------
[Wed Nov  5 16:38:20 2025] [ERROR] 苌遂狂言，或曰
[Wed Nov  5 16:38:20 2025] [WARN] 臣苌，杀陛下者兄襄，非臣之罪
[Wed Nov  5 16:38:20 2025] [ERROR] 拔矛，出血石余
[Wed Nov  5 16:38:20 2025] [INFO] 鬼相谓曰：正中死处
[Wed Nov  5 16:38:20 2025] [ERROR] 愿陛下不惘臣
[Wed Nov  5 16:38:20 2025] [WARN] 寐而惊悸，遂患阴肿
[Wed Nov  5 16:38:20 2025] [FATAL] 苌俱，走入宫
[Wed Nov  5 16:38:20 2025] [DEBUG] 梦苻坚将天官使者，鬼兵数百突入营中
[Wed Nov  5 16:38:20 2025] [ERROR] 医刺之，出血如梦
[Wed Nov  5 16:38:20 2025] [FATAL] 宫人迎苌刺鬼，误中苌阴
[Wed Nov  5 16:38:20 2025] [DEBUG] 梦苻坚将天官使者，鬼兵数百突入营中
[Wed Nov  5 16:38:20 2025] [ERROR] 苌遂狂言，或曰
[Wed Nov  5 16:38:20 2025] [FATAL] 鬼相谓曰：正中死处
[Wed Nov  5 16:38:20 2025] [FATAL] 宫人迎苌刺鬼，误中苌阴
[Wed Nov  5 16:38:20 2025] [FATAL] 医刺之，出血如梦
[Wed Nov  5 16:38:20 2025] [FATAL] 苌俱，走入宫
[Wed Nov  5 16:38:20 2025] [ERROR] 愿陛下不惘臣
[Wed Nov  5 16:38:20 2025] [WARN] 臣苌，杀陛下者兄襄，非臣之罪
[Wed Nov  5 16:38:20 2025] [FATAL] 拔矛，出血石余
[Wed Nov  5 16:38:20 2025] [FATAL] 寐而惊悸，遂患阴肿
[Wed Nov  5 16:38:21 2025] [FATAL] --------------------------------
[Wed Nov  5 16:38:21 2025] [FATAL] 苌俱，走入宫
[Wed Nov  5 16:38:21 2025] [DEBUG] 梦苻坚将天官使者，鬼兵数百突入营中
[Wed Nov  5 16:38:21 2025] [FATAL] 苌俱，走入宫
[Wed Nov  5 16:38:21 2025] [FATAL] 鬼相谓曰：正中死处
[Wed Nov  5 16:38:21 2025] [ERROR] 苌遂狂言，或曰
[Wed Nov  5 16:38:21 2025] [WARN] 臣苌，杀陛下者兄襄，非臣之罪
[Wed Nov  5 16:38:21 2025] [FATAL] 寐而惊悸，遂患阴肿
[Wed Nov  5 16:38:21 2025] [ERROR] 拔矛，出血石余
[Wed Nov  5 16:38:21 2025] [ERROR] 苌遂狂言，或曰
[Wed Nov  5 16:38:21 2025] [WARN] 寐而惊悸，遂患阴肿
[Wed Nov  5 16:38:21 2025] [ERROR] 医刺之，出血如梦
[Wed Nov  5 16:38:21 2025] [FATAL] 宫人迎苌刺鬼，误中苌阴
[Wed Nov  5 16:38:21 2025] [FATAL] 拔矛，出血石余
[Wed Nov  5 16:38:21 2025] [WARN] 臣苌，杀陛下者兄襄，非臣之罪
[Wed Nov  5 16:38:21 2025] [INFO] 鬼相谓曰：正中死处
[Wed Nov  5 16:38:21 2025] [FATAL] 医刺之，出血如梦
[Wed Nov  5 16:38:21 2025] [ERROR] 愿陛下不惘臣
[Wed Nov  5 16:38:21 2025] [ERROR] 愿陛下不惘臣
[Wed Nov  5 16:38:21 2025] [DEBUG] 梦苻坚将天官使者，鬼兵数百突入营中
[Wed Nov  5 16:38:21 2025] [FATAL] 宫人迎苌刺鬼，误中苌阴
[Wed Nov  5 16:38:21 2025] [FATAL] --------------------------------
[Wed Nov  5 16:38:22 2025] [FATAL] 宫人迎苌刺鬼，误中苌阴
[Wed Nov  5 16:38:22 2025] [FATAL] 拔矛，出血石余
[Wed Nov  5 16:38:22 2025] [FATAL] 寐而惊悸，遂患阴肿
[Wed Nov  5 16:38:22 2025] [ERROR] 苌遂狂言，或曰
[Wed Nov  5 16:38:22 2025] [WARN] 臣苌，杀陛下者兄襄，非臣之罪
[Wed Nov  5 16:38:22 2025] [ERROR] 拔矛，出血石余
[Wed Nov  5 16:38:22 2025] [WARN] 寐而惊悸，遂患阴肿
[Wed Nov  5 16:38:22 2025] [ERROR] 苌遂狂言，或曰
[Wed Nov  5 16:38:22 2025] [WARN] 臣苌，杀陛下者兄襄，非臣之罪
[Wed Nov  5 16:38:22 2025] [FATAL] 宫人迎苌刺鬼，误中苌阴
[Wed Nov  5 16:38:22 2025] [FATAL] 苌俱，走入宫
[Wed Nov  5 16:38:22 2025] [INFO] 鬼相谓曰：正中死处
[Wed Nov  5 16:38:22 2025] [ERROR] 愿陛下不惘臣
[Wed Nov  5 16:38:22 2025] [DEBUG] 梦苻坚将天官使者，鬼兵数百突入营中
[Wed Nov  5 16:38:22 2025] [FATAL] 苌俱，走入宫
[Wed Nov  5 16:38:22 2025] [FATAL] 鬼相谓曰：正中死处
[Wed Nov  5 16:38:22 2025] [FATAL] 医刺之，出血如梦
[Wed Nov  5 16:38:22 2025] [ERROR] 愿陛下不惘臣
[Wed Nov  5 16:38:22 2025] [DEBUG] 梦苻坚将天官使者，鬼兵数百突入营中
[Wed Nov  5 16:38:22 2025] [ERROR] 医刺之，出血如梦
[Wed Nov  5 16:38:22 2025] [FATAL] --------------------------------
[Wed Nov  5 16:38:23 2025] [FATAL] 苌俱，走入宫
[Wed Nov  5 16:38:23 2025] [INFO] 鬼相谓曰：正中死处
[Wed Nov  5 16:38:23 2025] [ERROR] 医刺之，出血如梦
[Wed Nov  5 16:38:23 2025] [ERROR] 愿陛下不惘臣
[Wed Nov  5 16:38:23 2025] [FATAL] 宫人迎苌刺鬼，误中苌阴
[Wed Nov  5 16:38:23 2025] [ERROR] 苌遂狂言，或曰
[Wed Nov  5 16:38:23 2025] [WARN] 臣苌，杀陛下者兄襄，非臣之罪
[Wed Nov  5 16:38:23 2025] [FATAL] 宫人迎苌刺鬼，误中苌阴
[Wed Nov  5 16:38:23 2025] [FATAL] 拔矛，出血石余
[Wed Nov  5 16:38:23 2025] [FATAL] 寐而惊悸，遂患阴肿
[Wed Nov  5 16:38:23 2025] [ERROR] 苌遂狂言，或曰
[Wed Nov  5 16:38:23 2025] [WARN] 臣苌，杀陛下者兄襄，非臣之罪
[Wed Nov  5 16:38:23 2025] [ERROR] 拔矛，出血石余
[Wed Nov  5 16:38:23 2025] [WARN] 寐而惊悸，遂患阴肿
[Wed Nov  5 16:38:23 2025] [DEBUG] 梦苻坚将天官使者，鬼兵数百突入营中
[Wed Nov  5 16:38:23 2025] [FATAL] 苌俱，走入宫
[Wed Nov  5 16:38:23 2025] [FATAL] 鬼相谓曰：正中死处
[Wed Nov  5 16:38:23 2025] [FATAL] 医刺之，出血如梦
[Wed Nov  5 16:38:23 2025] [ERROR] 愿陛下不惘臣
[Wed Nov  5 16:38:23 2025] [DEBUG] 梦苻坚将天官使者，鬼兵数百突入营中
[Wed Nov  5 16:38:23 2025] [FATAL] --------------------------------
[Wed Nov  5 16:38:24 2025] [ERROR] 拔矛，出血石余
[Wed Nov  5 16:38:24 2025] [DEBUG] 梦苻坚将天官使者，鬼兵数百突入营中
[Wed Nov  5 16:38:24 2025] [FATAL] 苌俱，走入宫
[Wed Nov  5 16:38:24 2025] [ERROR] 医刺之，出血如梦
[Wed Nov  5 16:38:24 2025] [INFO] 鬼相谓曰：正中死处
[Wed Nov  5 16:38:24 2025] [WARN] 寐而惊悸，遂患阴肿
[Wed Nov  5 16:38:24 2025] [FATAL] 宫人迎苌刺鬼，误中苌阴
[Wed Nov  5 16:38:24 2025] [DEBUG] 梦苻坚将天官使者，鬼兵数百突入营中
[Wed Nov  5 16:38:24 2025] [FATAL] 苌俱，走入宫
[Wed Nov  5 16:38:24 2025] [FATAL] 宫人迎苌刺鬼，误中苌阴
[Wed Nov  5 16:38:24 2025] [FATAL] 寐而惊悸，遂患阴肿
[Wed Nov  5 16:38:24 2025] [ERROR] 愿陛下不惘臣
[Wed Nov  5 16:38:24 2025] [FATAL] 鬼相谓曰：正中死处
[Wed Nov  5 16:38:24 2025] [FATAL] 医刺之，出血如梦
[Wed Nov  5 16:38:24 2025] [ERROR] 苌遂狂言，或曰
[Wed Nov  5 16:38:24 2025] [WARN] 臣苌，杀陛下者兄襄，非臣之罪
[Wed Nov  5 16:38:24 2025] [FATAL] 拔矛，出血石余
[Wed Nov  5 16:38:24 2025] [ERROR] 愿陛下不惘臣
[Wed Nov  5 16:38:24 2025] [ERROR] 苌遂狂言，或曰
[Wed Nov  5 16:38:24 2025] [WARN] 臣苌，杀陛下者兄襄，非臣之罪
[Wed Nov  5 16:38:24 2025] [FATAL] --------------------------------
[Wed Nov  5 16:38:24 2025] [DEBUG] 梦苻坚将天官使者，鬼兵数百突入营中
[Wed Nov  5 16:38:24 2025] [ERROR] 拔矛，出血石余
[Wed Nov  5 16:38:24 2025] [FATAL] 宫人迎苌刺鬼，误中苌阴
[Wed Nov  5 16:38:24 2025] [WARN] 寐而惊悸，遂患阴肿
[Wed Nov  5 16:38:24 2025] [DEBUG] 梦苻坚将天官使者，鬼兵数百突入营中
[Wed Nov  5 16:38:24 2025] [ERROR] 苌遂狂言，或曰
[Wed Nov  5 16:38:24 2025] [WARN] 臣苌，杀陛下者兄襄，非臣之罪
[Wed Nov  5 16:38:24 2025] [FATAL] 苌俱，走入宫
[Wed Nov  5 16:38:24 2025] [ERROR] 愿陛下不惘臣
[Wed Nov  5 16:38:24 2025] [INFO] 鬼相谓曰：正中死处
[Wed Nov  5 16:38:24 2025] [ERROR] 医刺之，出血如梦
[Wed Nov  5 16:38:24 2025] [FATAL] 医刺之，出血如梦
[Wed Nov  5 16:38:24 2025] [FATAL] 苌俱，走入宫
[Wed Nov  5 16:38:24 2025] [FATAL] 拔矛，出血石余
[Wed Nov  5 16:38:24 2025] [ERROR] 愿陛下不惘臣
[Wed Nov  5 16:38:24 2025] [FATAL] 鬼相谓曰：正中死处
[Wed Nov  5 16:38:24 2025] [FATAL] 宫人迎苌刺鬼，误中苌阴
[Wed Nov  5 16:38:24 2025] [ERROR] 苌遂狂言，或曰
[Wed Nov  5 16:38:24 2025] [WARN] 臣苌，杀陛下者兄襄，非臣之罪
[Wed Nov  5 16:38:24 2025] [FATAL] 寐而惊悸，遂患阴肿
[Wed Nov  5 16:38:25 2025] [FATAL] --------------------------------
[Wed Nov  5 16:38:25 2025] [FATAL] 拔矛，出血石余
[Wed Nov  5 16:38:25 2025] [DEBUG] 梦苻坚将天官使者，鬼兵数百突入营中
[Wed Nov  5 16:38:25 2025] [FATAL] 宫人迎苌刺鬼，误中苌阴
[Wed Nov  5 16:38:25 2025] [FATAL] 寐而惊悸，遂患阴肿
[Wed Nov  5 16:38:25 2025] [ERROR] 苌遂狂言，或曰
[Wed Nov  5 16:38:25 2025] [WARN] 臣苌，杀陛下者兄襄，非臣之罪
[Wed Nov  5 16:38:25 2025] [FATAL] 苌俱，走入宫
[Wed Nov  5 16:38:25 2025] [ERROR] 医刺之，出血如梦
[Wed Nov  5 16:38:25 2025] [ERROR] 愿陛下不惘臣
[Wed Nov  5 16:38:25 2025] [ERROR] 拔矛，出血石余
[Wed Nov  5 16:38:25 2025] [FATAL] 宫人迎苌刺鬼，误中苌阴
[Wed Nov  5 16:38:25 2025] [ERROR] 苌遂狂言，或曰
[Wed Nov  5 16:38:25 2025] [WARN] 臣苌，杀陛下者兄襄，非臣之罪
[Wed Nov  5 16:38:25 2025] [WARN] 寐而惊悸，遂患阴肿
[Wed Nov  5 16:38:25 2025] [ERROR] 愿陛下不惘臣
[Wed Nov  5 16:38:25 2025] [FATAL] 医刺之，出血如梦
[Wed Nov  5 16:38:25 2025] [FATAL] 苌俱，走入宫
[Wed Nov  5 16:38:25 2025] [INFO] 鬼相谓曰：正中死处
[Wed Nov  5 16:38:25 2025] [DEBUG] 梦苻坚将天官使者，鬼兵数百突入营中
[Wed Nov  5 16:38:25 2025] [FATAL] 鬼相谓曰：正中死处
[Wed Nov  5 16:38:26 2025] [FATAL] --------------------------------
[Wed Nov  5 16:38:26 2025] [FATAL] 苌俱，走入宫
[Wed Nov  5 16:38:26 2025] [ERROR] 愿陛下不惘臣
[Wed Nov  5 16:38:26 2025] [DEBUG] 梦苻坚将天官使者，鬼兵数百突入营中
[Wed Nov  5 16:38:26 2025] [FATAL] 苌俱，走入宫
[Wed Nov  5 16:38:26 2025] [FATAL] 鬼相谓曰：正中死处
[Wed Nov  5 16:38:26 2025] [FATAL] 医刺之，出血如梦
[Wed Nov  5 16:38:26 2025] [ERROR] 愿陛下不惘臣
[Wed Nov  5 16:38:26 2025] [ERROR] 医刺之，出血如梦
[Wed Nov  5 16:38:26 2025] [DEBUG] 梦苻坚将天官使者，鬼兵数百突入营中
[Wed Nov  5 16:38:26 2025] [ERROR] 苌遂狂言，或曰
[Wed Nov  5 16:38:26 2025] [WARN] 臣苌，杀陛下者兄襄，非臣之罪
[Wed Nov  5 16:38:26 2025] [FATAL] 宫人迎苌刺鬼，误中苌阴
[Wed Nov  5 16:38:26 2025] [FATAL] 拔矛，出血石余
[Wed Nov  5 16:38:26 2025] [FATAL] 寐而惊悸，遂患阴肿
[Wed Nov  5 16:38:26 2025] [WARN] 寐而惊悸，遂患阴肿
[Wed Nov  5 16:38:26 2025] [ERROR] 苌遂狂言，或曰
[Wed Nov  5 16:38:26 2025] [WARN] 臣苌，杀陛下者兄襄，非臣之罪
[Wed Nov  5 16:38:26 2025] [FATAL] 宫人迎苌刺鬼，误中苌阴
[Wed Nov  5 16:38:26 2025] [ERROR] 拔矛，出血石余
[Wed Nov  5 16:38:26 2025] [INFO] 鬼相谓曰：正中死处
[Wed Nov  5 16:44:54 2025] [FATAL] --------------------------------
[Wed Nov  5 16:44:54 2025] [FATAL] 宫人迎苌刺鬼，误中苌阴
[Wed Nov  5 16:44:54 2025] [FATAL] 苌俱，走入宫
[Wed Nov  5 16:44:54 2025] [DEBUG] 梦苻坚将天官使者，鬼兵数百突入营中
[Wed Nov  5 16:44:54 2025] [INFO] 鬼相谓曰：正中死处
[Wed Nov  5 16:44:54 2025] [WARN] 寐而惊悸，遂患阴肿
[Wed Nov  5 16:44:54 2025] [ERROR] 医刺之，出血如梦
[Wed Nov  5 16:44:54 2025] [ERROR] 拔矛，出血石余
[Wed Nov  5 16:44:54 2025] [ERROR] 愿陛下不惘臣
[Wed Nov  5 16:44:54 2025] [FATAL] 鬼相谓曰：正中死处
[Wed Nov  5 16:44:54 2025] [DEBUG] 梦苻坚将天官使者，鬼兵数百突入营中
[Wed Nov  5 16:44:54 2025] [FATAL] 苌俱，走入宫
[Wed Nov  5 16:44:54 2025] [FATAL] 医刺之，出血如梦
[Wed Nov  5 16:44:54 2025] [ERROR] 苌遂狂言，或曰
[Wed Nov  5 16:44:54 2025] [WARN] 臣苌，杀陛下者兄襄，非臣之罪
[Wed Nov  5 16:44:54 2025] [FATAL] 拔矛，出血石余
[Wed Nov  5 16:44:54 2025] [FATAL] 宫人迎苌刺鬼，误中苌阴
[Wed Nov  5 16:44:54 2025] [ERROR] 愿陛下不惘臣
[Wed Nov  5 16:44:54 2025] [FATAL] 寐而惊悸，遂患阴肿
[Wed Nov  5 16:44:54 2025] [WARN] 臣苌，杀陛下者兄襄，非臣之罪
[Wed Nov  5 16:44:54 2025] [ERROR] 苌遂狂言，或曰
[Wed Nov  5 16:44:55 2025] [FATAL] --------------------------------
[Wed Nov  5 16:44:55 2025] [DEBUG] 梦苻坚将天官使者，鬼兵数百突入营中
[Wed Nov  5 16:44:55 2025] [FATAL] 苌俱，走入宫
[Wed Nov  5 16:44:55 2025] [ERROR] 拔矛，出血石余
[Wed Nov  5 16:44:55 2025] [ERROR] 医刺之，出血如梦
[Wed Nov  5 16:44:55 2025] [DEBUG] 梦苻坚将天官使者，鬼兵数百突入营中
[Wed Nov  5 16:44:55 2025] [INFO] 鬼相谓曰：正中死处
[Wed Nov  5 16:44:55 2025] [FATAL] 宫人迎苌刺鬼，误中苌阴
[Wed Nov  5 16:44:55 2025] [WARN] 寐而惊悸，遂患阴肿
[Wed Nov  5 16:44:55 2025] [ERROR] 苌遂狂言，或曰
[Wed Nov  5 16:44:55 2025] [WARN] 臣苌，杀陛下者兄襄，非臣之罪
[Wed Nov  5 16:44:55 2025] [FATAL] 宫人迎苌刺鬼，误中苌阴
[Wed Nov  5 16:44:55 2025] [ERROR] 苌遂狂言，或曰
[Wed Nov  5 16:44:55 2025] [FATAL] 苌俱，走入宫
[Wed Nov  5 16:44:55 2025] [WARN] 臣苌，杀陛下者兄襄，非臣之罪
[Wed Nov  5 16:44:55 2025] [ERROR] 愿陛下不惘臣
[Wed Nov  5 16:44:55 2025] [ERROR] 愿陛下不惘臣
[Wed Nov  5 16:44:55 2025] [FATAL] 鬼相谓曰：正中死处
[Wed Nov  5 16:44:55 2025] [FATAL] 医刺之，出血如梦
[Wed Nov  5 16:44:55 2025] [FATAL] 拔矛，出血石余
[Wed Nov  5 16:44:55 2025] [FATAL] 寐而惊悸，遂患阴肿
[Wed Nov  5 16:44:56 2025] [FATAL] --------------------------------
[Wed Nov  5 16:44:56 2025] [FATAL] 宫人迎苌刺鬼，误中苌阴
[Wed Nov  5 16:44:56 2025] [ERROR] 苌遂狂言，或曰
[Wed Nov  5 16:44:56 2025] [WARN] 臣苌，杀陛下者兄襄，非臣之罪
[Wed Nov  5 16:44:56 2025] [DEBUG] 梦苻坚将天官使者，鬼兵数百突入营中
[Wed Nov  5 16:44:56 2025] [FATAL] 苌俱，走入宫
[Wed Nov  5 16:44:56 2025] [ERROR] 愿陛下不惘臣
[Wed Nov  5 16:44:56 2025] [INFO] 鬼相谓曰：正中死处
[Wed Nov  5 16:44:56 2025] [ERROR] 拔矛，出血石余
[Wed Nov  5 16:44:56 2025] [WARN] 寐而惊悸，遂患阴肿
[Wed Nov  5 16:44:56 2025] [ERROR] 医刺之，出血如梦
[Wed Nov  5 16:44:56 2025] [DEBUG] 梦苻坚将天官使者，鬼兵数百突入营中
[Wed Nov  5 16:44:56 2025] [FATAL] 苌俱，走入宫
[Wed Nov  5 16:44:56 2025] [FATAL] 宫人迎苌刺鬼，误中苌阴
[Wed Nov  5 16:44:56 2025] [WARN] 臣苌，杀陛下者兄襄，非臣之罪
[Wed Nov  5 16:44:56 2025] [ERROR] 愿陛下不惘臣
[Wed Nov  5 16:44:56 2025] [FATAL] 鬼相谓曰：正中死处
[Wed Nov  5 16:44:56 2025] [FATAL] 拔矛，出血石余
[Wed Nov  5 16:44:56 2025] [FATAL] 寐而惊悸，遂患阴肿
[Wed Nov  5 16:44:56 2025] [FATAL] 医刺之，出血如梦
[Wed Nov  5 16:44:56 2025] [ERROR] 苌遂狂言，或曰
[Wed Nov  5 16:45:03 2025] [FATAL] --------------------------------
[Wed Nov  5 16:45:03 2025] [FATAL] 苌俱，走入宫
[Wed Nov  5 16:45:03 2025] [ERROR] 拔矛，出血石余
[Wed Nov  5 16:45:03 2025] [WARN] 寐而惊悸，遂患阴肿
[Wed Nov  5 16:45:03 2025] [FATAL] 寐而惊悸，遂患阴肿
[Wed Nov  5 16:45:03 2025] [FATAL] 鬼相谓曰：正中死处
[Wed Nov  5 16:45:03 2025] [DEBUG] 梦苻坚将天官使者，鬼兵数百突入营中
[Wed Nov  5 16:45:03 2025] [FATAL] 苌俱，走入宫
[Wed Nov  5 16:45:03 2025] [FATAL] 宫人迎苌刺鬼，误中苌阴
[Wed Nov  5 16:45:03 2025] [FATAL] 拔矛，出血石余
[Wed Nov  5 16:45:03 2025] [FATAL] 医刺之，出血如梦
[Wed Nov  5 16:45:03 2025] [INFO] 鬼相谓曰：正中死处
[Wed Nov  5 16:45:03 2025] [ERROR] 医刺之，出血如梦
[Wed Nov  5 16:45:03 2025] [ERROR] 愿陛下不惘臣
[Wed Nov  5 16:45:03 2025] [ERROR] 苌遂狂言，或曰
[Wed Nov  5 16:45:03 2025] [WARN] 臣苌，杀陛下者兄襄，非臣之罪
[Wed Nov  5 16:45:03 2025] [ERROR] 苌遂狂言，或曰
[Wed Nov  5 16:45:03 2025] [FATAL] 宫人迎苌刺鬼，误中苌阴
[Wed Nov  5 16:45:03 2025] [WARN] 臣苌，杀陛下者兄襄，非臣之罪
[Wed Nov  5 16:45:03 2025] [ERROR] 愿陛下不惘臣
[Wed Nov  5 16:45:03 2025] [DEBUG] 梦苻坚将天官使者，鬼兵数百突入营中
[Wed Nov  5 16:45:05 2025] [FATAL] --------------------------------
[Wed Nov  5 16:45:06 2025] [FATAL] 宫人迎苌刺鬼，误中苌阴
[Wed Nov  5 16:45:06 2025] [DEBUG] 梦苻坚将天官使者，鬼兵数百突入营中
[Wed Nov  5 16:45:06 2025] [INFO] 鬼相谓曰：正中死处
[Wed Nov  5 16:45:06 2025] [FATAL] 苌俱，走入宫
[Wed Nov  5 16:45:06 2025] [ERROR] 医刺之，出血如梦
[Wed Nov  5 16:45:06 2025] [DEBUG] 梦苻坚将天官使者，鬼兵数百突入营中
[Wed Nov  5 16:45:06 2025] [ERROR] 苌遂狂言，或曰
[Wed Nov  5 16:45:06 2025] [ERROR] 拔矛，出血石余
[Wed Nov  5 16:45:06 2025] [WARN] 寐而惊悸，遂患阴肿
[Wed Nov  5 16:45:06 2025] [WARN] 臣苌，杀陛下者兄襄，非臣之罪
[Wed Nov  5 16:45:06 2025] [FATAL] 拔矛，出血石余
[Wed Nov  5 16:45:06 2025] [FATAL] 医刺之，出血如梦
[Wed Nov  5 16:45:06 2025] [FATAL] 苌俱，走入宫
[Wed Nov  5 16:45:06 2025] [FATAL] 宫人迎苌刺鬼，误中苌阴
[Wed Nov  5 16:45:06 2025] [FATAL] 鬼相谓曰：正中死处
[Wed Nov  5 16:45:06 2025] [FATAL] 寐而惊悸，遂患阴肿
[Wed Nov  5 16:45:06 2025] [ERROR] 苌遂狂言，或曰
[Wed Nov  5 16:45:06 2025] [WARN] 臣苌，杀陛下者兄襄，非臣之罪
[Wed Nov  5 16:45:06 2025] [ERROR] 愿陛下不惘臣
[Wed Nov  5 16:45:06 2025] [ERROR] 愿陛下不惘臣
[Wed Nov  5 16:45:06 2025] [FATAL] --------------------------------
[Wed Nov  5 16:45:07 2025] [FATAL] 宫人迎苌刺鬼，误中苌阴
[Wed Nov  5 16:45:07 2025] [DEBUG] 梦苻坚将天官使者，鬼兵数百突入营中
[Wed Nov  5 16:45:07 2025] [WARN] 寐而惊悸，遂患阴肿
[Wed Nov  5 16:45:07 2025] [ERROR] 拔矛，出血石余
[Wed Nov  5 16:45:07 2025] [ERROR] 医刺之，出血如梦
[Wed Nov  5 16:45:07 2025] [INFO] 鬼相谓曰：正中死处
[Wed Nov  5 16:45:07 2025] [FATAL] 苌俱，走入宫
[Wed Nov  5 16:45:07 2025] [ERROR] 愿陛下不惘臣
[Wed Nov  5 16:45:07 2025] [ERROR] 苌遂狂言，或曰
[Wed Nov  5 16:45:07 2025] [FATAL] 医刺之，出血如梦
[Wed Nov  5 16:45:07 2025] [FATAL] 鬼相谓曰：正中死处
[Wed Nov  5 16:45:07 2025] [DEBUG] 梦苻坚将天官使者，鬼兵数百突入营中
[Wed Nov  5 16:45:07 2025] [FATAL] 苌俱，走入宫
[Wed Nov  5 16:45:07 2025] [WARN] 臣苌，杀陛下者兄襄，非臣之罪
[Wed Nov  5 16:45:07 2025] [FATAL] 拔矛，出血石余
[Wed Nov  5 16:45:07 2025] [FATAL] 寐而惊悸，遂患阴肿
[Wed Nov  5 16:45:07 2025] [ERROR] 苌遂狂言，或曰
[Wed Nov  5 16:45:07 2025] [FATAL] 宫人迎苌刺鬼，误中苌阴
[Wed Nov  5 16:45:07 2025] [ERROR] 愿陛下不惘臣
[Wed Nov  5 16:45:07 2025] [WARN] 臣苌，杀陛下者兄襄，非臣之罪
[Wed Nov  5 16:45:08 2025] [FATAL] --------------------------------
[Wed Nov  5 16:45:08 2025] [FATAL] 宫人迎苌刺鬼，误中苌阴
[Wed Nov  5 16:45:08 2025] [ERROR] 拔矛，出血石余
[Wed Nov  5 16:45:08 2025] [WARN] 寐而惊悸，遂患阴肿
[Wed Nov  5 16:45:08 2025] [FATAL] 苌俱，走入宫
[Wed Nov  5 16:45:08 2025] [DEBUG] 梦苻坚将天官使者，鬼兵数百突入营中
[Wed Nov  5 16:45:08 2025] [INFO] 鬼相谓曰：正中死处
[Wed Nov  5 16:45:08 2025] [ERROR] 医刺之，出血如梦
[Wed Nov  5 16:45:08 2025] [ERROR] 愿陛下不惘臣
[Wed Nov  5 16:45:08 2025] [DEBUG] 梦苻坚将天官使者，鬼兵数百突入营中
[Wed Nov  5 16:45:08 2025] [ERROR] 苌遂狂言，或曰
[Wed Nov  5 16:45:08 2025] [WARN] 臣苌，杀陛下者兄襄，非臣之罪
[Wed Nov  5 16:45:08 2025] [FATAL] 苌俱，走入宫
[Wed Nov  5 16:45:08 2025] [FATAL] 鬼相谓曰：正中死处
[Wed Nov  5 16:45:08 2025] [FATAL] 医刺之，出血如梦
[Wed Nov  5 16:45:08 2025] [FATAL] 拔矛，出血石余
[Wed Nov  5 16:45:08 2025] [FATAL] 寐而惊悸，遂患阴肿
[Wed Nov  5 16:45:08 2025] [ERROR] 苌遂狂言，或曰
[Wed Nov  5 16:45:08 2025] [WARN] 臣苌，杀陛下者兄襄，非臣之罪
[Wed Nov  5 16:45:08 2025] [ERROR] 愿陛下不惘臣
[Wed Nov  5 16:45:08 2025] [FATAL] 宫人迎苌刺鬼，误中苌阴
[Thu Nov  6 15:33:55 2025] [FATAL] --------------------------------
[Thu Nov  6 15:33:56 2025] [FATAL] 宫人迎苌刺鬼，误中苌阴
[Thu Nov  6 15:33:56 2025] [ERROR] 苌遂狂言，或曰
[Thu Nov  6 15:33:56 2025] [WARN] 臣苌，杀陛下者兄襄，非臣之罪
[Thu Nov  6 15:33:56 2025] [FATAL] 宫人迎苌刺鬼，误中苌阴
[Thu Nov  6 15:33:56 2025] [ERROR] 拔矛，出血石余
[Thu Nov  6 15:33:56 2025] [WARN] 寐而惊悸，遂患阴肿
[Thu Nov  6 15:33:56 2025] [WARN] 臣苌，杀陛下者兄襄，非臣之罪
[Thu Nov  6 15:33:56 2025] [FATAL] 拔矛，出血石余
[Thu Nov  6 15:33:56 2025] [FATAL] 寐而惊悸，遂患阴肿
[Thu Nov  6 15:33:56 2025] [ERROR] 苌遂狂言，或曰
[Thu Nov  6 15:41:52 2025] [FATAL] --------------------------------
[Thu Nov  6 15:41:52 2025] [ERROR] 拔矛，出血石余
[Thu Nov  6 15:41:52 2025] [WARN] 寐而惊悸，遂患阴肿
[Thu Nov  6 15:41:52 2025] [ERROR] 苌遂狂言，或曰
[Thu Nov  6 15:41:52 2025] [FATAL] 拔矛，出血石余
[Thu Nov  6 15:41:52 2025] [FATAL] 寐而惊悸，遂患阴肿
[Thu Nov  6 15:41:52 2025] [ERROR] 苌遂狂言，或曰
[Thu Nov  6 15:41:52 2025] [WARN] 臣苌，杀陛下者兄襄，非臣之罪
[Thu Nov  6 15:41:52 2025] [FATAL] 宫人迎苌刺鬼，误中苌阴
[Thu Nov  6 15:41:52 2025] [WARN] 臣苌，杀陛下者兄襄，非臣之罪
[Thu Nov  6 15:41:52 2025] [FATAL] 宫人迎苌刺鬼，误中苌阴
[Thu Nov  6 15:44:08 2025] [FATAL] --------------------------------
[Thu Nov  6 15:44:09 2025] [ERROR] 拔矛，出血石余
[Thu Nov  6 15:44:09 2025] [WARN] 寐而惊悸，遂患阴肿
[Thu Nov  6 15:44:09 2025] [ERROR] 苌遂狂言，或曰
[Thu Nov  6 15:44:09 2025] [FATAL] 拔矛，出血石余
[Thu Nov  6 15:44:09 2025] [FATAL] 寐而惊悸，遂患阴肿
[Thu Nov  6 15:44:09 2025] [ERROR] 苌遂狂言，或曰
[Thu Nov  6 15:44:09 2025] [WARN] 臣苌，杀陛下者兄襄，非臣之罪
[Thu Nov  6 15:44:09 2025] [WARN] 臣苌，杀陛下者兄襄，非臣之罪
[Thu Nov  6 15:44:09 2025] [FATAL] 宫人迎苌刺鬼，误中苌阴
[Thu Nov  6 15:44:09 2025] [FATAL] 宫人迎苌刺鬼，误中苌阴
[Thu Nov  6 15:44:15 2025] [FATAL] --------------------------------
[Thu Nov  6 15:44:15 2025] [FATAL] 宫人迎苌刺鬼，误中苌阴
[Thu Nov  6 15:44:15 2025] [ERROR] 拔矛，出血石余
[Thu Nov  6 15:44:15 2025] [FATAL] 拔矛，出血石余
[Thu Nov  6 15:44:15 2025] [WARN] 寐而惊悸，遂患阴肿
[Thu Nov  6 15:44:15 2025] [ERROR] 苌遂狂言，或曰
[Thu Nov  6 15:44:15 2025] [WARN] 臣苌，杀陛下者兄襄，非臣之罪
[Thu Nov  6 15:44:15 2025] [ERROR] 苌遂狂言，或曰
[Thu Nov  6 15:44:15 2025] [FATAL] 寐而惊悸，遂患阴肿
[Thu Nov  6 15:44:15 2025] [WARN] 臣苌，杀陛下者兄襄，非臣之罪
[Thu Nov  6 15:44:15 2025] [FATAL] 宫人迎苌刺鬼，误中苌阴
[Thu Nov  6 15:48:51 2025] [FATAL] --------------------------------
[Thu Nov  6 15:48:52 2025] [ERROR] 拔矛，出血石余
[Thu Nov  6 15:48:52 2025] [WARN] 寐而惊悸，遂患阴肿
[Thu Nov  6 15:48:52 2025] [ERROR] 苌遂狂言，或曰
[Thu Nov  6 15:48:52 2025] [FATAL] 拔矛，出血石余
[Thu Nov  6 15:48:52 2025] [FATAL] 寐而惊悸，遂患阴肿
[Thu Nov  6 15:48:52 2025] [ERROR] 苌遂狂言，或曰
[Thu Nov  6 15:48:52 2025] [WARN] 臣苌，杀陛下者兄襄，非臣之罪
[Thu Nov  6 15:48:52 2025] [FATAL] 宫人迎苌刺鬼，误中苌阴
[Thu Nov  6 15:48:52 2025] [WARN] 臣苌，杀陛下者兄襄，非臣之罪
[Thu Nov  6 15:48:52 2025] [FATAL] 宫人迎苌刺鬼，误中苌阴
